{"timestamp": "2025-12-06T22:28:07.949518+00:00", "level": "INFO", "logger": "gunicorn.access", "message": "10.228.24.89 - - [06/Dec/2025:22:28:07 +0000] \"GET /health/ HTTP/1.1\" 200 172 \"-\" \"Render/1.0\" 1057", "module": "glogging", "function": "access", "line": 362, "process_id": 117, "thread_id": 125546187101888}
{"timestamp": "2025-12-06T22:28:07.949618+00:00", "level": "INFO", "logger": "gunicorn.access", "message": "10.228.24.89 - - [06/Dec/2025:22:28:07 +0000] \"GET /health/ HTTP/1.1\" 200 172 \"-\" \"Render/1.0\" 1176", "module": "glogging", "function": "access", "line": 362, "process_id": 116, "thread_id": 125546187101888}
{"timestamp": "2025-12-06T22:28:12.949840+00:00", "level": "INFO", "logger": "gunicorn.access", "message": "10.228.24.89 - - [06/Dec/2025:22:28:12 +0000] \"GET /health/ HTTP/1.1\" 200 172 \"-\" \"Render/1.0\" 910", "module": "glogging", "function": "access", "line": 362, "process_id": 114, "thread_id": 125546187101888}
{"timestamp": "2025-12-06T22:28:17.252433+00:00", "level": "ERROR", "logger": "gunicorn.error", "message": "Error handling request /", "module": "glogging", "function": "exception", "line": 283, "process_id": 117, "thread_id": 125546168223424, "exception": {"type": "NoReverseMatch", "message": "Reverse for 'newsletter_subscribe' not found. 'newsletter_subscribe' is not a valid view function or pattern name.", "traceback": ["Traceback (most recent call last):\n", "  File \"/opt/render/project/src/.venv/lib/python3.11/site-packages/django/core/handlers/exception.py\", line 55, in inner\n    response = get_response(request)\n               ^^^^^^^^^^^^^^^^^^^^^\n", "  File \"/opt/render/project/src/.venv/lib/python3.11/site-packages/django/core/handlers/base.py\", line 197, in _get_response\n    response = wrapped_callback(request, *callback_args, **callback_kwargs)\n               ^^^^^^^^^^^^^^^^^^^^^^^^^^^^^^^^^^^^^^^^^^^^^^^^^^^^^^^^^^^^\n", "  File \"/opt/render/project/src/invoices/views.py\", line 37, in home\n    return render(request, \"pages/home.html\")\n           ^^^^^^^^^^^^^^^^^^^^^^^^^^^^^^^^^^\n", "  File \"/opt/render/project/src/.venv/lib/python3.11/site-packages/django/shortcuts.py\", line 25, in render\n    content = loader.render_to_string(template_name, context, request, using=using)\n              ^^^^^^^^^^^^^^^^^^^^^^^^^^^^^^^^^^^^^^^^^^^^^^^^^^^^^^^^^^^^^^^^^^^^^\n", "  File \"/opt/render/project/src/.venv/lib/python3.11/site-packages/django/template/loader.py\", line 62, in render_to_string\n    return template.render(context, request)\n           ^^^^^^^^^^^^^^^^^^^^^^^^^^^^^^^^^\n", "  File \"/opt/render/project/src/.venv/lib/python3.11/site-packages/django/template/backends/django.py\", line 107, in render\n    return self.template.render(context)\n           ^^^^^^^^^^^^^^^^^^^^^^^^^^^^^\n", "  File \"/opt/render/project/src/.venv/lib/python3.11/site-packages/django/template/base.py\", line 171, in render\n    return self._render(context)\n           ^^^^^^^^^^^^^^^^^^^^^\n", "  File \"/opt/render/project/src/.venv/lib/python3.11/site-packages/django/template/base.py\", line 163, in _render\n    return self.nodelist.render(context)\n           ^^^^^^^^^^^^^^^^^^^^^^^^^^^^^\n", "  File \"/opt/render/project/src/.venv/lib/python3.11/site-packages/django/template/base.py\", line 1016, in render\n    return SafeString(\"\".join([node.render_annotated(context) for node in self]))\n                              ^^^^^^^^^^^^^^^^^^^^^^^^^^^^^^^^^^^^^^^^^^^^^^^^^\n", "  File \"/opt/render/project/src/.venv/lib/python3.11/site-packages/django/template/base.py\", line 1016, in <listcomp>\n    return SafeString(\"\".join([node.render_annotated(context) for node in self]))\n                               ^^^^^^^^^^^^^^^^^^^^^^^^^^^^^^\n", "  File \"/opt/render/project/src/.venv/lib/python3.11/site-packages/django/template/base.py\", line 977, in render_annotated\n    return self.render(context)\n           ^^^^^^^^^^^^^^^^^^^^\n", "  File \"/opt/render/project/src/.venv/lib/python3.11/site-packages/django/template/loader_tags.py\", line 159, in render\n    return compiled_parent._render(context)\n           ^^^^^^^^^^^^^^^^^^^^^^^^^^^^^^^^\n", "  File \"/opt/render/project/src/.venv/lib/python3.11/site-packages/django/template/base.py\", line 163, in _render\n    return self.nodelist.render(context)\n           ^^^^^^^^^^^^^^^^^^^^^^^^^^^^^\n", "  File \"/opt/render/project/src/.venv/lib/python3.11/site-packages/django/template/base.py\", line 1016, in render\n    return SafeString(\"\".join([node.render_annotated(context) for node in self]))\n                              ^^^^^^^^^^^^^^^^^^^^^^^^^^^^^^^^^^^^^^^^^^^^^^^^^\n", "  File \"/opt/render/project/src/.venv/lib/python3.11/site-packages/django/template/base.py\", line 1016, in <listcomp>\n    return SafeString(\"\".join([node.render_annotated(context) for node in self]))\n                               ^^^^^^^^^^^^^^^^^^^^^^^^^^^^^^\n", "  File \"/opt/render/project/src/.venv/lib/python3.11/site-packages/django/template/base.py\", line 977, in render_annotated\n    return self.render(context)\n           ^^^^^^^^^^^^^^^^^^^^\n", "  File \"/opt/render/project/src/.venv/lib/python3.11/site-packages/django/template/loader_tags.py\", line 65, in render\n    result = block.nodelist.render(context)\n             ^^^^^^^^^^^^^^^^^^^^^^^^^^^^^^\n", "  File \"/opt/render/project/src/.venv/lib/python3.11/site-packages/django/template/base.py\", line 1016, in render\n    return SafeString(\"\".join([node.render_annotated(context) for node in self]))\n                              ^^^^^^^^^^^^^^^^^^^^^^^^^^^^^^^^^^^^^^^^^^^^^^^^^\n", "  File \"/opt/render/project/src/.venv/lib/python3.11/site-packages/django/template/base.py\", line 1016, in <listcomp>\n    return SafeString(\"\".join([node.render_annotated(context) for node in self]))\n                               ^^^^^^^^^^^^^^^^^^^^^^^^^^^^^^\n", "  File \"/opt/render/project/src/.venv/lib/python3.11/site-packages/django/template/base.py\", line 977, in render_annotated\n    return self.render(context)\n           ^^^^^^^^^^^^^^^^^^^^\n", "  File \"/opt/render/project/src/.venv/lib/python3.11/site-packages/django/template/defaulttags.py\", line 480, in render\n    url = reverse(view_name, args=args, kwargs=kwargs, current_app=current_app)\n          ^^^^^^^^^^^^^^^^^^^^^^^^^^^^^^^^^^^^^^^^^^^^^^^^^^^^^^^^^^^^^^^^^^^^^\n", "  File \"/opt/render/project/src/.venv/lib/python3.11/site-packages/django/urls/base.py\", line 98, in reverse\n    resolved_url = resolver._reverse_with_prefix(view, prefix, *args, **kwargs)\n                   ^^^^^^^^^^^^^^^^^^^^^^^^^^^^^^^^^^^^^^^^^^^^^^^^^^^^^^^^^^^^\n", "  File \"/opt/render/project/src/.venv/lib/python3.11/site-packages/django/urls/resolvers.py\", line 831, in _reverse_with_prefix\n    raise NoReverseMatch(msg)\n", "django.urls.exceptions.NoReverseMatch: Reverse for 'newsletter_subscribe' not found. 'newsletter_subscribe' is not a valid view function or pattern name.\n", "\nDuring handling of the above exception, another exception occurred:\n\n", "Traceback (most recent call last):\n", "  File \"/opt/render/project/src/.venv/lib/python3.11/site-packages/django/core/handlers/exception.py\", line 55, in inner\n    response = get_response(request)\n               ^^^^^^^^^^^^^^^^^^^^^\n", "  File \"/opt/render/project/src/.venv/lib/python3.11/site-packages/django/utils/deprecation.py\", line 120, in __call__\n    response = response or self.get_response(request)\n                           ^^^^^^^^^^^^^^^^^^^^^^^^^^\n", "  File \"/opt/render/project/src/.venv/lib/python3.11/site-packages/django/core/handlers/exception.py\", line 57, in inner\n    response = response_for_exception(request, exc)\n               ^^^^^^^^^^^^^^^^^^^^^^^^^^^^^^^^^^^^\n", "  File \"/opt/render/project/src/.venv/lib/python3.11/site-packages/django/core/handlers/exception.py\", line 141, in response_for_exception\n    response = handle_uncaught_exception(\n               ^^^^^^^^^^^^^^^^^^^^^^^^^^\n", "  File \"/opt/render/project/src/.venv/lib/python3.11/site-packages/django/core/handlers/exception.py\", line 186, in handle_uncaught_exception\n    return callback(request)\n           ^^^^^^^^^^^^^^^^^\n", "  File \"/opt/render/project/src/invoices/views.py\", line 1090, in custom_500\n    return render(request, \"errors/500.html\", status=500)\n           ^^^^^^^^^^^^^^^^^^^^^^^^^^^^^^^^^^^^^^^^^^^^^^\n", "  File \"/opt/render/project/src/.venv/lib/python3.11/site-packages/django/shortcuts.py\", line 25, in render\n    content = loader.render_to_string(template_name, context, request, using=using)\n              ^^^^^^^^^^^^^^^^^^^^^^^^^^^^^^^^^^^^^^^^^^^^^^^^^^^^^^^^^^^^^^^^^^^^^\n", "  File \"/opt/render/project/src/.venv/lib/python3.11/site-packages/django/template/loader.py\", line 62, in render_to_string\n    return template.render(context, request)\n           ^^^^^^^^^^^^^^^^^^^^^^^^^^^^^^^^^\n", "  File \"/opt/render/project/src/.venv/lib/python3.11/site-packages/django/template/backends/django.py\", line 107, in render\n    return self.template.render(context)\n           ^^^^^^^^^^^^^^^^^^^^^^^^^^^^^\n", "  File \"/opt/render/project/src/.venv/lib/python3.11/site-packages/django/template/base.py\", line 171, in render\n    return self._render(context)\n           ^^^^^^^^^^^^^^^^^^^^^\n", "  File \"/opt/render/project/src/.venv/lib/python3.11/site-packages/django/template/base.py\", line 163, in _render\n    return self.nodelist.render(context)\n           ^^^^^^^^^^^^^^^^^^^^^^^^^^^^^\n", "  File \"/opt/render/project/src/.venv/lib/python3.11/site-packages/django/template/base.py\", line 1016, in render\n    return SafeString(\"\".join([node.render_annotated(context) for node in self]))\n                              ^^^^^^^^^^^^^^^^^^^^^^^^^^^^^^^^^^^^^^^^^^^^^^^^^\n", "  File \"/opt/render/project/src/.venv/lib/python3.11/site-packages/django/template/base.py\", line 1016, in <listcomp>\n    return SafeString(\"\".join([node.render_annotated(context) for node in self]))\n                               ^^^^^^^^^^^^^^^^^^^^^^^^^^^^^^\n", "  File \"/opt/render/project/src/.venv/lib/python3.11/site-packages/django/template/base.py\", line 977, in render_annotated\n    return self.render(context)\n           ^^^^^^^^^^^^^^^^^^^^\n", "  File \"/opt/render/project/src/.venv/lib/python3.11/site-packages/django/template/loader_tags.py\", line 159, in render\n    return compiled_parent._render(context)\n           ^^^^^^^^^^^^^^^^^^^^^^^^^^^^^^^^\n", "  File \"/opt/render/project/src/.venv/lib/python3.11/site-packages/django/template/base.py\", line 163, in _render\n    return self.nodelist.render(context)\n           ^^^^^^^^^^^^^^^^^^^^^^^^^^^^^\n", "  File \"/opt/render/project/src/.venv/lib/python3.11/site-packages/django/template/base.py\", line 1016, in render\n    return SafeString(\"\".join([node.render_annotated(context) for node in self]))\n                              ^^^^^^^^^^^^^^^^^^^^^^^^^^^^^^^^^^^^^^^^^^^^^^^^^\n", "  File \"/opt/render/project/src/.venv/lib/python3.11/site-packages/django/template/base.py\", line 1016, in <listcomp>\n    return SafeString(\"\".join([node.render_annotated(context) for node in self]))\n                               ^^^^^^^^^^^^^^^^^^^^^^^^^^^^^^\n", "  File \"/opt/render/project/src/.venv/lib/python3.11/site-packages/django/template/base.py\", line 977, in render_annotated\n    return self.render(context)\n           ^^^^^^^^^^^^^^^^^^^^\n", "  File \"/opt/render/project/src/.venv/lib/python3.11/site-packages/django/template/loader_tags.py\", line 65, in render\n    result = block.nodelist.render(context)\n             ^^^^^^^^^^^^^^^^^^^^^^^^^^^^^^\n", "  File \"/opt/render/project/src/.venv/lib/python3.11/site-packages/django/template/base.py\", line 1016, in render\n    return SafeString(\"\".join([node.render_annotated(context) for node in self]))\n                              ^^^^^^^^^^^^^^^^^^^^^^^^^^^^^^^^^^^^^^^^^^^^^^^^^\n", "  File \"/opt/render/project/src/.venv/lib/python3.11/site-packages/django/template/base.py\", line 1016, in <listcomp>\n    return SafeString(\"\".join([node.render_annotated(context) for node in self]))\n                               ^^^^^^^^^^^^^^^^^^^^^^^^^^^^^^\n", "  File \"/opt/render/project/src/.venv/lib/python3.11/site-packages/django/template/base.py\", line 977, in render_annotated\n    return self.render(context)\n           ^^^^^^^^^^^^^^^^^^^^\n", "  File \"/opt/render/project/src/.venv/lib/python3.11/site-packages/django/template/defaulttags.py\", line 480, in render\n    url = reverse(view_name, args=args, kwargs=kwargs, current_app=current_app)\n          ^^^^^^^^^^^^^^^^^^^^^^^^^^^^^^^^^^^^^^^^^^^^^^^^^^^^^^^^^^^^^^^^^^^^^\n", "  File \"/opt/render/project/src/.venv/lib/python3.11/site-packages/django/urls/base.py\", line 98, in reverse\n    resolved_url = resolver._reverse_with_prefix(view, prefix, *args, **kwargs)\n                   ^^^^^^^^^^^^^^^^^^^^^^^^^^^^^^^^^^^^^^^^^^^^^^^^^^^^^^^^^^^^\n", "  File \"/opt/render/project/src/.venv/lib/python3.11/site-packages/django/urls/resolvers.py\", line 831, in _reverse_with_prefix\n    raise NoReverseMatch(msg)\n", "django.urls.exceptions.NoReverseMatch: Reverse for 'newsletter_subscribe' not found. 'newsletter_subscribe' is not a valid view function or pattern name.\n", "\nDuring handling of the above exception, another exception occurred:\n\n", "Traceback (most recent call last):\n", "  File \"/opt/render/project/src/.venv/lib/python3.11/site-packages/django/core/handlers/exception.py\", line 55, in inner\n    response = get_response(request)\n               ^^^^^^^^^^^^^^^^^^^^^\n", "  File \"/opt/render/project/src/.venv/lib/python3.11/site-packages/django/utils/deprecation.py\", line 120, in __call__\n    response = response or self.get_response(request)\n                           ^^^^^^^^^^^^^^^^^^^^^^^^^^\n", "  File \"/opt/render/project/src/.venv/lib/python3.11/site-packages/django/core/handlers/exception.py\", line 57, in inner\n    response = response_for_exception(request, exc)\n               ^^^^^^^^^^^^^^^^^^^^^^^^^^^^^^^^^^^^\n", "  File \"/opt/render/project/src/.venv/lib/python3.11/site-packages/django/core/handlers/exception.py\", line 141, in response_for_exception\n    response = handle_uncaught_exception(\n               ^^^^^^^^^^^^^^^^^^^^^^^^^^\n", "  File \"/opt/render/project/src/.venv/lib/python3.11/site-packages/django/core/handlers/exception.py\", line 186, in handle_uncaught_exception\n    return callback(request)\n           ^^^^^^^^^^^^^^^^^\n", "  File \"/opt/render/project/src/invoices/views.py\", line 1090, in custom_500\n    return render(request, \"errors/500.html\", status=500)\n           ^^^^^^^^^^^^^^^^^^^^^^^^^^^^^^^^^^^^^^^^^^^^^^\n", "  File \"/opt/render/project/src/.venv/lib/python3.11/site-packages/django/shortcuts.py\", line 25, in render\n    content = loader.render_to_string(template_name, context, request, using=using)\n              ^^^^^^^^^^^^^^^^^^^^^^^^^^^^^^^^^^^^^^^^^^^^^^^^^^^^^^^^^^^^^^^^^^^^^\n", "  File \"/opt/render/project/src/.venv/lib/python3.11/site-packages/django/template/loader.py\", line 62, in render_to_string\n    return template.render(context, request)\n           ^^^^^^^^^^^^^^^^^^^^^^^^^^^^^^^^^\n", "  File \"/opt/render/project/src/.venv/lib/python3.11/site-packages/django/template/backends/django.py\", line 107, in render\n    return self.template.render(context)\n           ^^^^^^^^^^^^^^^^^^^^^^^^^^^^^\n", "  File \"/opt/render/project/src/.venv/lib/python3.11/site-packages/django/template/base.py\", line 171, in render\n    return self._render(context)\n           ^^^^^^^^^^^^^^^^^^^^^\n", "  File \"/opt/render/project/src/.venv/lib/python3.11/site-packages/django/template/base.py\", line 163, in _render\n    return self.nodelist.render(context)\n           ^^^^^^^^^^^^^^^^^^^^^^^^^^^^^\n", "  File \"/opt/render/project/src/.venv/lib/python3.11/site-packages/django/template/base.py\", line 1016, in render\n    return SafeString(\"\".join([node.render_annotated(context) for node in self]))\n                              ^^^^^^^^^^^^^^^^^^^^^^^^^^^^^^^^^^^^^^^^^^^^^^^^^\n", "  File \"/opt/render/project/src/.venv/lib/python3.11/site-packages/django/template/base.py\", line 1016, in <listcomp>\n    return SafeString(\"\".join([node.render_annotated(context) for node in self]))\n                               ^^^^^^^^^^^^^^^^^^^^^^^^^^^^^^\n", "  File \"/opt/render/project/src/.venv/lib/python3.11/site-packages/django/template/base.py\", line 977, in render_annotated\n    return self.render(context)\n           ^^^^^^^^^^^^^^^^^^^^\n", "  File \"/opt/render/project/src/.venv/lib/python3.11/site-packages/django/template/loader_tags.py\", line 159, in render\n    return compiled_parent._render(context)\n           ^^^^^^^^^^^^^^^^^^^^^^^^^^^^^^^^\n", "  File \"/opt/render/project/src/.venv/lib/python3.11/site-packages/django/template/base.py\", line 163, in _render\n    return self.nodelist.render(context)\n           ^^^^^^^^^^^^^^^^^^^^^^^^^^^^^\n", "  File \"/opt/render/project/src/.venv/lib/python3.11/site-packages/django/template/base.py\", line 1016, in render\n    return SafeString(\"\".join([node.render_annotated(context) for node in self]))\n                              ^^^^^^^^^^^^^^^^^^^^^^^^^^^^^^^^^^^^^^^^^^^^^^^^^\n", "  File \"/opt/render/project/src/.venv/lib/python3.11/site-packages/django/template/base.py\", line 1016, in <listcomp>\n    return SafeString(\"\".join([node.render_annotated(context) for node in self]))\n                               ^^^^^^^^^^^^^^^^^^^^^^^^^^^^^^\n", "  File \"/opt/render/project/src/.venv/lib/python3.11/site-packages/django/template/base.py\", line 977, in render_annotated\n    return self.render(context)\n           ^^^^^^^^^^^^^^^^^^^^\n", "  File \"/opt/render/project/src/.venv/lib/python3.11/site-packages/django/template/loader_tags.py\", line 65, in render\n    result = block.nodelist.render(context)\n             ^^^^^^^^^^^^^^^^^^^^^^^^^^^^^^\n", "  File \"/opt/render/project/src/.venv/lib/python3.11/site-packages/django/template/base.py\", line 1016, in render\n    return SafeString(\"\".join([node.render_annotated(context) for node in self]))\n                              ^^^^^^^^^^^^^^^^^^^^^^^^^^^^^^^^^^^^^^^^^^^^^^^^^\n", "  File \"/opt/render/project/src/.venv/lib/python3.11/site-packages/django/template/base.py\", line 1016, in <listcomp>\n    return SafeString(\"\".join([node.render_annotated(context) for node in self]))\n                               ^^^^^^^^^^^^^^^^^^^^^^^^^^^^^^\n", "  File \"/opt/render/project/src/.venv/lib/python3.11/site-packages/django/template/base.py\", line 977, in render_annotated\n    return self.render(context)\n           ^^^^^^^^^^^^^^^^^^^^\n", "  File \"/opt/render/project/src/.venv/lib/python3.11/site-packages/django/template/defaulttags.py\", line 480, in render\n    url = reverse(view_name, args=args, kwargs=kwargs, current_app=current_app)\n          ^^^^^^^^^^^^^^^^^^^^^^^^^^^^^^^^^^^^^^^^^^^^^^^^^^^^^^^^^^^^^^^^^^^^^\n", "  File \"/opt/render/project/src/.venv/lib/python3.11/site-packages/django/urls/base.py\", line 98, in reverse\n    resolved_url = resolver._reverse_with_prefix(view, prefix, *args, **kwargs)\n                   ^^^^^^^^^^^^^^^^^^^^^^^^^^^^^^^^^^^^^^^^^^^^^^^^^^^^^^^^^^^^\n", "  File \"/opt/render/project/src/.venv/lib/python3.11/site-packages/django/urls/resolvers.py\", line 831, in _reverse_with_prefix\n    raise NoReverseMatch(msg)\n", "django.urls.exceptions.NoReverseMatch: Reverse for 'newsletter_subscribe' not found. 'newsletter_subscribe' is not a valid view function or pattern name.\n", "\nDuring handling of the above exception, another exception occurred:\n\n", "Traceback (most recent call last):\n", "  File \"/opt/render/project/src/.venv/lib/python3.11/site-packages/django/core/handlers/exception.py\", line 55, in inner\n    response = get_response(request)\n               ^^^^^^^^^^^^^^^^^^^^^\n", "  File \"/opt/render/project/src/invoiceflow/unified_middleware.py\", line 460, in __call__\n    response = self.get_response(request)\n               ^^^^^^^^^^^^^^^^^^^^^^^^^^\n", "  File \"/opt/render/project/src/.venv/lib/python3.11/site-packages/django/core/handlers/exception.py\", line 57, in inner\n    response = response_for_exception(request, exc)\n               ^^^^^^^^^^^^^^^^^^^^^^^^^^^^^^^^^^^^\n", "  File \"/opt/render/project/src/.venv/lib/python3.11/site-packages/django/core/handlers/exception.py\", line 141, in response_for_exception\n    response = handle_uncaught_exception(\n               ^^^^^^^^^^^^^^^^^^^^^^^^^^\n", "  File \"/opt/render/project/src/.venv/lib/python3.11/site-packages/django/core/handlers/exception.py\", line 186, in handle_uncaught_exception\n    return callback(request)\n           ^^^^^^^^^^^^^^^^^\n", "  File \"/opt/render/project/src/invoices/views.py\", line 1090, in custom_500\n    return render(request, \"errors/500.html\", status=500)\n           ^^^^^^^^^^^^^^^^^^^^^^^^^^^^^^^^^^^^^^^^^^^^^^\n", "  File \"/opt/render/project/src/.venv/lib/python3.11/site-packages/django/shortcuts.py\", line 25, in render\n    content = loader.render_to_string(template_name, context, request, using=using)\n              ^^^^^^^^^^^^^^^^^^^^^^^^^^^^^^^^^^^^^^^^^^^^^^^^^^^^^^^^^^^^^^^^^^^^^\n", "  File \"/opt/render/project/src/.venv/lib/python3.11/site-packages/django/template/loader.py\", line 62, in render_to_string\n    return template.render(context, request)\n           ^^^^^^^^^^^^^^^^^^^^^^^^^^^^^^^^^\n", "  File \"/opt/render/project/src/.venv/lib/python3.11/site-packages/django/template/backends/django.py\", line 107, in render\n    return self.template.render(context)\n           ^^^^^^^^^^^^^^^^^^^^^^^^^^^^^\n", "  File \"/opt/render/project/src/.venv/lib/python3.11/site-packages/django/template/base.py\", line 171, in render\n    return self._render(context)\n           ^^^^^^^^^^^^^^^^^^^^^\n", "  File \"/opt/render/project/src/.venv/lib/python3.11/site-packages/django/template/base.py\", line 163, in _render\n    return self.nodelist.render(context)\n           ^^^^^^^^^^^^^^^^^^^^^^^^^^^^^\n", "  File \"/opt/render/project/src/.venv/lib/python3.11/site-packages/django/template/base.py\", line 1016, in render\n    return SafeString(\"\".join([node.render_annotated(context) for node in self]))\n                              ^^^^^^^^^^^^^^^^^^^^^^^^^^^^^^^^^^^^^^^^^^^^^^^^^\n", "  File \"/opt/render/project/src/.venv/lib/python3.11/site-packages/django/template/base.py\", line 1016, in <listcomp>\n    return SafeString(\"\".join([node.render_annotated(context) for node in self]))\n                               ^^^^^^^^^^^^^^^^^^^^^^^^^^^^^^\n", "  File \"/opt/render/project/src/.venv/lib/python3.11/site-packages/django/template/base.py\", line 977, in render_annotated\n    return self.render(context)\n           ^^^^^^^^^^^^^^^^^^^^\n", "  File \"/opt/render/project/src/.venv/lib/python3.11/site-packages/django/template/loader_tags.py\", line 159, in render\n    return compiled_parent._render(context)\n           ^^^^^^^^^^^^^^^^^^^^^^^^^^^^^^^^\n", "  File \"/opt/render/project/src/.venv/lib/python3.11/site-packages/django/template/base.py\", line 163, in _render\n    return self.nodelist.render(context)\n           ^^^^^^^^^^^^^^^^^^^^^^^^^^^^^\n", "  File \"/opt/render/project/src/.venv/lib/python3.11/site-packages/django/template/base.py\", line 1016, in render\n    return SafeString(\"\".join([node.render_annotated(context) for node in self]))\n                              ^^^^^^^^^^^^^^^^^^^^^^^^^^^^^^^^^^^^^^^^^^^^^^^^^\n", "  File \"/opt/render/project/src/.venv/lib/python3.11/site-packages/django/template/base.py\", line 1016, in <listcomp>\n    return SafeString(\"\".join([node.render_annotated(context) for node in self]))\n                               ^^^^^^^^^^^^^^^^^^^^^^^^^^^^^^\n", "  File \"/opt/render/project/src/.venv/lib/python3.11/site-packages/django/template/base.py\", line 977, in render_annotated\n    return self.render(context)\n           ^^^^^^^^^^^^^^^^^^^^\n", "  File \"/opt/render/project/src/.venv/lib/python3.11/site-packages/django/template/loader_tags.py\", line 65, in render\n    result = block.nodelist.render(context)\n             ^^^^^^^^^^^^^^^^^^^^^^^^^^^^^^\n", "  File \"/opt/render/project/src/.venv/lib/python3.11/site-packages/django/template/base.py\", line 1016, in render\n    return SafeString(\"\".join([node.render_annotated(context) for node in self]))\n                              ^^^^^^^^^^^^^^^^^^^^^^^^^^^^^^^^^^^^^^^^^^^^^^^^^\n", "  File \"/opt/render/project/src/.venv/lib/python3.11/site-packages/django/template/base.py\", line 1016, in <listcomp>\n    return SafeString(\"\".join([node.render_annotated(context) for node in self]))\n                               ^^^^^^^^^^^^^^^^^^^^^^^^^^^^^^\n", "  File \"/opt/render/project/src/.venv/lib/python3.11/site-packages/django/template/base.py\", line 977, in render_annotated\n    return self.render(context)\n           ^^^^^^^^^^^^^^^^^^^^\n", "  File \"/opt/render/project/src/.venv/lib/python3.11/site-packages/django/template/defaulttags.py\", line 480, in render\n    url = reverse(view_name, args=args, kwargs=kwargs, current_app=current_app)\n          ^^^^^^^^^^^^^^^^^^^^^^^^^^^^^^^^^^^^^^^^^^^^^^^^^^^^^^^^^^^^^^^^^^^^^\n", "  File \"/opt/render/project/src/.venv/lib/python3.11/site-packages/django/urls/base.py\", line 98, in reverse\n    resolved_url = resolver._reverse_with_prefix(view, prefix, *args, **kwargs)\n                   ^^^^^^^^^^^^^^^^^^^^^^^^^^^^^^^^^^^^^^^^^^^^^^^^^^^^^^^^^^^^\n", "  File \"/opt/render/project/src/.venv/lib/python3.11/site-packages/django/urls/resolvers.py\", line 831, in _reverse_with_prefix\n    raise NoReverseMatch(msg)\n", "django.urls.exceptions.NoReverseMatch: Reverse for 'newsletter_subscribe' not found. 'newsletter_subscribe' is not a valid view function or pattern name.\n", "\nDuring handling of the above exception, another exception occurred:\n\n", "Traceback (most recent call last):\n", "  File \"/opt/render/project/src/.venv/lib/python3.11/site-packages/django/core/handlers/exception.py\", line 55, in inner\n    response = get_response(request)\n               ^^^^^^^^^^^^^^^^^^^^^\n", "  File \"/opt/render/project/src/.venv/lib/python3.11/site-packages/django/utils/deprecation.py\", line 120, in __call__\n    response = response or self.get_response(request)\n                           ^^^^^^^^^^^^^^^^^^^^^^^^^^\n", "  File \"/opt/render/project/src/.venv/lib/python3.11/site-packages/django/core/handlers/exception.py\", line 57, in inner\n    response = response_for_exception(request, exc)\n               ^^^^^^^^^^^^^^^^^^^^^^^^^^^^^^^^^^^^\n", "  File \"/opt/render/project/src/.venv/lib/python3.11/site-packages/django/core/handlers/exception.py\", line 141, in response_for_exception\n    response = handle_uncaught_exception(\n               ^^^^^^^^^^^^^^^^^^^^^^^^^^\n", "  File \"/opt/render/project/src/.venv/lib/python3.11/site-packages/django/core/handlers/exception.py\", line 186, in handle_uncaught_exception\n    return callback(request)\n           ^^^^^^^^^^^^^^^^^\n", "  File \"/opt/render/project/src/invoices/views.py\", line 1090, in custom_500\n    return render(request, \"errors/500.html\", status=500)\n           ^^^^^^^^^^^^^^^^^^^^^^^^^^^^^^^^^^^^^^^^^^^^^^\n", "  File \"/opt/render/project/src/.venv/lib/python3.11/site-packages/django/shortcuts.py\", line 25, in render\n    content = loader.render_to_string(template_name, context, request, using=using)\n              ^^^^^^^^^^^^^^^^^^^^^^^^^^^^^^^^^^^^^^^^^^^^^^^^^^^^^^^^^^^^^^^^^^^^^\n", "  File \"/opt/render/project/src/.venv/lib/python3.11/site-packages/django/template/loader.py\", line 62, in render_to_string\n    return template.render(context, request)\n           ^^^^^^^^^^^^^^^^^^^^^^^^^^^^^^^^^\n", "  File \"/opt/render/project/src/.venv/lib/python3.11/site-packages/django/template/backends/django.py\", line 107, in render\n    return self.template.render(context)\n           ^^^^^^^^^^^^^^^^^^^^^^^^^^^^^\n", "  File \"/opt/render/project/src/.venv/lib/python3.11/site-packages/django/template/base.py\", line 171, in render\n    return self._render(context)\n           ^^^^^^^^^^^^^^^^^^^^^\n", "  File \"/opt/render/project/src/.venv/lib/python3.11/site-packages/django/template/base.py\", line 163, in _render\n    return self.nodelist.render(context)\n           ^^^^^^^^^^^^^^^^^^^^^^^^^^^^^\n", "  File \"/opt/render/project/src/.venv/lib/python3.11/site-packages/django/template/base.py\", line 1016, in render\n    return SafeString(\"\".join([node.render_annotated(context) for node in self]))\n                              ^^^^^^^^^^^^^^^^^^^^^^^^^^^^^^^^^^^^^^^^^^^^^^^^^\n", "  File \"/opt/render/project/src/.venv/lib/python3.11/site-packages/django/template/base.py\", line 1016, in <listcomp>\n    return SafeString(\"\".join([node.render_annotated(context) for node in self]))\n                               ^^^^^^^^^^^^^^^^^^^^^^^^^^^^^^\n", "  File \"/opt/render/project/src/.venv/lib/python3.11/site-packages/django/template/base.py\", line 977, in render_annotated\n    return self.render(context)\n           ^^^^^^^^^^^^^^^^^^^^\n", "  File \"/opt/render/project/src/.venv/lib/python3.11/site-packages/django/template/loader_tags.py\", line 159, in render\n    return compiled_parent._render(context)\n           ^^^^^^^^^^^^^^^^^^^^^^^^^^^^^^^^\n", "  File \"/opt/render/project/src/.venv/lib/python3.11/site-packages/django/template/base.py\", line 163, in _render\n    return self.nodelist.render(context)\n           ^^^^^^^^^^^^^^^^^^^^^^^^^^^^^\n", "  File \"/opt/render/project/src/.venv/lib/python3.11/site-packages/django/template/base.py\", line 1016, in render\n    return SafeString(\"\".join([node.render_annotated(context) for node in self]))\n                              ^^^^^^^^^^^^^^^^^^^^^^^^^^^^^^^^^^^^^^^^^^^^^^^^^\n", "  File \"/opt/render/project/src/.venv/lib/python3.11/site-packages/django/template/base.py\", line 1016, in <listcomp>\n    return SafeString(\"\".join([node.render_annotated(context) for node in self]))\n                               ^^^^^^^^^^^^^^^^^^^^^^^^^^^^^^\n", "  File \"/opt/render/project/src/.venv/lib/python3.11/site-packages/django/template/base.py\", line 977, in render_annotated\n    return self.render(context)\n           ^^^^^^^^^^^^^^^^^^^^\n", "  File \"/opt/render/project/src/.venv/lib/python3.11/site-packages/django/template/loader_tags.py\", line 65, in render\n    result = block.nodelist.render(context)\n             ^^^^^^^^^^^^^^^^^^^^^^^^^^^^^^\n", "  File \"/opt/render/project/src/.venv/lib/python3.11/site-packages/django/template/base.py\", line 1016, in render\n    return SafeString(\"\".join([node.render_annotated(context) for node in self]))\n                              ^^^^^^^^^^^^^^^^^^^^^^^^^^^^^^^^^^^^^^^^^^^^^^^^^\n", "  File \"/opt/render/project/src/.venv/lib/python3.11/site-packages/django/template/base.py\", line 1016, in <listcomp>\n    return SafeString(\"\".join([node.render_annotated(context) for node in self]))\n                               ^^^^^^^^^^^^^^^^^^^^^^^^^^^^^^\n", "  File \"/opt/render/project/src/.venv/lib/python3.11/site-packages/django/template/base.py\", line 977, in render_annotated\n    return self.render(context)\n           ^^^^^^^^^^^^^^^^^^^^\n", "  File \"/opt/render/project/src/.venv/lib/python3.11/site-packages/django/template/defaulttags.py\", line 480, in render\n    url = reverse(view_name, args=args, kwargs=kwargs, current_app=current_app)\n          ^^^^^^^^^^^^^^^^^^^^^^^^^^^^^^^^^^^^^^^^^^^^^^^^^^^^^^^^^^^^^^^^^^^^^\n", "  File \"/opt/render/project/src/.venv/lib/python3.11/site-packages/django/urls/base.py\", line 98, in reverse\n    resolved_url = resolver._reverse_with_prefix(view, prefix, *args, **kwargs)\n                   ^^^^^^^^^^^^^^^^^^^^^^^^^^^^^^^^^^^^^^^^^^^^^^^^^^^^^^^^^^^^\n", "  File \"/opt/render/project/src/.venv/lib/python3.11/site-packages/django/urls/resolvers.py\", line 831, in _reverse_with_prefix\n    raise NoReverseMatch(msg)\n", "django.urls.exceptions.NoReverseMatch: Reverse for 'newsletter_subscribe' not found. 'newsletter_subscribe' is not a valid view function or pattern name.\n", "\nDuring handling of the above exception, another exception occurred:\n\n", "Traceback (most recent call last):\n", "  File \"/opt/render/project/src/.venv/lib/python3.11/site-packages/django/core/handlers/exception.py\", line 55, in inner\n    response = get_response(request)\n               ^^^^^^^^^^^^^^^^^^^^^\n", "  File \"/opt/render/project/src/.venv/lib/python3.11/site-packages/django/utils/deprecation.py\", line 120, in __call__\n    response = response or self.get_response(request)\n                           ^^^^^^^^^^^^^^^^^^^^^^^^^^\n", "  File \"/opt/render/project/src/.venv/lib/python3.11/site-packages/django/core/handlers/exception.py\", line 57, in inner\n    response = response_for_exception(request, exc)\n               ^^^^^^^^^^^^^^^^^^^^^^^^^^^^^^^^^^^^\n", "  File \"/opt/render/project/src/.venv/lib/python3.11/site-packages/django/core/handlers/exception.py\", line 141, in response_for_exception\n    response = handle_uncaught_exception(\n               ^^^^^^^^^^^^^^^^^^^^^^^^^^\n", "  File \"/opt/render/project/src/.venv/lib/python3.11/site-packages/django/core/handlers/exception.py\", line 186, in handle_uncaught_exception\n    return callback(request)\n           ^^^^^^^^^^^^^^^^^\n", "  File \"/opt/render/project/src/invoices/views.py\", line 1090, in custom_500\n    return render(request, \"errors/500.html\", status=500)\n           ^^^^^^^^^^^^^^^^^^^^^^^^^^^^^^^^^^^^^^^^^^^^^^\n", "  File \"/opt/render/project/src/.venv/lib/python3.11/site-packages/django/shortcuts.py\", line 25, in render\n    content = loader.render_to_string(template_name, context, request, using=using)\n              ^^^^^^^^^^^^^^^^^^^^^^^^^^^^^^^^^^^^^^^^^^^^^^^^^^^^^^^^^^^^^^^^^^^^^\n", "  File \"/opt/render/project/src/.venv/lib/python3.11/site-packages/django/template/loader.py\", line 62, in render_to_string\n    return template.render(context, request)\n           ^^^^^^^^^^^^^^^^^^^^^^^^^^^^^^^^^\n", "  File \"/opt/render/project/src/.venv/lib/python3.11/site-packages/django/template/backends/django.py\", line 107, in render\n    return self.template.render(context)\n           ^^^^^^^^^^^^^^^^^^^^^^^^^^^^^\n", "  File \"/opt/render/project/src/.venv/lib/python3.11/site-packages/django/template/base.py\", line 171, in render\n    return self._render(context)\n           ^^^^^^^^^^^^^^^^^^^^^\n", "  File \"/opt/render/project/src/.venv/lib/python3.11/site-packages/django/template/base.py\", line 163, in _render\n    return self.nodelist.render(context)\n           ^^^^^^^^^^^^^^^^^^^^^^^^^^^^^\n", "  File \"/opt/render/project/src/.venv/lib/python3.11/site-packages/django/template/base.py\", line 1016, in render\n    return SafeString(\"\".join([node.render_annotated(context) for node in self]))\n                              ^^^^^^^^^^^^^^^^^^^^^^^^^^^^^^^^^^^^^^^^^^^^^^^^^\n", "  File \"/opt/render/project/src/.venv/lib/python3.11/site-packages/django/template/base.py\", line 1016, in <listcomp>\n    return SafeString(\"\".join([node.render_annotated(context) for node in self]))\n                               ^^^^^^^^^^^^^^^^^^^^^^^^^^^^^^\n", "  File \"/opt/render/project/src/.venv/lib/python3.11/site-packages/django/template/base.py\", line 977, in render_annotated\n    return self.render(context)\n           ^^^^^^^^^^^^^^^^^^^^\n", "  File \"/opt/render/project/src/.venv/lib/python3.11/site-packages/django/template/loader_tags.py\", line 159, in render\n    return compiled_parent._render(context)\n           ^^^^^^^^^^^^^^^^^^^^^^^^^^^^^^^^\n", "  File \"/opt/render/project/src/.venv/lib/python3.11/site-packages/django/template/base.py\", line 163, in _render\n    return self.nodelist.render(context)\n           ^^^^^^^^^^^^^^^^^^^^^^^^^^^^^\n", "  File \"/opt/render/project/src/.venv/lib/python3.11/site-packages/django/template/base.py\", line 1016, in render\n    return SafeString(\"\".join([node.render_annotated(context) for node in self]))\n                              ^^^^^^^^^^^^^^^^^^^^^^^^^^^^^^^^^^^^^^^^^^^^^^^^^\n", "  File \"/opt/render/project/src/.venv/lib/python3.11/site-packages/django/template/base.py\", line 1016, in <listcomp>\n    return SafeString(\"\".join([node.render_annotated(context) for node in self]))\n                               ^^^^^^^^^^^^^^^^^^^^^^^^^^^^^^\n", "  File \"/opt/render/project/src/.venv/lib/python3.11/site-packages/django/template/base.py\", line 977, in render_annotated\n    return self.render(context)\n           ^^^^^^^^^^^^^^^^^^^^\n", "  File \"/opt/render/project/src/.venv/lib/python3.11/site-packages/django/template/loader_tags.py\", line 65, in render\n    result = block.nodelist.render(context)\n             ^^^^^^^^^^^^^^^^^^^^^^^^^^^^^^\n", "  File \"/opt/render/project/src/.venv/lib/python3.11/site-packages/django/template/base.py\", line 1016, in render\n    return SafeString(\"\".join([node.render_annotated(context) for node in self]))\n                              ^^^^^^^^^^^^^^^^^^^^^^^^^^^^^^^^^^^^^^^^^^^^^^^^^\n", "  File \"/opt/render/project/src/.venv/lib/python3.11/site-packages/django/template/base.py\", line 1016, in <listcomp>\n    return SafeString(\"\".join([node.render_annotated(context) for node in self]))\n                               ^^^^^^^^^^^^^^^^^^^^^^^^^^^^^^\n", "  File \"/opt/render/project/src/.venv/lib/python3.11/site-packages/django/template/base.py\", line 977, in render_annotated\n    return self.render(context)\n           ^^^^^^^^^^^^^^^^^^^^\n", "  File \"/opt/render/project/src/.venv/lib/python3.11/site-packages/django/template/defaulttags.py\", line 480, in render\n    url = reverse(view_name, args=args, kwargs=kwargs, current_app=current_app)\n          ^^^^^^^^^^^^^^^^^^^^^^^^^^^^^^^^^^^^^^^^^^^^^^^^^^^^^^^^^^^^^^^^^^^^^\n", "  File \"/opt/render/project/src/.venv/lib/python3.11/site-packages/django/urls/base.py\", line 98, in reverse\n    resolved_url = resolver._reverse_with_prefix(view, prefix, *args, **kwargs)\n                   ^^^^^^^^^^^^^^^^^^^^^^^^^^^^^^^^^^^^^^^^^^^^^^^^^^^^^^^^^^^^\n", "  File \"/opt/render/project/src/.venv/lib/python3.11/site-packages/django/urls/resolvers.py\", line 831, in _reverse_with_prefix\n    raise NoReverseMatch(msg)\n", "django.urls.exceptions.NoReverseMatch: Reverse for 'newsletter_subscribe' not found. 'newsletter_subscribe' is not a valid view function or pattern name.\n", "\nDuring handling of the above exception, another exception occurred:\n\n", "Traceback (most recent call last):\n", "  File \"/opt/render/project/src/.venv/lib/python3.11/site-packages/django/core/handlers/exception.py\", line 55, in inner\n    response = get_response(request)\n               ^^^^^^^^^^^^^^^^^^^^^\n", "  File \"/opt/render/project/src/.venv/lib/python3.11/site-packages/django/utils/deprecation.py\", line 120, in __call__\n    response = response or self.get_response(request)\n                           ^^^^^^^^^^^^^^^^^^^^^^^^^^\n", "  File \"/opt/render/project/src/.venv/lib/python3.11/site-packages/django/core/handlers/exception.py\", line 57, in inner\n    response = response_for_exception(request, exc)\n               ^^^^^^^^^^^^^^^^^^^^^^^^^^^^^^^^^^^^\n", "  File \"/opt/render/project/src/.venv/lib/python3.11/site-packages/django/core/handlers/exception.py\", line 141, in response_for_exception\n    response = handle_uncaught_exception(\n               ^^^^^^^^^^^^^^^^^^^^^^^^^^\n", "  File \"/opt/render/project/src/.venv/lib/python3.11/site-packages/django/core/handlers/exception.py\", line 186, in handle_uncaught_exception\n    return callback(request)\n           ^^^^^^^^^^^^^^^^^\n", "  File \"/opt/render/project/src/invoices/views.py\", line 1090, in custom_500\n    return render(request, \"errors/500.html\", status=500)\n           ^^^^^^^^^^^^^^^^^^^^^^^^^^^^^^^^^^^^^^^^^^^^^^\n", "  File \"/opt/render/project/src/.venv/lib/python3.11/site-packages/django/shortcuts.py\", line 25, in render\n    content = loader.render_to_string(template_name, context, request, using=using)\n              ^^^^^^^^^^^^^^^^^^^^^^^^^^^^^^^^^^^^^^^^^^^^^^^^^^^^^^^^^^^^^^^^^^^^^\n", "  File \"/opt/render/project/src/.venv/lib/python3.11/site-packages/django/template/loader.py\", line 62, in render_to_string\n    return template.render(context, request)\n           ^^^^^^^^^^^^^^^^^^^^^^^^^^^^^^^^^\n", "  File \"/opt/render/project/src/.venv/lib/python3.11/site-packages/django/template/backends/django.py\", line 107, in render\n    return self.template.render(context)\n           ^^^^^^^^^^^^^^^^^^^^^^^^^^^^^\n", "  File \"/opt/render/project/src/.venv/lib/python3.11/site-packages/django/template/base.py\", line 171, in render\n    return self._render(context)\n           ^^^^^^^^^^^^^^^^^^^^^\n", "  File \"/opt/render/project/src/.venv/lib/python3.11/site-packages/django/template/base.py\", line 163, in _render\n    return self.nodelist.render(context)\n           ^^^^^^^^^^^^^^^^^^^^^^^^^^^^^\n", "  File \"/opt/render/project/src/.venv/lib/python3.11/site-packages/django/template/base.py\", line 1016, in render\n    return SafeString(\"\".join([node.render_annotated(context) for node in self]))\n                              ^^^^^^^^^^^^^^^^^^^^^^^^^^^^^^^^^^^^^^^^^^^^^^^^^\n", "  File \"/opt/render/project/src/.venv/lib/python3.11/site-packages/django/template/base.py\", line 1016, in <listcomp>\n    return SafeString(\"\".join([node.render_annotated(context) for node in self]))\n                               ^^^^^^^^^^^^^^^^^^^^^^^^^^^^^^\n", "  File \"/opt/render/project/src/.venv/lib/python3.11/site-packages/django/template/base.py\", line 977, in render_annotated\n    return self.render(context)\n           ^^^^^^^^^^^^^^^^^^^^\n", "  File \"/opt/render/project/src/.venv/lib/python3.11/site-packages/django/template/loader_tags.py\", line 159, in render\n    return compiled_parent._render(context)\n           ^^^^^^^^^^^^^^^^^^^^^^^^^^^^^^^^\n", "  File \"/opt/render/project/src/.venv/lib/python3.11/site-packages/django/template/base.py\", line 163, in _render\n    return self.nodelist.render(context)\n           ^^^^^^^^^^^^^^^^^^^^^^^^^^^^^\n", "  File \"/opt/render/project/src/.venv/lib/python3.11/site-packages/django/template/base.py\", line 1016, in render\n    return SafeString(\"\".join([node.render_annotated(context) for node in self]))\n                              ^^^^^^^^^^^^^^^^^^^^^^^^^^^^^^^^^^^^^^^^^^^^^^^^^\n", "  File \"/opt/render/project/src/.venv/lib/python3.11/site-packages/django/template/base.py\", line 1016, in <listcomp>\n    return SafeString(\"\".join([node.render_annotated(context) for node in self]))\n                               ^^^^^^^^^^^^^^^^^^^^^^^^^^^^^^\n", "  File \"/opt/render/project/src/.venv/lib/python3.11/site-packages/django/template/base.py\", line 977, in render_annotated\n    return self.render(context)\n           ^^^^^^^^^^^^^^^^^^^^\n", "  File \"/opt/render/project/src/.venv/lib/python3.11/site-packages/django/template/loader_tags.py\", line 65, in render\n    result = block.nodelist.render(context)\n             ^^^^^^^^^^^^^^^^^^^^^^^^^^^^^^\n", "  File \"/opt/render/project/src/.venv/lib/python3.11/site-packages/django/template/base.py\", line 1016, in render\n    return SafeString(\"\".join([node.render_annotated(context) for node in self]))\n                              ^^^^^^^^^^^^^^^^^^^^^^^^^^^^^^^^^^^^^^^^^^^^^^^^^\n", "  File \"/opt/render/project/src/.venv/lib/python3.11/site-packages/django/template/base.py\", line 1016, in <listcomp>\n    return SafeString(\"\".join([node.render_annotated(context) for node in self]))\n                               ^^^^^^^^^^^^^^^^^^^^^^^^^^^^^^\n", "  File \"/opt/render/project/src/.venv/lib/python3.11/site-packages/django/template/base.py\", line 977, in render_annotated\n    return self.render(context)\n           ^^^^^^^^^^^^^^^^^^^^\n", "  File \"/opt/render/project/src/.venv/lib/python3.11/site-packages/django/template/defaulttags.py\", line 480, in render\n    url = reverse(view_name, args=args, kwargs=kwargs, current_app=current_app)\n          ^^^^^^^^^^^^^^^^^^^^^^^^^^^^^^^^^^^^^^^^^^^^^^^^^^^^^^^^^^^^^^^^^^^^^\n", "  File \"/opt/render/project/src/.venv/lib/python3.11/site-packages/django/urls/base.py\", line 98, in reverse\n    resolved_url = resolver._reverse_with_prefix(view, prefix, *args, **kwargs)\n                   ^^^^^^^^^^^^^^^^^^^^^^^^^^^^^^^^^^^^^^^^^^^^^^^^^^^^^^^^^^^^\n", "  File \"/opt/render/project/src/.venv/lib/python3.11/site-packages/django/urls/resolvers.py\", line 831, in _reverse_with_prefix\n    raise NoReverseMatch(msg)\n", "django.urls.exceptions.NoReverseMatch: Reverse for 'newsletter_subscribe' not found. 'newsletter_subscribe' is not a valid view function or pattern name.\n", "\nDuring handling of the above exception, another exception occurred:\n\n", "Traceback (most recent call last):\n", "  File \"/opt/render/project/src/.venv/lib/python3.11/site-packages/django/core/handlers/exception.py\", line 55, in inner\n    response = get_response(request)\n               ^^^^^^^^^^^^^^^^^^^^^\n", "  File \"/opt/render/project/src/.venv/lib/python3.11/site-packages/django/utils/deprecation.py\", line 120, in __call__\n    response = response or self.get_response(request)\n                           ^^^^^^^^^^^^^^^^^^^^^^^^^^\n", "  File \"/opt/render/project/src/.venv/lib/python3.11/site-packages/django/core/handlers/exception.py\", line 57, in inner\n    response = response_for_exception(request, exc)\n               ^^^^^^^^^^^^^^^^^^^^^^^^^^^^^^^^^^^^\n", "  File \"/opt/render/project/src/.venv/lib/python3.11/site-packages/django/core/handlers/exception.py\", line 141, in response_for_exception\n    response = handle_uncaught_exception(\n               ^^^^^^^^^^^^^^^^^^^^^^^^^^\n", "  File \"/opt/render/project/src/.venv/lib/python3.11/site-packages/django/core/handlers/exception.py\", line 186, in handle_uncaught_exception\n    return callback(request)\n           ^^^^^^^^^^^^^^^^^\n", "  File \"/opt/render/project/src/invoices/views.py\", line 1090, in custom_500\n    return render(request, \"errors/500.html\", status=500)\n           ^^^^^^^^^^^^^^^^^^^^^^^^^^^^^^^^^^^^^^^^^^^^^^\n", "  File \"/opt/render/project/src/.venv/lib/python3.11/site-packages/django/shortcuts.py\", line 25, in render\n    content = loader.render_to_string(template_name, context, request, using=using)\n              ^^^^^^^^^^^^^^^^^^^^^^^^^^^^^^^^^^^^^^^^^^^^^^^^^^^^^^^^^^^^^^^^^^^^^\n", "  File \"/opt/render/project/src/.venv/lib/python3.11/site-packages/django/template/loader.py\", line 62, in render_to_string\n    return template.render(context, request)\n           ^^^^^^^^^^^^^^^^^^^^^^^^^^^^^^^^^\n", "  File \"/opt/render/project/src/.venv/lib/python3.11/site-packages/django/template/backends/django.py\", line 107, in render\n    return self.template.render(context)\n           ^^^^^^^^^^^^^^^^^^^^^^^^^^^^^\n", "  File \"/opt/render/project/src/.venv/lib/python3.11/site-packages/django/template/base.py\", line 171, in render\n    return self._render(context)\n           ^^^^^^^^^^^^^^^^^^^^^\n", "  File \"/opt/render/project/src/.venv/lib/python3.11/site-packages/django/template/base.py\", line 163, in _render\n    return self.nodelist.render(context)\n           ^^^^^^^^^^^^^^^^^^^^^^^^^^^^^\n", "  File \"/opt/render/project/src/.venv/lib/python3.11/site-packages/django/template/base.py\", line 1016, in render\n    return SafeString(\"\".join([node.render_annotated(context) for node in self]))\n                              ^^^^^^^^^^^^^^^^^^^^^^^^^^^^^^^^^^^^^^^^^^^^^^^^^\n", "  File \"/opt/render/project/src/.venv/lib/python3.11/site-packages/django/template/base.py\", line 1016, in <listcomp>\n    return SafeString(\"\".join([node.render_annotated(context) for node in self]))\n                               ^^^^^^^^^^^^^^^^^^^^^^^^^^^^^^\n", "  File \"/opt/render/project/src/.venv/lib/python3.11/site-packages/django/template/base.py\", line 977, in render_annotated\n    return self.render(context)\n           ^^^^^^^^^^^^^^^^^^^^\n", "  File \"/opt/render/project/src/.venv/lib/python3.11/site-packages/django/template/loader_tags.py\", line 159, in render\n    return compiled_parent._render(context)\n           ^^^^^^^^^^^^^^^^^^^^^^^^^^^^^^^^\n", "  File \"/opt/render/project/src/.venv/lib/python3.11/site-packages/django/template/base.py\", line 163, in _render\n    return self.nodelist.render(context)\n           ^^^^^^^^^^^^^^^^^^^^^^^^^^^^^\n", "  File \"/opt/render/project/src/.venv/lib/python3.11/site-packages/django/template/base.py\", line 1016, in render\n    return SafeString(\"\".join([node.render_annotated(context) for node in self]))\n                              ^^^^^^^^^^^^^^^^^^^^^^^^^^^^^^^^^^^^^^^^^^^^^^^^^\n", "  File \"/opt/render/project/src/.venv/lib/python3.11/site-packages/django/template/base.py\", line 1016, in <listcomp>\n    return SafeString(\"\".join([node.render_annotated(context) for node in self]))\n                               ^^^^^^^^^^^^^^^^^^^^^^^^^^^^^^\n", "  File \"/opt/render/project/src/.venv/lib/python3.11/site-packages/django/template/base.py\", line 977, in render_annotated\n    return self.render(context)\n           ^^^^^^^^^^^^^^^^^^^^\n", "  File \"/opt/render/project/src/.venv/lib/python3.11/site-packages/django/template/loader_tags.py\", line 65, in render\n    result = block.nodelist.render(context)\n             ^^^^^^^^^^^^^^^^^^^^^^^^^^^^^^\n", "  File \"/opt/render/project/src/.venv/lib/python3.11/site-packages/django/template/base.py\", line 1016, in render\n    return SafeString(\"\".join([node.render_annotated(context) for node in self]))\n                              ^^^^^^^^^^^^^^^^^^^^^^^^^^^^^^^^^^^^^^^^^^^^^^^^^\n", "  File \"/opt/render/project/src/.venv/lib/python3.11/site-packages/django/template/base.py\", line 1016, in <listcomp>\n    return SafeString(\"\".join([node.render_annotated(context) for node in self]))\n                               ^^^^^^^^^^^^^^^^^^^^^^^^^^^^^^\n", "  File \"/opt/render/project/src/.venv/lib/python3.11/site-packages/django/template/base.py\", line 977, in render_annotated\n    return self.render(context)\n           ^^^^^^^^^^^^^^^^^^^^\n", "  File \"/opt/render/project/src/.venv/lib/python3.11/site-packages/django/template/defaulttags.py\", line 480, in render\n    url = reverse(view_name, args=args, kwargs=kwargs, current_app=current_app)\n          ^^^^^^^^^^^^^^^^^^^^^^^^^^^^^^^^^^^^^^^^^^^^^^^^^^^^^^^^^^^^^^^^^^^^^\n", "  File \"/opt/render/project/src/.venv/lib/python3.11/site-packages/django/urls/base.py\", line 98, in reverse\n    resolved_url = resolver._reverse_with_prefix(view, prefix, *args, **kwargs)\n                   ^^^^^^^^^^^^^^^^^^^^^^^^^^^^^^^^^^^^^^^^^^^^^^^^^^^^^^^^^^^^\n", "  File \"/opt/render/project/src/.venv/lib/python3.11/site-packages/django/urls/resolvers.py\", line 831, in _reverse_with_prefix\n    raise NoReverseMatch(msg)\n", "django.urls.exceptions.NoReverseMatch: Reverse for 'newsletter_subscribe' not found. 'newsletter_subscribe' is not a valid view function or pattern name.\n", "\nDuring handling of the above exception, another exception occurred:\n\n", "Traceback (most recent call last):\n", "  File \"/opt/render/project/src/.venv/lib/python3.11/site-packages/django/core/handlers/exception.py\", line 55, in inner\n    response = get_response(request)\n               ^^^^^^^^^^^^^^^^^^^^^\n", "  File \"/opt/render/project/src/.venv/lib/python3.11/site-packages/django/utils/deprecation.py\", line 120, in __call__\n    response = response or self.get_response(request)\n                           ^^^^^^^^^^^^^^^^^^^^^^^^^^\n", "  File \"/opt/render/project/src/.venv/lib/python3.11/site-packages/django/core/handlers/exception.py\", line 57, in inner\n    response = response_for_exception(request, exc)\n               ^^^^^^^^^^^^^^^^^^^^^^^^^^^^^^^^^^^^\n", "  File \"/opt/render/project/src/.venv/lib/python3.11/site-packages/django/core/handlers/exception.py\", line 141, in response_for_exception\n    response = handle_uncaught_exception(\n               ^^^^^^^^^^^^^^^^^^^^^^^^^^\n", "  File \"/opt/render/project/src/.venv/lib/python3.11/site-packages/django/core/handlers/exception.py\", line 186, in handle_uncaught_exception\n    return callback(request)\n           ^^^^^^^^^^^^^^^^^\n", "  File \"/opt/render/project/src/invoices/views.py\", line 1090, in custom_500\n    return render(request, \"errors/500.html\", status=500)\n           ^^^^^^^^^^^^^^^^^^^^^^^^^^^^^^^^^^^^^^^^^^^^^^\n", "  File \"/opt/render/project/src/.venv/lib/python3.11/site-packages/django/shortcuts.py\", line 25, in render\n    content = loader.render_to_string(template_name, context, request, using=using)\n              ^^^^^^^^^^^^^^^^^^^^^^^^^^^^^^^^^^^^^^^^^^^^^^^^^^^^^^^^^^^^^^^^^^^^^\n", "  File \"/opt/render/project/src/.venv/lib/python3.11/site-packages/django/template/loader.py\", line 62, in render_to_string\n    return template.render(context, request)\n           ^^^^^^^^^^^^^^^^^^^^^^^^^^^^^^^^^\n", "  File \"/opt/render/project/src/.venv/lib/python3.11/site-packages/django/template/backends/django.py\", line 107, in render\n    return self.template.render(context)\n           ^^^^^^^^^^^^^^^^^^^^^^^^^^^^^\n", "  File \"/opt/render/project/src/.venv/lib/python3.11/site-packages/django/template/base.py\", line 171, in render\n    return self._render(context)\n           ^^^^^^^^^^^^^^^^^^^^^\n", "  File \"/opt/render/project/src/.venv/lib/python3.11/site-packages/django/template/base.py\", line 163, in _render\n    return self.nodelist.render(context)\n           ^^^^^^^^^^^^^^^^^^^^^^^^^^^^^\n", "  File \"/opt/render/project/src/.venv/lib/python3.11/site-packages/django/template/base.py\", line 1016, in render\n    return SafeString(\"\".join([node.render_annotated(context) for node in self]))\n                              ^^^^^^^^^^^^^^^^^^^^^^^^^^^^^^^^^^^^^^^^^^^^^^^^^\n", "  File \"/opt/render/project/src/.venv/lib/python3.11/site-packages/django/template/base.py\", line 1016, in <listcomp>\n    return SafeString(\"\".join([node.render_annotated(context) for node in self]))\n                               ^^^^^^^^^^^^^^^^^^^^^^^^^^^^^^\n", "  File \"/opt/render/project/src/.venv/lib/python3.11/site-packages/django/template/base.py\", line 977, in render_annotated\n    return self.render(context)\n           ^^^^^^^^^^^^^^^^^^^^\n", "  File \"/opt/render/project/src/.venv/lib/python3.11/site-packages/django/template/loader_tags.py\", line 159, in render\n    return compiled_parent._render(context)\n           ^^^^^^^^^^^^^^^^^^^^^^^^^^^^^^^^\n", "  File \"/opt/render/project/src/.venv/lib/python3.11/site-packages/django/template/base.py\", line 163, in _render\n    return self.nodelist.render(context)\n           ^^^^^^^^^^^^^^^^^^^^^^^^^^^^^\n", "  File \"/opt/render/project/src/.venv/lib/python3.11/site-packages/django/template/base.py\", line 1016, in render\n    return SafeString(\"\".join([node.render_annotated(context) for node in self]))\n                              ^^^^^^^^^^^^^^^^^^^^^^^^^^^^^^^^^^^^^^^^^^^^^^^^^\n", "  File \"/opt/render/project/src/.venv/lib/python3.11/site-packages/django/template/base.py\", line 1016, in <listcomp>\n    return SafeString(\"\".join([node.render_annotated(context) for node in self]))\n                               ^^^^^^^^^^^^^^^^^^^^^^^^^^^^^^\n", "  File \"/opt/render/project/src/.venv/lib/python3.11/site-packages/django/template/base.py\", line 977, in render_annotated\n    return self.render(context)\n           ^^^^^^^^^^^^^^^^^^^^\n", "  File \"/opt/render/project/src/.venv/lib/python3.11/site-packages/django/template/loader_tags.py\", line 65, in render\n    result = block.nodelist.render(context)\n             ^^^^^^^^^^^^^^^^^^^^^^^^^^^^^^\n", "  File \"/opt/render/project/src/.venv/lib/python3.11/site-packages/django/template/base.py\", line 1016, in render\n    return SafeString(\"\".join([node.render_annotated(context) for node in self]))\n                              ^^^^^^^^^^^^^^^^^^^^^^^^^^^^^^^^^^^^^^^^^^^^^^^^^\n", "  File \"/opt/render/project/src/.venv/lib/python3.11/site-packages/django/template/base.py\", line 1016, in <listcomp>\n    return SafeString(\"\".join([node.render_annotated(context) for node in self]))\n                               ^^^^^^^^^^^^^^^^^^^^^^^^^^^^^^\n", "  File \"/opt/render/project/src/.venv/lib/python3.11/site-packages/django/template/base.py\", line 977, in render_annotated\n    return self.render(context)\n           ^^^^^^^^^^^^^^^^^^^^\n", "  File \"/opt/render/project/src/.venv/lib/python3.11/site-packages/django/template/defaulttags.py\", line 480, in render\n    url = reverse(view_name, args=args, kwargs=kwargs, current_app=current_app)\n          ^^^^^^^^^^^^^^^^^^^^^^^^^^^^^^^^^^^^^^^^^^^^^^^^^^^^^^^^^^^^^^^^^^^^^\n", "  File \"/opt/render/project/src/.venv/lib/python3.11/site-packages/django/urls/base.py\", line 98, in reverse\n    resolved_url = resolver._reverse_with_prefix(view, prefix, *args, **kwargs)\n                   ^^^^^^^^^^^^^^^^^^^^^^^^^^^^^^^^^^^^^^^^^^^^^^^^^^^^^^^^^^^^\n", "  File \"/opt/render/project/src/.venv/lib/python3.11/site-packages/django/urls/resolvers.py\", line 831, in _reverse_with_prefix\n    raise NoReverseMatch(msg)\n", "django.urls.exceptions.NoReverseMatch: Reverse for 'newsletter_subscribe' not found. 'newsletter_subscribe' is not a valid view function or pattern name.\n", "\nDuring handling of the above exception, another exception occurred:\n\n", "Traceback (most recent call last):\n", "  File \"/opt/render/project/src/.venv/lib/python3.11/site-packages/django/core/handlers/exception.py\", line 55, in inner\n    response = get_response(request)\n               ^^^^^^^^^^^^^^^^^^^^^\n", "  File \"/opt/render/project/src/invoiceflow/unified_middleware.py\", line 220, in __call__\n    response = self.get_response(request)\n               ^^^^^^^^^^^^^^^^^^^^^^^^^^\n", "  File \"/opt/render/project/src/.venv/lib/python3.11/site-packages/django/core/handlers/exception.py\", line 57, in inner\n    response = response_for_exception(request, exc)\n               ^^^^^^^^^^^^^^^^^^^^^^^^^^^^^^^^^^^^\n", "  File \"/opt/render/project/src/.venv/lib/python3.11/site-packages/django/core/handlers/exception.py\", line 141, in response_for_exception\n    response = handle_uncaught_exception(\n               ^^^^^^^^^^^^^^^^^^^^^^^^^^\n", "  File \"/opt/render/project/src/.venv/lib/python3.11/site-packages/django/core/handlers/exception.py\", line 186, in handle_uncaught_exception\n    return callback(request)\n           ^^^^^^^^^^^^^^^^^\n", "  File \"/opt/render/project/src/invoices/views.py\", line 1090, in custom_500\n    return render(request, \"errors/500.html\", status=500)\n           ^^^^^^^^^^^^^^^^^^^^^^^^^^^^^^^^^^^^^^^^^^^^^^\n", "  File \"/opt/render/project/src/.venv/lib/python3.11/site-packages/django/shortcuts.py\", line 25, in render\n    content = loader.render_to_string(template_name, context, request, using=using)\n              ^^^^^^^^^^^^^^^^^^^^^^^^^^^^^^^^^^^^^^^^^^^^^^^^^^^^^^^^^^^^^^^^^^^^^\n", "  File \"/opt/render/project/src/.venv/lib/python3.11/site-packages/django/template/loader.py\", line 62, in render_to_string\n    return template.render(context, request)\n           ^^^^^^^^^^^^^^^^^^^^^^^^^^^^^^^^^\n", "  File \"/opt/render/project/src/.venv/lib/python3.11/site-packages/django/template/backends/django.py\", line 107, in render\n    return self.template.render(context)\n           ^^^^^^^^^^^^^^^^^^^^^^^^^^^^^\n", "  File \"/opt/render/project/src/.venv/lib/python3.11/site-packages/django/template/base.py\", line 171, in render\n    return self._render(context)\n           ^^^^^^^^^^^^^^^^^^^^^\n", "  File \"/opt/render/project/src/.venv/lib/python3.11/site-packages/django/template/base.py\", line 163, in _render\n    return self.nodelist.render(context)\n           ^^^^^^^^^^^^^^^^^^^^^^^^^^^^^\n", "  File \"/opt/render/project/src/.venv/lib/python3.11/site-packages/django/template/base.py\", line 1016, in render\n    return SafeString(\"\".join([node.render_annotated(context) for node in self]))\n                              ^^^^^^^^^^^^^^^^^^^^^^^^^^^^^^^^^^^^^^^^^^^^^^^^^\n", "  File \"/opt/render/project/src/.venv/lib/python3.11/site-packages/django/template/base.py\", line 1016, in <listcomp>\n    return SafeString(\"\".join([node.render_annotated(context) for node in self]))\n                               ^^^^^^^^^^^^^^^^^^^^^^^^^^^^^^\n", "  File \"/opt/render/project/src/.venv/lib/python3.11/site-packages/django/template/base.py\", line 977, in render_annotated\n    return self.render(context)\n           ^^^^^^^^^^^^^^^^^^^^\n", "  File \"/opt/render/project/src/.venv/lib/python3.11/site-packages/django/template/loader_tags.py\", line 159, in render\n    return compiled_parent._render(context)\n           ^^^^^^^^^^^^^^^^^^^^^^^^^^^^^^^^\n", "  File \"/opt/render/project/src/.venv/lib/python3.11/site-packages/django/template/base.py\", line 163, in _render\n    return self.nodelist.render(context)\n           ^^^^^^^^^^^^^^^^^^^^^^^^^^^^^\n", "  File \"/opt/render/project/src/.venv/lib/python3.11/site-packages/django/template/base.py\", line 1016, in render\n    return SafeString(\"\".join([node.render_annotated(context) for node in self]))\n                              ^^^^^^^^^^^^^^^^^^^^^^^^^^^^^^^^^^^^^^^^^^^^^^^^^\n", "  File \"/opt/render/project/src/.venv/lib/python3.11/site-packages/django/template/base.py\", line 1016, in <listcomp>\n    return SafeString(\"\".join([node.render_annotated(context) for node in self]))\n                               ^^^^^^^^^^^^^^^^^^^^^^^^^^^^^^\n", "  File \"/opt/render/project/src/.venv/lib/python3.11/site-packages/django/template/base.py\", line 977, in render_annotated\n    return self.render(context)\n           ^^^^^^^^^^^^^^^^^^^^\n", "  File \"/opt/render/project/src/.venv/lib/python3.11/site-packages/django/template/loader_tags.py\", line 65, in render\n    result = block.nodelist.render(context)\n             ^^^^^^^^^^^^^^^^^^^^^^^^^^^^^^\n", "  File \"/opt/render/project/src/.venv/lib/python3.11/site-packages/django/template/base.py\", line 1016, in render\n    return SafeString(\"\".join([node.render_annotated(context) for node in self]))\n                              ^^^^^^^^^^^^^^^^^^^^^^^^^^^^^^^^^^^^^^^^^^^^^^^^^\n", "  File \"/opt/render/project/src/.venv/lib/python3.11/site-packages/django/template/base.py\", line 1016, in <listcomp>\n    return SafeString(\"\".join([node.render_annotated(context) for node in self]))\n                               ^^^^^^^^^^^^^^^^^^^^^^^^^^^^^^\n", "  File \"/opt/render/project/src/.venv/lib/python3.11/site-packages/django/template/base.py\", line 977, in render_annotated\n    return self.render(context)\n           ^^^^^^^^^^^^^^^^^^^^\n", "  File \"/opt/render/project/src/.venv/lib/python3.11/site-packages/django/template/defaulttags.py\", line 480, in render\n    url = reverse(view_name, args=args, kwargs=kwargs, current_app=current_app)\n          ^^^^^^^^^^^^^^^^^^^^^^^^^^^^^^^^^^^^^^^^^^^^^^^^^^^^^^^^^^^^^^^^^^^^^\n", "  File \"/opt/render/project/src/.venv/lib/python3.11/site-packages/django/urls/base.py\", line 98, in reverse\n    resolved_url = resolver._reverse_with_prefix(view, prefix, *args, **kwargs)\n                   ^^^^^^^^^^^^^^^^^^^^^^^^^^^^^^^^^^^^^^^^^^^^^^^^^^^^^^^^^^^^\n", "  File \"/opt/render/project/src/.venv/lib/python3.11/site-packages/django/urls/resolvers.py\", line 831, in _reverse_with_prefix\n    raise NoReverseMatch(msg)\n", "django.urls.exceptions.NoReverseMatch: Reverse for 'newsletter_subscribe' not found. 'newsletter_subscribe' is not a valid view function or pattern name.\n", "\nDuring handling of the above exception, another exception occurred:\n\n", "Traceback (most recent call last):\n", "  File \"/opt/render/project/src/.venv/lib/python3.11/site-packages/django/core/handlers/exception.py\", line 55, in inner\n    response = get_response(request)\n               ^^^^^^^^^^^^^^^^^^^^^\n", "  File \"/opt/render/project/src/invoiceflow/unified_middleware.py\", line 55, in __call__\n    response = self.get_response(request)\n               ^^^^^^^^^^^^^^^^^^^^^^^^^^\n", "  File \"/opt/render/project/src/.venv/lib/python3.11/site-packages/django/core/handlers/exception.py\", line 57, in inner\n    response = response_for_exception(request, exc)\n               ^^^^^^^^^^^^^^^^^^^^^^^^^^^^^^^^^^^^\n", "  File \"/opt/render/project/src/.venv/lib/python3.11/site-packages/django/core/handlers/exception.py\", line 141, in response_for_exception\n    response = handle_uncaught_exception(\n               ^^^^^^^^^^^^^^^^^^^^^^^^^^\n", "  File \"/opt/render/project/src/.venv/lib/python3.11/site-packages/django/core/handlers/exception.py\", line 186, in handle_uncaught_exception\n    return callback(request)\n           ^^^^^^^^^^^^^^^^^\n", "  File \"/opt/render/project/src/invoices/views.py\", line 1090, in custom_500\n    return render(request, \"errors/500.html\", status=500)\n           ^^^^^^^^^^^^^^^^^^^^^^^^^^^^^^^^^^^^^^^^^^^^^^\n", "  File \"/opt/render/project/src/.venv/lib/python3.11/site-packages/django/shortcuts.py\", line 25, in render\n    content = loader.render_to_string(template_name, context, request, using=using)\n              ^^^^^^^^^^^^^^^^^^^^^^^^^^^^^^^^^^^^^^^^^^^^^^^^^^^^^^^^^^^^^^^^^^^^^\n", "  File \"/opt/render/project/src/.venv/lib/python3.11/site-packages/django/template/loader.py\", line 62, in render_to_string\n    return template.render(context, request)\n           ^^^^^^^^^^^^^^^^^^^^^^^^^^^^^^^^^\n", "  File \"/opt/render/project/src/.venv/lib/python3.11/site-packages/django/template/backends/django.py\", line 107, in render\n    return self.template.render(context)\n           ^^^^^^^^^^^^^^^^^^^^^^^^^^^^^\n", "  File \"/opt/render/project/src/.venv/lib/python3.11/site-packages/django/template/base.py\", line 171, in render\n    return self._render(context)\n           ^^^^^^^^^^^^^^^^^^^^^\n", "  File \"/opt/render/project/src/.venv/lib/python3.11/site-packages/django/template/base.py\", line 163, in _render\n    return self.nodelist.render(context)\n           ^^^^^^^^^^^^^^^^^^^^^^^^^^^^^\n", "  File \"/opt/render/project/src/.venv/lib/python3.11/site-packages/django/template/base.py\", line 1016, in render\n    return SafeString(\"\".join([node.render_annotated(context) for node in self]))\n                              ^^^^^^^^^^^^^^^^^^^^^^^^^^^^^^^^^^^^^^^^^^^^^^^^^\n", "  File \"/opt/render/project/src/.venv/lib/python3.11/site-packages/django/template/base.py\", line 1016, in <listcomp>\n    return SafeString(\"\".join([node.render_annotated(context) for node in self]))\n                               ^^^^^^^^^^^^^^^^^^^^^^^^^^^^^^\n", "  File \"/opt/render/project/src/.venv/lib/python3.11/site-packages/django/template/base.py\", line 977, in render_annotated\n    return self.render(context)\n           ^^^^^^^^^^^^^^^^^^^^\n", "  File \"/opt/render/project/src/.venv/lib/python3.11/site-packages/django/template/loader_tags.py\", line 159, in render\n    return compiled_parent._render(context)\n           ^^^^^^^^^^^^^^^^^^^^^^^^^^^^^^^^\n", "  File \"/opt/render/project/src/.venv/lib/python3.11/site-packages/django/template/base.py\", line 163, in _render\n    return self.nodelist.render(context)\n           ^^^^^^^^^^^^^^^^^^^^^^^^^^^^^\n", "  File \"/opt/render/project/src/.venv/lib/python3.11/site-packages/django/template/base.py\", line 1016, in render\n    return SafeString(\"\".join([node.render_annotated(context) for node in self]))\n                              ^^^^^^^^^^^^^^^^^^^^^^^^^^^^^^^^^^^^^^^^^^^^^^^^^\n", "  File \"/opt/render/project/src/.venv/lib/python3.11/site-packages/django/template/base.py\", line 1016, in <listcomp>\n    return SafeString(\"\".join([node.render_annotated(context) for node in self]))\n                               ^^^^^^^^^^^^^^^^^^^^^^^^^^^^^^\n", "  File \"/opt/render/project/src/.venv/lib/python3.11/site-packages/django/template/base.py\", line 977, in render_annotated\n    return self.render(context)\n           ^^^^^^^^^^^^^^^^^^^^\n", "  File \"/opt/render/project/src/.venv/lib/python3.11/site-packages/django/template/loader_tags.py\", line 65, in render\n    result = block.nodelist.render(context)\n             ^^^^^^^^^^^^^^^^^^^^^^^^^^^^^^\n", "  File \"/opt/render/project/src/.venv/lib/python3.11/site-packages/django/template/base.py\", line 1016, in render\n    return SafeString(\"\".join([node.render_annotated(context) for node in self]))\n                              ^^^^^^^^^^^^^^^^^^^^^^^^^^^^^^^^^^^^^^^^^^^^^^^^^\n", "  File \"/opt/render/project/src/.venv/lib/python3.11/site-packages/django/template/base.py\", line 1016, in <listcomp>\n    return SafeString(\"\".join([node.render_annotated(context) for node in self]))\n                               ^^^^^^^^^^^^^^^^^^^^^^^^^^^^^^\n", "  File \"/opt/render/project/src/.venv/lib/python3.11/site-packages/django/template/base.py\", line 977, in render_annotated\n    return self.render(context)\n           ^^^^^^^^^^^^^^^^^^^^\n", "  File \"/opt/render/project/src/.venv/lib/python3.11/site-packages/django/template/defaulttags.py\", line 480, in render\n    url = reverse(view_name, args=args, kwargs=kwargs, current_app=current_app)\n          ^^^^^^^^^^^^^^^^^^^^^^^^^^^^^^^^^^^^^^^^^^^^^^^^^^^^^^^^^^^^^^^^^^^^^\n", "  File \"/opt/render/project/src/.venv/lib/python3.11/site-packages/django/urls/base.py\", line 98, in reverse\n    resolved_url = resolver._reverse_with_prefix(view, prefix, *args, **kwargs)\n                   ^^^^^^^^^^^^^^^^^^^^^^^^^^^^^^^^^^^^^^^^^^^^^^^^^^^^^^^^^^^^\n", "  File \"/opt/render/project/src/.venv/lib/python3.11/site-packages/django/urls/resolvers.py\", line 831, in _reverse_with_prefix\n    raise NoReverseMatch(msg)\n", "django.urls.exceptions.NoReverseMatch: Reverse for 'newsletter_subscribe' not found. 'newsletter_subscribe' is not a valid view function or pattern name.\n", "\nDuring handling of the above exception, another exception occurred:\n\n", "Traceback (most recent call last):\n", "  File \"/opt/render/project/src/.venv/lib/python3.11/site-packages/django/core/handlers/exception.py\", line 55, in inner\n    response = get_response(request)\n               ^^^^^^^^^^^^^^^^^^^^^\n", "  File \"/opt/render/project/src/.venv/lib/python3.11/site-packages/whitenoise/middleware.py\", line 123, in __call__\n    return self.get_response(request)\n           ^^^^^^^^^^^^^^^^^^^^^^^^^^\n", "  File \"/opt/render/project/src/.venv/lib/python3.11/site-packages/django/core/handlers/exception.py\", line 57, in inner\n    response = response_for_exception(request, exc)\n               ^^^^^^^^^^^^^^^^^^^^^^^^^^^^^^^^^^^^\n", "  File \"/opt/render/project/src/.venv/lib/python3.11/site-packages/django/core/handlers/exception.py\", line 141, in response_for_exception\n    response = handle_uncaught_exception(\n               ^^^^^^^^^^^^^^^^^^^^^^^^^^\n", "  File \"/opt/render/project/src/.venv/lib/python3.11/site-packages/django/core/handlers/exception.py\", line 186, in handle_uncaught_exception\n    return callback(request)\n           ^^^^^^^^^^^^^^^^^\n", "  File \"/opt/render/project/src/invoices/views.py\", line 1090, in custom_500\n    return render(request, \"errors/500.html\", status=500)\n           ^^^^^^^^^^^^^^^^^^^^^^^^^^^^^^^^^^^^^^^^^^^^^^\n", "  File \"/opt/render/project/src/.venv/lib/python3.11/site-packages/django/shortcuts.py\", line 25, in render\n    content = loader.render_to_string(template_name, context, request, using=using)\n              ^^^^^^^^^^^^^^^^^^^^^^^^^^^^^^^^^^^^^^^^^^^^^^^^^^^^^^^^^^^^^^^^^^^^^\n", "  File \"/opt/render/project/src/.venv/lib/python3.11/site-packages/django/template/loader.py\", line 62, in render_to_string\n    return template.render(context, request)\n           ^^^^^^^^^^^^^^^^^^^^^^^^^^^^^^^^^\n", "  File \"/opt/render/project/src/.venv/lib/python3.11/site-packages/django/template/backends/django.py\", line 107, in render\n    return self.template.render(context)\n           ^^^^^^^^^^^^^^^^^^^^^^^^^^^^^\n", "  File \"/opt/render/project/src/.venv/lib/python3.11/site-packages/django/template/base.py\", line 171, in render\n    return self._render(context)\n           ^^^^^^^^^^^^^^^^^^^^^\n", "  File \"/opt/render/project/src/.venv/lib/python3.11/site-packages/django/template/base.py\", line 163, in _render\n    return self.nodelist.render(context)\n           ^^^^^^^^^^^^^^^^^^^^^^^^^^^^^\n", "  File \"/opt/render/project/src/.venv/lib/python3.11/site-packages/django/template/base.py\", line 1016, in render\n    return SafeString(\"\".join([node.render_annotated(context) for node in self]))\n                              ^^^^^^^^^^^^^^^^^^^^^^^^^^^^^^^^^^^^^^^^^^^^^^^^^\n", "  File \"/opt/render/project/src/.venv/lib/python3.11/site-packages/django/template/base.py\", line 1016, in <listcomp>\n    return SafeString(\"\".join([node.render_annotated(context) for node in self]))\n                               ^^^^^^^^^^^^^^^^^^^^^^^^^^^^^^\n", "  File \"/opt/render/project/src/.venv/lib/python3.11/site-packages/django/template/base.py\", line 977, in render_annotated\n    return self.render(context)\n           ^^^^^^^^^^^^^^^^^^^^\n", "  File \"/opt/render/project/src/.venv/lib/python3.11/site-packages/django/template/loader_tags.py\", line 159, in render\n    return compiled_parent._render(context)\n           ^^^^^^^^^^^^^^^^^^^^^^^^^^^^^^^^\n", "  File \"/opt/render/project/src/.venv/lib/python3.11/site-packages/django/template/base.py\", line 163, in _render\n    return self.nodelist.render(context)\n           ^^^^^^^^^^^^^^^^^^^^^^^^^^^^^\n", "  File \"/opt/render/project/src/.venv/lib/python3.11/site-packages/django/template/base.py\", line 1016, in render\n    return SafeString(\"\".join([node.render_annotated(context) for node in self]))\n                              ^^^^^^^^^^^^^^^^^^^^^^^^^^^^^^^^^^^^^^^^^^^^^^^^^\n", "  File \"/opt/render/project/src/.venv/lib/python3.11/site-packages/django/template/base.py\", line 1016, in <listcomp>\n    return SafeString(\"\".join([node.render_annotated(context) for node in self]))\n                               ^^^^^^^^^^^^^^^^^^^^^^^^^^^^^^\n", "  File \"/opt/render/project/src/.venv/lib/python3.11/site-packages/django/template/base.py\", line 977, in render_annotated\n    return self.render(context)\n           ^^^^^^^^^^^^^^^^^^^^\n", "  File \"/opt/render/project/src/.venv/lib/python3.11/site-packages/django/template/loader_tags.py\", line 65, in render\n    result = block.nodelist.render(context)\n             ^^^^^^^^^^^^^^^^^^^^^^^^^^^^^^\n", "  File \"/opt/render/project/src/.venv/lib/python3.11/site-packages/django/template/base.py\", line 1016, in render\n    return SafeString(\"\".join([node.render_annotated(context) for node in self]))\n                              ^^^^^^^^^^^^^^^^^^^^^^^^^^^^^^^^^^^^^^^^^^^^^^^^^\n", "  File \"/opt/render/project/src/.venv/lib/python3.11/site-packages/django/template/base.py\", line 1016, in <listcomp>\n    return SafeString(\"\".join([node.render_annotated(context) for node in self]))\n                               ^^^^^^^^^^^^^^^^^^^^^^^^^^^^^^\n", "  File \"/opt/render/project/src/.venv/lib/python3.11/site-packages/django/template/base.py\", line 977, in render_annotated\n    return self.render(context)\n           ^^^^^^^^^^^^^^^^^^^^\n", "  File \"/opt/render/project/src/.venv/lib/python3.11/site-packages/django/template/defaulttags.py\", line 480, in render\n    url = reverse(view_name, args=args, kwargs=kwargs, current_app=current_app)\n          ^^^^^^^^^^^^^^^^^^^^^^^^^^^^^^^^^^^^^^^^^^^^^^^^^^^^^^^^^^^^^^^^^^^^^\n", "  File \"/opt/render/project/src/.venv/lib/python3.11/site-packages/django/urls/base.py\", line 98, in reverse\n    resolved_url = resolver._reverse_with_prefix(view, prefix, *args, **kwargs)\n                   ^^^^^^^^^^^^^^^^^^^^^^^^^^^^^^^^^^^^^^^^^^^^^^^^^^^^^^^^^^^^\n", "  File \"/opt/render/project/src/.venv/lib/python3.11/site-packages/django/urls/resolvers.py\", line 831, in _reverse_with_prefix\n    raise NoReverseMatch(msg)\n", "django.urls.exceptions.NoReverseMatch: Reverse for 'newsletter_subscribe' not found. 'newsletter_subscribe' is not a valid view function or pattern name.\n", "\nDuring handling of the above exception, another exception occurred:\n\n", "Traceback (most recent call last):\n", "  File \"/opt/render/project/src/.venv/lib/python3.11/site-packages/django/core/handlers/exception.py\", line 55, in inner\n    response = get_response(request)\n               ^^^^^^^^^^^^^^^^^^^^^\n", "  File \"/opt/render/project/src/.venv/lib/python3.11/site-packages/django/utils/deprecation.py\", line 120, in __call__\n    response = response or self.get_response(request)\n                           ^^^^^^^^^^^^^^^^^^^^^^^^^^\n", "  File \"/opt/render/project/src/.venv/lib/python3.11/site-packages/django/core/handlers/exception.py\", line 57, in inner\n    response = response_for_exception(request, exc)\n               ^^^^^^^^^^^^^^^^^^^^^^^^^^^^^^^^^^^^\n", "  File \"/opt/render/project/src/.venv/lib/python3.11/site-packages/django/core/handlers/exception.py\", line 141, in response_for_exception\n    response = handle_uncaught_exception(\n               ^^^^^^^^^^^^^^^^^^^^^^^^^^\n", "  File \"/opt/render/project/src/.venv/lib/python3.11/site-packages/django/core/handlers/exception.py\", line 186, in handle_uncaught_exception\n    return callback(request)\n           ^^^^^^^^^^^^^^^^^\n", "  File \"/opt/render/project/src/invoices/views.py\", line 1090, in custom_500\n    return render(request, \"errors/500.html\", status=500)\n           ^^^^^^^^^^^^^^^^^^^^^^^^^^^^^^^^^^^^^^^^^^^^^^\n", "  File \"/opt/render/project/src/.venv/lib/python3.11/site-packages/django/shortcuts.py\", line 25, in render\n    content = loader.render_to_string(template_name, context, request, using=using)\n              ^^^^^^^^^^^^^^^^^^^^^^^^^^^^^^^^^^^^^^^^^^^^^^^^^^^^^^^^^^^^^^^^^^^^^\n", "  File \"/opt/render/project/src/.venv/lib/python3.11/site-packages/django/template/loader.py\", line 62, in render_to_string\n    return template.render(context, request)\n           ^^^^^^^^^^^^^^^^^^^^^^^^^^^^^^^^^\n", "  File \"/opt/render/project/src/.venv/lib/python3.11/site-packages/django/template/backends/django.py\", line 107, in render\n    return self.template.render(context)\n           ^^^^^^^^^^^^^^^^^^^^^^^^^^^^^\n", "  File \"/opt/render/project/src/.venv/lib/python3.11/site-packages/django/template/base.py\", line 171, in render\n    return self._render(context)\n           ^^^^^^^^^^^^^^^^^^^^^\n", "  File \"/opt/render/project/src/.venv/lib/python3.11/site-packages/django/template/base.py\", line 163, in _render\n    return self.nodelist.render(context)\n           ^^^^^^^^^^^^^^^^^^^^^^^^^^^^^\n", "  File \"/opt/render/project/src/.venv/lib/python3.11/site-packages/django/template/base.py\", line 1016, in render\n    return SafeString(\"\".join([node.render_annotated(context) for node in self]))\n                              ^^^^^^^^^^^^^^^^^^^^^^^^^^^^^^^^^^^^^^^^^^^^^^^^^\n", "  File \"/opt/render/project/src/.venv/lib/python3.11/site-packages/django/template/base.py\", line 1016, in <listcomp>\n    return SafeString(\"\".join([node.render_annotated(context) for node in self]))\n                               ^^^^^^^^^^^^^^^^^^^^^^^^^^^^^^\n", "  File \"/opt/render/project/src/.venv/lib/python3.11/site-packages/django/template/base.py\", line 977, in render_annotated\n    return self.render(context)\n           ^^^^^^^^^^^^^^^^^^^^\n", "  File \"/opt/render/project/src/.venv/lib/python3.11/site-packages/django/template/loader_tags.py\", line 159, in render\n    return compiled_parent._render(context)\n           ^^^^^^^^^^^^^^^^^^^^^^^^^^^^^^^^\n", "  File \"/opt/render/project/src/.venv/lib/python3.11/site-packages/django/template/base.py\", line 163, in _render\n    return self.nodelist.render(context)\n           ^^^^^^^^^^^^^^^^^^^^^^^^^^^^^\n", "  File \"/opt/render/project/src/.venv/lib/python3.11/site-packages/django/template/base.py\", line 1016, in render\n    return SafeString(\"\".join([node.render_annotated(context) for node in self]))\n                              ^^^^^^^^^^^^^^^^^^^^^^^^^^^^^^^^^^^^^^^^^^^^^^^^^\n", "  File \"/opt/render/project/src/.venv/lib/python3.11/site-packages/django/template/base.py\", line 1016, in <listcomp>\n    return SafeString(\"\".join([node.render_annotated(context) for node in self]))\n                               ^^^^^^^^^^^^^^^^^^^^^^^^^^^^^^\n", "  File \"/opt/render/project/src/.venv/lib/python3.11/site-packages/django/template/base.py\", line 977, in render_annotated\n    return self.render(context)\n           ^^^^^^^^^^^^^^^^^^^^\n", "  File \"/opt/render/project/src/.venv/lib/python3.11/site-packages/django/template/loader_tags.py\", line 65, in render\n    result = block.nodelist.render(context)\n             ^^^^^^^^^^^^^^^^^^^^^^^^^^^^^^\n", "  File \"/opt/render/project/src/.venv/lib/python3.11/site-packages/django/template/base.py\", line 1016, in render\n    return SafeString(\"\".join([node.render_annotated(context) for node in self]))\n                              ^^^^^^^^^^^^^^^^^^^^^^^^^^^^^^^^^^^^^^^^^^^^^^^^^\n", "  File \"/opt/render/project/src/.venv/lib/python3.11/site-packages/django/template/base.py\", line 1016, in <listcomp>\n    return SafeString(\"\".join([node.render_annotated(context) for node in self]))\n                               ^^^^^^^^^^^^^^^^^^^^^^^^^^^^^^\n", "  File \"/opt/render/project/src/.venv/lib/python3.11/site-packages/django/template/base.py\", line 977, in render_annotated\n    return self.render(context)\n           ^^^^^^^^^^^^^^^^^^^^\n", "  File \"/opt/render/project/src/.venv/lib/python3.11/site-packages/django/template/defaulttags.py\", line 480, in render\n    url = reverse(view_name, args=args, kwargs=kwargs, current_app=current_app)\n          ^^^^^^^^^^^^^^^^^^^^^^^^^^^^^^^^^^^^^^^^^^^^^^^^^^^^^^^^^^^^^^^^^^^^^\n", "  File \"/opt/render/project/src/.venv/lib/python3.11/site-packages/django/urls/base.py\", line 98, in reverse\n    resolved_url = resolver._reverse_with_prefix(view, prefix, *args, **kwargs)\n                   ^^^^^^^^^^^^^^^^^^^^^^^^^^^^^^^^^^^^^^^^^^^^^^^^^^^^^^^^^^^^\n", "  File \"/opt/render/project/src/.venv/lib/python3.11/site-packages/django/urls/resolvers.py\", line 831, in _reverse_with_prefix\n    raise NoReverseMatch(msg)\n", "django.urls.exceptions.NoReverseMatch: Reverse for 'newsletter_subscribe' not found. 'newsletter_subscribe' is not a valid view function or pattern name.\n", "\nDuring handling of the above exception, another exception occurred:\n\n", "Traceback (most recent call last):\n", "  File \"/opt/render/project/src/.venv/lib/python3.11/site-packages/gunicorn/workers/gthread.py\", line 281, in handle\n    keepalive = self.handle_request(req, conn)\n                ^^^^^^^^^^^^^^^^^^^^^^^^^^^^^^\n", "  File \"/opt/render/project/src/.venv/lib/python3.11/site-packages/gunicorn/workers/gthread.py\", line 333, in handle_request\n    respiter = self.wsgi(environ, resp.start_response)\n               ^^^^^^^^^^^^^^^^^^^^^^^^^^^^^^^^^^^^^^^\n", "  File \"/opt/render/project/src/.venv/lib/python3.11/site-packages/django/core/handlers/wsgi.py\", line 124, in __call__\n    response = self.get_response(request)\n               ^^^^^^^^^^^^^^^^^^^^^^^^^^\n", "  File \"/opt/render/project/src/.venv/lib/python3.11/site-packages/django/core/handlers/base.py\", line 140, in get_response\n    response = self._middleware_chain(request)\n               ^^^^^^^^^^^^^^^^^^^^^^^^^^^^^^^\n", "  File \"/opt/render/project/src/.venv/lib/python3.11/site-packages/django/core/handlers/exception.py\", line 57, in inner\n    response = response_for_exception(request, exc)\n               ^^^^^^^^^^^^^^^^^^^^^^^^^^^^^^^^^^^^\n", "  File \"/opt/render/project/src/.venv/lib/python3.11/site-packages/django/core/handlers/exception.py\", line 141, in response_for_exception\n    response = handle_uncaught_exception(\n               ^^^^^^^^^^^^^^^^^^^^^^^^^^\n", "  File \"/opt/render/project/src/.venv/lib/python3.11/site-packages/django/core/handlers/exception.py\", line 186, in handle_uncaught_exception\n    return callback(request)\n           ^^^^^^^^^^^^^^^^^\n", "  File \"/opt/render/project/src/invoices/views.py\", line 1090, in custom_500\n    return render(request, \"errors/500.html\", status=500)\n           ^^^^^^^^^^^^^^^^^^^^^^^^^^^^^^^^^^^^^^^^^^^^^^\n", "  File \"/opt/render/project/src/.venv/lib/python3.11/site-packages/django/shortcuts.py\", line 25, in render\n    content = loader.render_to_string(template_name, context, request, using=using)\n              ^^^^^^^^^^^^^^^^^^^^^^^^^^^^^^^^^^^^^^^^^^^^^^^^^^^^^^^^^^^^^^^^^^^^^\n", "  File \"/opt/render/project/src/.venv/lib/python3.11/site-packages/django/template/loader.py\", line 62, in render_to_string\n    return template.render(context, request)\n           ^^^^^^^^^^^^^^^^^^^^^^^^^^^^^^^^^\n", "  File \"/opt/render/project/src/.venv/lib/python3.11/site-packages/django/template/backends/django.py\", line 107, in render\n    return self.template.render(context)\n           ^^^^^^^^^^^^^^^^^^^^^^^^^^^^^\n", "  File \"/opt/render/project/src/.venv/lib/python3.11/site-packages/django/template/base.py\", line 171, in render\n    return self._render(context)\n           ^^^^^^^^^^^^^^^^^^^^^\n", "  File \"/opt/render/project/src/.venv/lib/python3.11/site-packages/django/template/base.py\", line 163, in _render\n    return self.nodelist.render(context)\n           ^^^^^^^^^^^^^^^^^^^^^^^^^^^^^\n", "  File \"/opt/render/project/src/.venv/lib/python3.11/site-packages/django/template/base.py\", line 1016, in render\n    return SafeString(\"\".join([node.render_annotated(context) for node in self]))\n                              ^^^^^^^^^^^^^^^^^^^^^^^^^^^^^^^^^^^^^^^^^^^^^^^^^\n", "  File \"/opt/render/project/src/.venv/lib/python3.11/site-packages/django/template/base.py\", line 1016, in <listcomp>\n    return SafeString(\"\".join([node.render_annotated(context) for node in self]))\n                               ^^^^^^^^^^^^^^^^^^^^^^^^^^^^^^\n", "  File \"/opt/render/project/src/.venv/lib/python3.11/site-packages/django/template/base.py\", line 977, in render_annotated\n    return self.render(context)\n           ^^^^^^^^^^^^^^^^^^^^\n", "  File \"/opt/render/project/src/.venv/lib/python3.11/site-packages/django/template/loader_tags.py\", line 159, in render\n    return compiled_parent._render(context)\n           ^^^^^^^^^^^^^^^^^^^^^^^^^^^^^^^^\n", "  File \"/opt/render/project/src/.venv/lib/python3.11/site-packages/django/template/base.py\", line 163, in _render\n    return self.nodelist.render(context)\n           ^^^^^^^^^^^^^^^^^^^^^^^^^^^^^\n", "  File \"/opt/render/project/src/.venv/lib/python3.11/site-packages/django/template/base.py\", line 1016, in render\n    return SafeString(\"\".join([node.render_annotated(context) for node in self]))\n                              ^^^^^^^^^^^^^^^^^^^^^^^^^^^^^^^^^^^^^^^^^^^^^^^^^\n", "  File \"/opt/render/project/src/.venv/lib/python3.11/site-packages/django/template/base.py\", line 1016, in <listcomp>\n    return SafeString(\"\".join([node.render_annotated(context) for node in self]))\n                               ^^^^^^^^^^^^^^^^^^^^^^^^^^^^^^\n", "  File \"/opt/render/project/src/.venv/lib/python3.11/site-packages/django/template/base.py\", line 977, in render_annotated\n    return self.render(context)\n           ^^^^^^^^^^^^^^^^^^^^\n", "  File \"/opt/render/project/src/.venv/lib/python3.11/site-packages/django/template/loader_tags.py\", line 65, in render\n    result = block.nodelist.render(context)\n             ^^^^^^^^^^^^^^^^^^^^^^^^^^^^^^\n", "  File \"/opt/render/project/src/.venv/lib/python3.11/site-packages/django/template/base.py\", line 1016, in render\n    return SafeString(\"\".join([node.render_annotated(context) for node in self]))\n                              ^^^^^^^^^^^^^^^^^^^^^^^^^^^^^^^^^^^^^^^^^^^^^^^^^\n", "  File \"/opt/render/project/src/.venv/lib/python3.11/site-packages/django/template/base.py\", line 1016, in <listcomp>\n    return SafeString(\"\".join([node.render_annotated(context) for node in self]))\n                               ^^^^^^^^^^^^^^^^^^^^^^^^^^^^^^\n", "  File \"/opt/render/project/src/.venv/lib/python3.11/site-packages/django/template/base.py\", line 977, in render_annotated\n    return self.render(context)\n           ^^^^^^^^^^^^^^^^^^^^\n", "  File \"/opt/render/project/src/.venv/lib/python3.11/site-packages/django/template/defaulttags.py\", line 480, in render\n    url = reverse(view_name, args=args, kwargs=kwargs, current_app=current_app)\n          ^^^^^^^^^^^^^^^^^^^^^^^^^^^^^^^^^^^^^^^^^^^^^^^^^^^^^^^^^^^^^^^^^^^^^\n", "  File \"/opt/render/project/src/.venv/lib/python3.11/site-packages/django/urls/base.py\", line 98, in reverse\n    resolved_url = resolver._reverse_with_prefix(view, prefix, *args, **kwargs)\n                   ^^^^^^^^^^^^^^^^^^^^^^^^^^^^^^^^^^^^^^^^^^^^^^^^^^^^^^^^^^^^\n", "  File \"/opt/render/project/src/.venv/lib/python3.11/site-packages/django/urls/resolvers.py\", line 831, in _reverse_with_prefix\n    raise NoReverseMatch(msg)\n", "django.urls.exceptions.NoReverseMatch: Reverse for 'newsletter_subscribe' not found. 'newsletter_subscribe' is not a valid view function or pattern name.\n"]}}
{"timestamp": "2025-12-06T22:28:17.355976+00:00", "level": "INFO", "logger": "gunicorn.access", "message": "127.0.0.1 - - [06/Dec/2025:22:28:17 +0000] \"GET / HTTP/1.1\" 500 0 \"-\" \"-\" 103369", "module": "glogging", "function": "access", "line": 362, "process_id": 117, "thread_id": 125546168223424}
{"timestamp": "2025-12-06T22:28:17.761190+00:00", "level": "ERROR", "logger": "gunicorn.error", "message": "Error handling request /favicon.ico", "module": "glogging", "function": "exception", "line": 283, "process_id": 114, "thread_id": 125546187101888, "exception": {"type": "NoReverseMatch", "message": "Reverse for 'newsletter_subscribe' not found. 'newsletter_subscribe' is not a valid view function or pattern name.", "traceback": ["Traceback (most recent call last):\n", "  File \"/opt/render/project/src/.venv/lib/python3.11/site-packages/django/core/handlers/exception.py\", line 55, in inner\n    response = get_response(request)\n               ^^^^^^^^^^^^^^^^^^^^^\n", "  File \"/opt/render/project/src/.venv/lib/python3.11/site-packages/django/core/handlers/base.py\", line 181, in _get_response\n    callback, callback_args, callback_kwargs = self.resolve_request(request)\n                                               ^^^^^^^^^^^^^^^^^^^^^^^^^^^^^\n", "  File \"/opt/render/project/src/.venv/lib/python3.11/site-packages/django/core/handlers/base.py\", line 313, in resolve_request\n    resolver_match = resolver.resolve(request.path_info)\n                     ^^^^^^^^^^^^^^^^^^^^^^^^^^^^^^^^^^^\n", "  File \"/opt/render/project/src/.venv/lib/python3.11/site-packages/django/urls/resolvers.py\", line 705, in resolve\n    raise Resolver404({\"tried\": tried, \"path\": new_path})\n", "django.urls.exceptions.Resolver404: {'tried': [[<URLResolver <module 'invoices.api.urls' from '/opt/render/project/src/invoices/api/urls.py'> (None:None) 'api/v1/'>], [<URLPattern 'api/consent/set/' [name='set_cookie_consent']>], [<URLPattern 'api/consent/get/' [name='get_cookie_consent']>], [<URLPattern 'api/consent/withdraw/' [name='withdraw_cookie_consent']>], [<URLPattern 'api/gdpr/export/' [name='gdpr_export']>], [<URLPattern 'api/gdpr/delete/' [name='gdpr_delete']>], [<URLPattern 'api/gdpr/sar/' [name='gdpr_sar']>], [<URLPattern 'mfa/setup/' [name='mfa_setup']>], [<URLPattern 'mfa/verify/' [name='mfa_verify']>], [<URLPattern 'mfa/disable/' [name='mfa_disable']>], [<URLPattern 'mfa/recovery/regenerate/' [name='mfa_regenerate_recovery']>], [<URLPattern 'health/' [name='health_check']>], [<URLPattern 'health/ready/' [name='readiness_check']>], [<URLPattern 'health/live/' [name='liveness_check']>], [<URLPattern 'health/detailed/' [name='detailed_health']>], [<URLPattern 'robots.txt' [name='robots_txt']>], [<URLPattern 'sitemap.xml' [name='django.contrib.sitemaps.views.sitemap']>], [<URLResolver <URLPattern list> (admin:admin) 'admin/'>], [<URLPattern '' [name='home']>], [<URLPattern 'signup/' [name='signup']>], [<URLPattern 'login/' [name='login']>], [<URLPattern 'logout/' [name='logout']>], [<URLPattern 'settings/' [name='settings']>], [<URLPattern 'settings/profile/' [name='settings_profile']>], [<URLPattern 'settings/business/' [name='settings_business']>], [<URLPattern 'settings/security/' [name='settings_security']>], [<URLPattern 'settings/notifications/' [name='settings_notifications']>], [<URLPattern 'settings/billing/' [name='settings_billing']>], [<URLPattern 'components-showcase/' [name='components_showcase']>], [<URLPattern 'features/' [name='features']>], [<URLPattern 'pricing/' [name='pricing']>], [<URLPattern 'templates/' [name='templates']>], [<URLPattern 'api-access/' [name='api']>], [<URLPattern 'about/' [name='about']>], [<URLPattern 'careers/' [name='careers']>], [<URLPattern 'contact/' [name='contact']>], [<URLPattern 'changelog/' [name='changelog']>], [<URLPattern 'system-status/' [name='status']>], [<URLPattern 'support/' [name='support']>], [<URLPattern 'faq/' [name='faq']>], [<URLPattern 'terms/' [name='terms']>], [<URLPattern 'privacy/' [name='privacy']>], [<URLPattern 'newsletter/signup/' [name='newsletter_signup']>], [<URLPattern 'profile/' [name='profile']>], [<URLPattern 'my-templates/' [name='invoice_templates']>], [<URLPattern 'my-templates/<int:template_id>/delete/' [name='delete_template']>], [<URLPattern 'recurring/' [name='recurring_invoices']>], [<URLPattern 'bulk/export/' [name='bulk_export']>], [<URLPattern 'bulk/delete/' [name='bulk_delete']>], [<URLPattern 'admin-dashboard/' [name='admin_dashboard']>], [<URLPattern 'admin-users/' [name='admin_users']>], [<URLPattern 'admin-content/' [name='admin_content']>], [<URLPattern 'admin-settings/' [name='admin_settings']>], [<URLPattern 'password-reset/' [name='password_reset']>], [<URLPattern 'password-reset/done/' [name='password_reset_done']>], [<URLPattern 'password-reset-confirm/<uidb64>/<token>/' [name='password_reset_confirm']>], [<URLPattern 'password-reset-complete/' [name='password_reset_complete']>], [<URLResolver <module 'invoices.urls' from '/opt/render/project/src/invoices/urls.py'> (None:None) 'invoices/'>]], 'path': 'favicon.ico'}\n", "\nDuring handling of the above exception, another exception occurred:\n\n", "Traceback (most recent call last):\n", "  File \"/opt/render/project/src/.venv/lib/python3.11/site-packages/django/core/handlers/exception.py\", line 165, in get_exception_response\n    response = callback(request, exception=exception)\n               ^^^^^^^^^^^^^^^^^^^^^^^^^^^^^^^^^^^^^^\n", "  File \"/opt/render/project/src/invoices/views.py\", line 1085, in custom_404\n    return render(request, \"errors/404.html\", status=404)\n           ^^^^^^^^^^^^^^^^^^^^^^^^^^^^^^^^^^^^^^^^^^^^^^\n", "  File \"/opt/render/project/src/.venv/lib/python3.11/site-packages/django/shortcuts.py\", line 25, in render\n    content = loader.render_to_string(template_name, context, request, using=using)\n              ^^^^^^^^^^^^^^^^^^^^^^^^^^^^^^^^^^^^^^^^^^^^^^^^^^^^^^^^^^^^^^^^^^^^^\n", "  File \"/opt/render/project/src/.venv/lib/python3.11/site-packages/django/template/loader.py\", line 62, in render_to_string\n    return template.render(context, request)\n           ^^^^^^^^^^^^^^^^^^^^^^^^^^^^^^^^^\n", "  File \"/opt/render/project/src/.venv/lib/python3.11/site-packages/django/template/backends/django.py\", line 107, in render\n    return self.template.render(context)\n           ^^^^^^^^^^^^^^^^^^^^^^^^^^^^^\n", "  File \"/opt/render/project/src/.venv/lib/python3.11/site-packages/django/template/base.py\", line 171, in render\n    return self._render(context)\n           ^^^^^^^^^^^^^^^^^^^^^\n", "  File \"/opt/render/project/src/.venv/lib/python3.11/site-packages/django/template/base.py\", line 163, in _render\n    return self.nodelist.render(context)\n           ^^^^^^^^^^^^^^^^^^^^^^^^^^^^^\n", "  File \"/opt/render/project/src/.venv/lib/python3.11/site-packages/django/template/base.py\", line 1016, in render\n    return SafeString(\"\".join([node.render_annotated(context) for node in self]))\n                              ^^^^^^^^^^^^^^^^^^^^^^^^^^^^^^^^^^^^^^^^^^^^^^^^^\n", "  File \"/opt/render/project/src/.venv/lib/python3.11/site-packages/django/template/base.py\", line 1016, in <listcomp>\n    return SafeString(\"\".join([node.render_annotated(context) for node in self]))\n                               ^^^^^^^^^^^^^^^^^^^^^^^^^^^^^^\n", "  File \"/opt/render/project/src/.venv/lib/python3.11/site-packages/django/template/base.py\", line 977, in render_annotated\n    return self.render(context)\n           ^^^^^^^^^^^^^^^^^^^^\n", "  File \"/opt/render/project/src/.venv/lib/python3.11/site-packages/django/template/loader_tags.py\", line 159, in render\n    return compiled_parent._render(context)\n           ^^^^^^^^^^^^^^^^^^^^^^^^^^^^^^^^\n", "  File \"/opt/render/project/src/.venv/lib/python3.11/site-packages/django/template/base.py\", line 163, in _render\n    return self.nodelist.render(context)\n           ^^^^^^^^^^^^^^^^^^^^^^^^^^^^^\n", "  File \"/opt/render/project/src/.venv/lib/python3.11/site-packages/django/template/base.py\", line 1016, in render\n    return SafeString(\"\".join([node.render_annotated(context) for node in self]))\n                              ^^^^^^^^^^^^^^^^^^^^^^^^^^^^^^^^^^^^^^^^^^^^^^^^^\n", "  File \"/opt/render/project/src/.venv/lib/python3.11/site-packages/django/template/base.py\", line 1016, in <listcomp>\n    return SafeString(\"\".join([node.render_annotated(context) for node in self]))\n                               ^^^^^^^^^^^^^^^^^^^^^^^^^^^^^^\n", "  File \"/opt/render/project/src/.venv/lib/python3.11/site-packages/django/template/base.py\", line 977, in render_annotated\n    return self.render(context)\n           ^^^^^^^^^^^^^^^^^^^^\n", "  File \"/opt/render/project/src/.venv/lib/python3.11/site-packages/django/template/loader_tags.py\", line 65, in render\n    result = block.nodelist.render(context)\n             ^^^^^^^^^^^^^^^^^^^^^^^^^^^^^^\n", "  File \"/opt/render/project/src/.venv/lib/python3.11/site-packages/django/template/base.py\", line 1016, in render\n    return SafeString(\"\".join([node.render_annotated(context) for node in self]))\n                              ^^^^^^^^^^^^^^^^^^^^^^^^^^^^^^^^^^^^^^^^^^^^^^^^^\n", "  File \"/opt/render/project/src/.venv/lib/python3.11/site-packages/django/template/base.py\", line 1016, in <listcomp>\n    return SafeString(\"\".join([node.render_annotated(context) for node in self]))\n                               ^^^^^^^^^^^^^^^^^^^^^^^^^^^^^^\n", "  File \"/opt/render/project/src/.venv/lib/python3.11/site-packages/django/template/base.py\", line 977, in render_annotated\n    return self.render(context)\n           ^^^^^^^^^^^^^^^^^^^^\n", "  File \"/opt/render/project/src/.venv/lib/python3.11/site-packages/django/template/defaulttags.py\", line 480, in render\n    url = reverse(view_name, args=args, kwargs=kwargs, current_app=current_app)\n          ^^^^^^^^^^^^^^^^^^^^^^^^^^^^^^^^^^^^^^^^^^^^^^^^^^^^^^^^^^^^^^^^^^^^^\n", "  File \"/opt/render/project/src/.venv/lib/python3.11/site-packages/django/urls/base.py\", line 98, in reverse\n    resolved_url = resolver._reverse_with_prefix(view, prefix, *args, **kwargs)\n                   ^^^^^^^^^^^^^^^^^^^^^^^^^^^^^^^^^^^^^^^^^^^^^^^^^^^^^^^^^^^^\n", "  File \"/opt/render/project/src/.venv/lib/python3.11/site-packages/django/urls/resolvers.py\", line 831, in _reverse_with_prefix\n    raise NoReverseMatch(msg)\n", "django.urls.exceptions.NoReverseMatch: Reverse for 'newsletter_subscribe' not found. 'newsletter_subscribe' is not a valid view function or pattern name.\n", "\nDuring handling of the above exception, another exception occurred:\n\n", "Traceback (most recent call last):\n", "  File \"/opt/render/project/src/.venv/lib/python3.11/site-packages/django/core/handlers/exception.py\", line 55, in inner\n    response = get_response(request)\n               ^^^^^^^^^^^^^^^^^^^^^\n", "  File \"/opt/render/project/src/.venv/lib/python3.11/site-packages/django/utils/deprecation.py\", line 120, in __call__\n    response = response or self.get_response(request)\n                           ^^^^^^^^^^^^^^^^^^^^^^^^^^\n", "  File \"/opt/render/project/src/.venv/lib/python3.11/site-packages/django/core/handlers/exception.py\", line 57, in inner\n    response = response_for_exception(request, exc)\n               ^^^^^^^^^^^^^^^^^^^^^^^^^^^^^^^^^^^^\n", "  File \"/opt/render/project/src/.venv/lib/python3.11/site-packages/django/core/handlers/exception.py\", line 68, in response_for_exception\n    response = get_exception_response(\n               ^^^^^^^^^^^^^^^^^^^^^^^\n", "  File \"/opt/render/project/src/.venv/lib/python3.11/site-packages/django/core/handlers/exception.py\", line 168, in get_exception_response\n    response = handle_uncaught_exception(request, resolver, sys.exc_info())\n               ^^^^^^^^^^^^^^^^^^^^^^^^^^^^^^^^^^^^^^^^^^^^^^^^^^^^^^^^^^^^\n", "  File \"/opt/render/project/src/.venv/lib/python3.11/site-packages/django/core/handlers/exception.py\", line 186, in handle_uncaught_exception\n    return callback(request)\n           ^^^^^^^^^^^^^^^^^\n", "  File \"/opt/render/project/src/invoices/views.py\", line 1090, in custom_500\n    return render(request, \"errors/500.html\", status=500)\n           ^^^^^^^^^^^^^^^^^^^^^^^^^^^^^^^^^^^^^^^^^^^^^^\n", "  File \"/opt/render/project/src/.venv/lib/python3.11/site-packages/django/shortcuts.py\", line 25, in render\n    content = loader.render_to_string(template_name, context, request, using=using)\n              ^^^^^^^^^^^^^^^^^^^^^^^^^^^^^^^^^^^^^^^^^^^^^^^^^^^^^^^^^^^^^^^^^^^^^\n", "  File \"/opt/render/project/src/.venv/lib/python3.11/site-packages/django/template/loader.py\", line 62, in render_to_string\n    return template.render(context, request)\n           ^^^^^^^^^^^^^^^^^^^^^^^^^^^^^^^^^\n", "  File \"/opt/render/project/src/.venv/lib/python3.11/site-packages/django/template/backends/django.py\", line 107, in render\n    return self.template.render(context)\n           ^^^^^^^^^^^^^^^^^^^^^^^^^^^^^\n", "  File \"/opt/render/project/src/.venv/lib/python3.11/site-packages/django/template/base.py\", line 171, in render\n    return self._render(context)\n           ^^^^^^^^^^^^^^^^^^^^^\n", "  File \"/opt/render/project/src/.venv/lib/python3.11/site-packages/django/template/base.py\", line 163, in _render\n    return self.nodelist.render(context)\n           ^^^^^^^^^^^^^^^^^^^^^^^^^^^^^\n", "  File \"/opt/render/project/src/.venv/lib/python3.11/site-packages/django/template/base.py\", line 1016, in render\n    return SafeString(\"\".join([node.render_annotated(context) for node in self]))\n                              ^^^^^^^^^^^^^^^^^^^^^^^^^^^^^^^^^^^^^^^^^^^^^^^^^\n", "  File \"/opt/render/project/src/.venv/lib/python3.11/site-packages/django/template/base.py\", line 1016, in <listcomp>\n    return SafeString(\"\".join([node.render_annotated(context) for node in self]))\n                               ^^^^^^^^^^^^^^^^^^^^^^^^^^^^^^\n", "  File \"/opt/render/project/src/.venv/lib/python3.11/site-packages/django/template/base.py\", line 977, in render_annotated\n    return self.render(context)\n           ^^^^^^^^^^^^^^^^^^^^\n", "  File \"/opt/render/project/src/.venv/lib/python3.11/site-packages/django/template/loader_tags.py\", line 159, in render\n    return compiled_parent._render(context)\n           ^^^^^^^^^^^^^^^^^^^^^^^^^^^^^^^^\n", "  File \"/opt/render/project/src/.venv/lib/python3.11/site-packages/django/template/base.py\", line 163, in _render\n    return self.nodelist.render(context)\n           ^^^^^^^^^^^^^^^^^^^^^^^^^^^^^\n", "  File \"/opt/render/project/src/.venv/lib/python3.11/site-packages/django/template/base.py\", line 1016, in render\n    return SafeString(\"\".join([node.render_annotated(context) for node in self]))\n                              ^^^^^^^^^^^^^^^^^^^^^^^^^^^^^^^^^^^^^^^^^^^^^^^^^\n", "  File \"/opt/render/project/src/.venv/lib/python3.11/site-packages/django/template/base.py\", line 1016, in <listcomp>\n    return SafeString(\"\".join([node.render_annotated(context) for node in self]))\n                               ^^^^^^^^^^^^^^^^^^^^^^^^^^^^^^\n", "  File \"/opt/render/project/src/.venv/lib/python3.11/site-packages/django/template/base.py\", line 977, in render_annotated\n    return self.render(context)\n           ^^^^^^^^^^^^^^^^^^^^\n", "  File \"/opt/render/project/src/.venv/lib/python3.11/site-packages/django/template/loader_tags.py\", line 65, in render\n    result = block.nodelist.render(context)\n             ^^^^^^^^^^^^^^^^^^^^^^^^^^^^^^\n", "  File \"/opt/render/project/src/.venv/lib/python3.11/site-packages/django/template/base.py\", line 1016, in render\n    return SafeString(\"\".join([node.render_annotated(context) for node in self]))\n                              ^^^^^^^^^^^^^^^^^^^^^^^^^^^^^^^^^^^^^^^^^^^^^^^^^\n", "  File \"/opt/render/project/src/.venv/lib/python3.11/site-packages/django/template/base.py\", line 1016, in <listcomp>\n    return SafeString(\"\".join([node.render_annotated(context) for node in self]))\n                               ^^^^^^^^^^^^^^^^^^^^^^^^^^^^^^\n", "  File \"/opt/render/project/src/.venv/lib/python3.11/site-packages/django/template/base.py\", line 977, in render_annotated\n    return self.render(context)\n           ^^^^^^^^^^^^^^^^^^^^\n", "  File \"/opt/render/project/src/.venv/lib/python3.11/site-packages/django/template/defaulttags.py\", line 480, in render\n    url = reverse(view_name, args=args, kwargs=kwargs, current_app=current_app)\n          ^^^^^^^^^^^^^^^^^^^^^^^^^^^^^^^^^^^^^^^^^^^^^^^^^^^^^^^^^^^^^^^^^^^^^\n", "  File \"/opt/render/project/src/.venv/lib/python3.11/site-packages/django/urls/base.py\", line 98, in reverse\n    resolved_url = resolver._reverse_with_prefix(view, prefix, *args, **kwargs)\n                   ^^^^^^^^^^^^^^^^^^^^^^^^^^^^^^^^^^^^^^^^^^^^^^^^^^^^^^^^^^^^\n", "  File \"/opt/render/project/src/.venv/lib/python3.11/site-packages/django/urls/resolvers.py\", line 831, in _reverse_with_prefix\n    raise NoReverseMatch(msg)\n", "django.urls.exceptions.NoReverseMatch: Reverse for 'newsletter_subscribe' not found. 'newsletter_subscribe' is not a valid view function or pattern name.\n", "\nDuring handling of the above exception, another exception occurred:\n\n", "Traceback (most recent call last):\n", "  File \"/opt/render/project/src/.venv/lib/python3.11/site-packages/django/core/handlers/exception.py\", line 55, in inner\n    response = get_response(request)\n               ^^^^^^^^^^^^^^^^^^^^^\n", "  File \"/opt/render/project/src/.venv/lib/python3.11/site-packages/django/utils/deprecation.py\", line 120, in __call__\n    response = response or self.get_response(request)\n                           ^^^^^^^^^^^^^^^^^^^^^^^^^^\n", "  File \"/opt/render/project/src/.venv/lib/python3.11/site-packages/django/core/handlers/exception.py\", line 57, in inner\n    response = response_for_exception(request, exc)\n               ^^^^^^^^^^^^^^^^^^^^^^^^^^^^^^^^^^^^\n", "  File \"/opt/render/project/src/.venv/lib/python3.11/site-packages/django/core/handlers/exception.py\", line 141, in response_for_exception\n    response = handle_uncaught_exception(\n               ^^^^^^^^^^^^^^^^^^^^^^^^^^\n", "  File \"/opt/render/project/src/.venv/lib/python3.11/site-packages/django/core/handlers/exception.py\", line 186, in handle_uncaught_exception\n    return callback(request)\n           ^^^^^^^^^^^^^^^^^\n", "  File \"/opt/render/project/src/invoices/views.py\", line 1090, in custom_500\n    return render(request, \"errors/500.html\", status=500)\n           ^^^^^^^^^^^^^^^^^^^^^^^^^^^^^^^^^^^^^^^^^^^^^^\n", "  File \"/opt/render/project/src/.venv/lib/python3.11/site-packages/django/shortcuts.py\", line 25, in render\n    content = loader.render_to_string(template_name, context, request, using=using)\n              ^^^^^^^^^^^^^^^^^^^^^^^^^^^^^^^^^^^^^^^^^^^^^^^^^^^^^^^^^^^^^^^^^^^^^\n", "  File \"/opt/render/project/src/.venv/lib/python3.11/site-packages/django/template/loader.py\", line 62, in render_to_string\n    return template.render(context, request)\n           ^^^^^^^^^^^^^^^^^^^^^^^^^^^^^^^^^\n", "  File \"/opt/render/project/src/.venv/lib/python3.11/site-packages/django/template/backends/django.py\", line 107, in render\n    return self.template.render(context)\n           ^^^^^^^^^^^^^^^^^^^^^^^^^^^^^\n", "  File \"/opt/render/project/src/.venv/lib/python3.11/site-packages/django/template/base.py\", line 171, in render\n    return self._render(context)\n           ^^^^^^^^^^^^^^^^^^^^^\n", "  File \"/opt/render/project/src/.venv/lib/python3.11/site-packages/django/template/base.py\", line 163, in _render\n    return self.nodelist.render(context)\n           ^^^^^^^^^^^^^^^^^^^^^^^^^^^^^\n", "  File \"/opt/render/project/src/.venv/lib/python3.11/site-packages/django/template/base.py\", line 1016, in render\n    return SafeString(\"\".join([node.render_annotated(context) for node in self]))\n                              ^^^^^^^^^^^^^^^^^^^^^^^^^^^^^^^^^^^^^^^^^^^^^^^^^\n", "  File \"/opt/render/project/src/.venv/lib/python3.11/site-packages/django/template/base.py\", line 1016, in <listcomp>\n    return SafeString(\"\".join([node.render_annotated(context) for node in self]))\n                               ^^^^^^^^^^^^^^^^^^^^^^^^^^^^^^\n", "  File \"/opt/render/project/src/.venv/lib/python3.11/site-packages/django/template/base.py\", line 977, in render_annotated\n    return self.render(context)\n           ^^^^^^^^^^^^^^^^^^^^\n", "  File \"/opt/render/project/src/.venv/lib/python3.11/site-packages/django/template/loader_tags.py\", line 159, in render\n    return compiled_parent._render(context)\n           ^^^^^^^^^^^^^^^^^^^^^^^^^^^^^^^^\n", "  File \"/opt/render/project/src/.venv/lib/python3.11/site-packages/django/template/base.py\", line 163, in _render\n    return self.nodelist.render(context)\n           ^^^^^^^^^^^^^^^^^^^^^^^^^^^^^\n", "  File \"/opt/render/project/src/.venv/lib/python3.11/site-packages/django/template/base.py\", line 1016, in render\n    return SafeString(\"\".join([node.render_annotated(context) for node in self]))\n                              ^^^^^^^^^^^^^^^^^^^^^^^^^^^^^^^^^^^^^^^^^^^^^^^^^\n", "  File \"/opt/render/project/src/.venv/lib/python3.11/site-packages/django/template/base.py\", line 1016, in <listcomp>\n    return SafeString(\"\".join([node.render_annotated(context) for node in self]))\n                               ^^^^^^^^^^^^^^^^^^^^^^^^^^^^^^\n", "  File \"/opt/render/project/src/.venv/lib/python3.11/site-packages/django/template/base.py\", line 977, in render_annotated\n    return self.render(context)\n           ^^^^^^^^^^^^^^^^^^^^\n", "  File \"/opt/render/project/src/.venv/lib/python3.11/site-packages/django/template/loader_tags.py\", line 65, in render\n    result = block.nodelist.render(context)\n             ^^^^^^^^^^^^^^^^^^^^^^^^^^^^^^\n", "  File \"/opt/render/project/src/.venv/lib/python3.11/site-packages/django/template/base.py\", line 1016, in render\n    return SafeString(\"\".join([node.render_annotated(context) for node in self]))\n                              ^^^^^^^^^^^^^^^^^^^^^^^^^^^^^^^^^^^^^^^^^^^^^^^^^\n", "  File \"/opt/render/project/src/.venv/lib/python3.11/site-packages/django/template/base.py\", line 1016, in <listcomp>\n    return SafeString(\"\".join([node.render_annotated(context) for node in self]))\n                               ^^^^^^^^^^^^^^^^^^^^^^^^^^^^^^\n", "  File \"/opt/render/project/src/.venv/lib/python3.11/site-packages/django/template/base.py\", line 977, in render_annotated\n    return self.render(context)\n           ^^^^^^^^^^^^^^^^^^^^\n", "  File \"/opt/render/project/src/.venv/lib/python3.11/site-packages/django/template/defaulttags.py\", line 480, in render\n    url = reverse(view_name, args=args, kwargs=kwargs, current_app=current_app)\n          ^^^^^^^^^^^^^^^^^^^^^^^^^^^^^^^^^^^^^^^^^^^^^^^^^^^^^^^^^^^^^^^^^^^^^\n", "  File \"/opt/render/project/src/.venv/lib/python3.11/site-packages/django/urls/base.py\", line 98, in reverse\n    resolved_url = resolver._reverse_with_prefix(view, prefix, *args, **kwargs)\n                   ^^^^^^^^^^^^^^^^^^^^^^^^^^^^^^^^^^^^^^^^^^^^^^^^^^^^^^^^^^^^\n", "  File \"/opt/render/project/src/.venv/lib/python3.11/site-packages/django/urls/resolvers.py\", line 831, in _reverse_with_prefix\n    raise NoReverseMatch(msg)\n", "django.urls.exceptions.NoReverseMatch: Reverse for 'newsletter_subscribe' not found. 'newsletter_subscribe' is not a valid view function or pattern name.\n", "\nDuring handling of the above exception, another exception occurred:\n\n", "Traceback (most recent call last):\n", "  File \"/opt/render/project/src/.venv/lib/python3.11/site-packages/django/core/handlers/exception.py\", line 55, in inner\n    response = get_response(request)\n               ^^^^^^^^^^^^^^^^^^^^^\n", "  File \"/opt/render/project/src/invoiceflow/unified_middleware.py\", line 460, in __call__\n    response = self.get_response(request)\n               ^^^^^^^^^^^^^^^^^^^^^^^^^^\n", "  File \"/opt/render/project/src/.venv/lib/python3.11/site-packages/django/core/handlers/exception.py\", line 57, in inner\n    response = response_for_exception(request, exc)\n               ^^^^^^^^^^^^^^^^^^^^^^^^^^^^^^^^^^^^\n", "  File \"/opt/render/project/src/.venv/lib/python3.11/site-packages/django/core/handlers/exception.py\", line 141, in response_for_exception\n    response = handle_uncaught_exception(\n               ^^^^^^^^^^^^^^^^^^^^^^^^^^\n", "  File \"/opt/render/project/src/.venv/lib/python3.11/site-packages/django/core/handlers/exception.py\", line 186, in handle_uncaught_exception\n    return callback(request)\n           ^^^^^^^^^^^^^^^^^\n", "  File \"/opt/render/project/src/invoices/views.py\", line 1090, in custom_500\n    return render(request, \"errors/500.html\", status=500)\n           ^^^^^^^^^^^^^^^^^^^^^^^^^^^^^^^^^^^^^^^^^^^^^^\n", "  File \"/opt/render/project/src/.venv/lib/python3.11/site-packages/django/shortcuts.py\", line 25, in render\n    content = loader.render_to_string(template_name, context, request, using=using)\n              ^^^^^^^^^^^^^^^^^^^^^^^^^^^^^^^^^^^^^^^^^^^^^^^^^^^^^^^^^^^^^^^^^^^^^\n", "  File \"/opt/render/project/src/.venv/lib/python3.11/site-packages/django/template/loader.py\", line 62, in render_to_string\n    return template.render(context, request)\n           ^^^^^^^^^^^^^^^^^^^^^^^^^^^^^^^^^\n", "  File \"/opt/render/project/src/.venv/lib/python3.11/site-packages/django/template/backends/django.py\", line 107, in render\n    return self.template.render(context)\n           ^^^^^^^^^^^^^^^^^^^^^^^^^^^^^\n", "  File \"/opt/render/project/src/.venv/lib/python3.11/site-packages/django/template/base.py\", line 171, in render\n    return self._render(context)\n           ^^^^^^^^^^^^^^^^^^^^^\n", "  File \"/opt/render/project/src/.venv/lib/python3.11/site-packages/django/template/base.py\", line 163, in _render\n    return self.nodelist.render(context)\n           ^^^^^^^^^^^^^^^^^^^^^^^^^^^^^\n", "  File \"/opt/render/project/src/.venv/lib/python3.11/site-packages/django/template/base.py\", line 1016, in render\n    return SafeString(\"\".join([node.render_annotated(context) for node in self]))\n                              ^^^^^^^^^^^^^^^^^^^^^^^^^^^^^^^^^^^^^^^^^^^^^^^^^\n", "  File \"/opt/render/project/src/.venv/lib/python3.11/site-packages/django/template/base.py\", line 1016, in <listcomp>\n    return SafeString(\"\".join([node.render_annotated(context) for node in self]))\n                               ^^^^^^^^^^^^^^^^^^^^^^^^^^^^^^\n", "  File \"/opt/render/project/src/.venv/lib/python3.11/site-packages/django/template/base.py\", line 977, in render_annotated\n    return self.render(context)\n           ^^^^^^^^^^^^^^^^^^^^\n", "  File \"/opt/render/project/src/.venv/lib/python3.11/site-packages/django/template/loader_tags.py\", line 159, in render\n    return compiled_parent._render(context)\n           ^^^^^^^^^^^^^^^^^^^^^^^^^^^^^^^^\n", "  File \"/opt/render/project/src/.venv/lib/python3.11/site-packages/django/template/base.py\", line 163, in _render\n    return self.nodelist.render(context)\n           ^^^^^^^^^^^^^^^^^^^^^^^^^^^^^\n", "  File \"/opt/render/project/src/.venv/lib/python3.11/site-packages/django/template/base.py\", line 1016, in render\n    return SafeString(\"\".join([node.render_annotated(context) for node in self]))\n                              ^^^^^^^^^^^^^^^^^^^^^^^^^^^^^^^^^^^^^^^^^^^^^^^^^\n", "  File \"/opt/render/project/src/.venv/lib/python3.11/site-packages/django/template/base.py\", line 1016, in <listcomp>\n    return SafeString(\"\".join([node.render_annotated(context) for node in self]))\n                               ^^^^^^^^^^^^^^^^^^^^^^^^^^^^^^\n", "  File \"/opt/render/project/src/.venv/lib/python3.11/site-packages/django/template/base.py\", line 977, in render_annotated\n    return self.render(context)\n           ^^^^^^^^^^^^^^^^^^^^\n", "  File \"/opt/render/project/src/.venv/lib/python3.11/site-packages/django/template/loader_tags.py\", line 65, in render\n    result = block.nodelist.render(context)\n             ^^^^^^^^^^^^^^^^^^^^^^^^^^^^^^\n", "  File \"/opt/render/project/src/.venv/lib/python3.11/site-packages/django/template/base.py\", line 1016, in render\n    return SafeString(\"\".join([node.render_annotated(context) for node in self]))\n                              ^^^^^^^^^^^^^^^^^^^^^^^^^^^^^^^^^^^^^^^^^^^^^^^^^\n", "  File \"/opt/render/project/src/.venv/lib/python3.11/site-packages/django/template/base.py\", line 1016, in <listcomp>\n    return SafeString(\"\".join([node.render_annotated(context) for node in self]))\n                               ^^^^^^^^^^^^^^^^^^^^^^^^^^^^^^\n", "  File \"/opt/render/project/src/.venv/lib/python3.11/site-packages/django/template/base.py\", line 977, in render_annotated\n    return self.render(context)\n           ^^^^^^^^^^^^^^^^^^^^\n", "  File \"/opt/render/project/src/.venv/lib/python3.11/site-packages/django/template/defaulttags.py\", line 480, in render\n    url = reverse(view_name, args=args, kwargs=kwargs, current_app=current_app)\n          ^^^^^^^^^^^^^^^^^^^^^^^^^^^^^^^^^^^^^^^^^^^^^^^^^^^^^^^^^^^^^^^^^^^^^\n", "  File \"/opt/render/project/src/.venv/lib/python3.11/site-packages/django/urls/base.py\", line 98, in reverse\n    resolved_url = resolver._reverse_with_prefix(view, prefix, *args, **kwargs)\n                   ^^^^^^^^^^^^^^^^^^^^^^^^^^^^^^^^^^^^^^^^^^^^^^^^^^^^^^^^^^^^\n", "  File \"/opt/render/project/src/.venv/lib/python3.11/site-packages/django/urls/resolvers.py\", line 831, in _reverse_with_prefix\n    raise NoReverseMatch(msg)\n", "django.urls.exceptions.NoReverseMatch: Reverse for 'newsletter_subscribe' not found. 'newsletter_subscribe' is not a valid view function or pattern name.\n", "\nDuring handling of the above exception, another exception occurred:\n\n", "Traceback (most recent call last):\n", "  File \"/opt/render/project/src/.venv/lib/python3.11/site-packages/django/core/handlers/exception.py\", line 55, in inner\n    response = get_response(request)\n               ^^^^^^^^^^^^^^^^^^^^^\n", "  File \"/opt/render/project/src/.venv/lib/python3.11/site-packages/django/utils/deprecation.py\", line 120, in __call__\n    response = response or self.get_response(request)\n                           ^^^^^^^^^^^^^^^^^^^^^^^^^^\n", "  File \"/opt/render/project/src/.venv/lib/python3.11/site-packages/django/core/handlers/exception.py\", line 57, in inner\n    response = response_for_exception(request, exc)\n               ^^^^^^^^^^^^^^^^^^^^^^^^^^^^^^^^^^^^\n", "  File \"/opt/render/project/src/.venv/lib/python3.11/site-packages/django/core/handlers/exception.py\", line 141, in response_for_exception\n    response = handle_uncaught_exception(\n               ^^^^^^^^^^^^^^^^^^^^^^^^^^\n", "  File \"/opt/render/project/src/.venv/lib/python3.11/site-packages/django/core/handlers/exception.py\", line 186, in handle_uncaught_exception\n    return callback(request)\n           ^^^^^^^^^^^^^^^^^\n", "  File \"/opt/render/project/src/invoices/views.py\", line 1090, in custom_500\n    return render(request, \"errors/500.html\", status=500)\n           ^^^^^^^^^^^^^^^^^^^^^^^^^^^^^^^^^^^^^^^^^^^^^^\n", "  File \"/opt/render/project/src/.venv/lib/python3.11/site-packages/django/shortcuts.py\", line 25, in render\n    content = loader.render_to_string(template_name, context, request, using=using)\n              ^^^^^^^^^^^^^^^^^^^^^^^^^^^^^^^^^^^^^^^^^^^^^^^^^^^^^^^^^^^^^^^^^^^^^\n", "  File \"/opt/render/project/src/.venv/lib/python3.11/site-packages/django/template/loader.py\", line 62, in render_to_string\n    return template.render(context, request)\n           ^^^^^^^^^^^^^^^^^^^^^^^^^^^^^^^^^\n", "  File \"/opt/render/project/src/.venv/lib/python3.11/site-packages/django/template/backends/django.py\", line 107, in render\n    return self.template.render(context)\n           ^^^^^^^^^^^^^^^^^^^^^^^^^^^^^\n", "  File \"/opt/render/project/src/.venv/lib/python3.11/site-packages/django/template/base.py\", line 171, in render\n    return self._render(context)\n           ^^^^^^^^^^^^^^^^^^^^^\n", "  File \"/opt/render/project/src/.venv/lib/python3.11/site-packages/django/template/base.py\", line 163, in _render\n    return self.nodelist.render(context)\n           ^^^^^^^^^^^^^^^^^^^^^^^^^^^^^\n", "  File \"/opt/render/project/src/.venv/lib/python3.11/site-packages/django/template/base.py\", line 1016, in render\n    return SafeString(\"\".join([node.render_annotated(context) for node in self]))\n                              ^^^^^^^^^^^^^^^^^^^^^^^^^^^^^^^^^^^^^^^^^^^^^^^^^\n", "  File \"/opt/render/project/src/.venv/lib/python3.11/site-packages/django/template/base.py\", line 1016, in <listcomp>\n    return SafeString(\"\".join([node.render_annotated(context) for node in self]))\n                               ^^^^^^^^^^^^^^^^^^^^^^^^^^^^^^\n", "  File \"/opt/render/project/src/.venv/lib/python3.11/site-packages/django/template/base.py\", line 977, in render_annotated\n    return self.render(context)\n           ^^^^^^^^^^^^^^^^^^^^\n", "  File \"/opt/render/project/src/.venv/lib/python3.11/site-packages/django/template/loader_tags.py\", line 159, in render\n    return compiled_parent._render(context)\n           ^^^^^^^^^^^^^^^^^^^^^^^^^^^^^^^^\n", "  File \"/opt/render/project/src/.venv/lib/python3.11/site-packages/django/template/base.py\", line 163, in _render\n    return self.nodelist.render(context)\n           ^^^^^^^^^^^^^^^^^^^^^^^^^^^^^\n", "  File \"/opt/render/project/src/.venv/lib/python3.11/site-packages/django/template/base.py\", line 1016, in render\n    return SafeString(\"\".join([node.render_annotated(context) for node in self]))\n                              ^^^^^^^^^^^^^^^^^^^^^^^^^^^^^^^^^^^^^^^^^^^^^^^^^\n", "  File \"/opt/render/project/src/.venv/lib/python3.11/site-packages/django/template/base.py\", line 1016, in <listcomp>\n    return SafeString(\"\".join([node.render_annotated(context) for node in self]))\n                               ^^^^^^^^^^^^^^^^^^^^^^^^^^^^^^\n", "  File \"/opt/render/project/src/.venv/lib/python3.11/site-packages/django/template/base.py\", line 977, in render_annotated\n    return self.render(context)\n           ^^^^^^^^^^^^^^^^^^^^\n", "  File \"/opt/render/project/src/.venv/lib/python3.11/site-packages/django/template/loader_tags.py\", line 65, in render\n    result = block.nodelist.render(context)\n             ^^^^^^^^^^^^^^^^^^^^^^^^^^^^^^\n", "  File \"/opt/render/project/src/.venv/lib/python3.11/site-packages/django/template/base.py\", line 1016, in render\n    return SafeString(\"\".join([node.render_annotated(context) for node in self]))\n                              ^^^^^^^^^^^^^^^^^^^^^^^^^^^^^^^^^^^^^^^^^^^^^^^^^\n", "  File \"/opt/render/project/src/.venv/lib/python3.11/site-packages/django/template/base.py\", line 1016, in <listcomp>\n    return SafeString(\"\".join([node.render_annotated(context) for node in self]))\n                               ^^^^^^^^^^^^^^^^^^^^^^^^^^^^^^\n", "  File \"/opt/render/project/src/.venv/lib/python3.11/site-packages/django/template/base.py\", line 977, in render_annotated\n    return self.render(context)\n           ^^^^^^^^^^^^^^^^^^^^\n", "  File \"/opt/render/project/src/.venv/lib/python3.11/site-packages/django/template/defaulttags.py\", line 480, in render\n    url = reverse(view_name, args=args, kwargs=kwargs, current_app=current_app)\n          ^^^^^^^^^^^^^^^^^^^^^^^^^^^^^^^^^^^^^^^^^^^^^^^^^^^^^^^^^^^^^^^^^^^^^\n", "  File \"/opt/render/project/src/.venv/lib/python3.11/site-packages/django/urls/base.py\", line 98, in reverse\n    resolved_url = resolver._reverse_with_prefix(view, prefix, *args, **kwargs)\n                   ^^^^^^^^^^^^^^^^^^^^^^^^^^^^^^^^^^^^^^^^^^^^^^^^^^^^^^^^^^^^\n", "  File \"/opt/render/project/src/.venv/lib/python3.11/site-packages/django/urls/resolvers.py\", line 831, in _reverse_with_prefix\n    raise NoReverseMatch(msg)\n", "django.urls.exceptions.NoReverseMatch: Reverse for 'newsletter_subscribe' not found. 'newsletter_subscribe' is not a valid view function or pattern name.\n", "\nDuring handling of the above exception, another exception occurred:\n\n", "Traceback (most recent call last):\n", "  File \"/opt/render/project/src/.venv/lib/python3.11/site-packages/django/core/handlers/exception.py\", line 55, in inner\n    response = get_response(request)\n               ^^^^^^^^^^^^^^^^^^^^^\n", "  File \"/opt/render/project/src/.venv/lib/python3.11/site-packages/django/utils/deprecation.py\", line 120, in __call__\n    response = response or self.get_response(request)\n                           ^^^^^^^^^^^^^^^^^^^^^^^^^^\n", "  File \"/opt/render/project/src/.venv/lib/python3.11/site-packages/django/core/handlers/exception.py\", line 57, in inner\n    response = response_for_exception(request, exc)\n               ^^^^^^^^^^^^^^^^^^^^^^^^^^^^^^^^^^^^\n", "  File \"/opt/render/project/src/.venv/lib/python3.11/site-packages/django/core/handlers/exception.py\", line 141, in response_for_exception\n    response = handle_uncaught_exception(\n               ^^^^^^^^^^^^^^^^^^^^^^^^^^\n", "  File \"/opt/render/project/src/.venv/lib/python3.11/site-packages/django/core/handlers/exception.py\", line 186, in handle_uncaught_exception\n    return callback(request)\n           ^^^^^^^^^^^^^^^^^\n", "  File \"/opt/render/project/src/invoices/views.py\", line 1090, in custom_500\n    return render(request, \"errors/500.html\", status=500)\n           ^^^^^^^^^^^^^^^^^^^^^^^^^^^^^^^^^^^^^^^^^^^^^^\n", "  File \"/opt/render/project/src/.venv/lib/python3.11/site-packages/django/shortcuts.py\", line 25, in render\n    content = loader.render_to_string(template_name, context, request, using=using)\n              ^^^^^^^^^^^^^^^^^^^^^^^^^^^^^^^^^^^^^^^^^^^^^^^^^^^^^^^^^^^^^^^^^^^^^\n", "  File \"/opt/render/project/src/.venv/lib/python3.11/site-packages/django/template/loader.py\", line 62, in render_to_string\n    return template.render(context, request)\n           ^^^^^^^^^^^^^^^^^^^^^^^^^^^^^^^^^\n", "  File \"/opt/render/project/src/.venv/lib/python3.11/site-packages/django/template/backends/django.py\", line 107, in render\n    return self.template.render(context)\n           ^^^^^^^^^^^^^^^^^^^^^^^^^^^^^\n", "  File \"/opt/render/project/src/.venv/lib/python3.11/site-packages/django/template/base.py\", line 171, in render\n    return self._render(context)\n           ^^^^^^^^^^^^^^^^^^^^^\n", "  File \"/opt/render/project/src/.venv/lib/python3.11/site-packages/django/template/base.py\", line 163, in _render\n    return self.nodelist.render(context)\n           ^^^^^^^^^^^^^^^^^^^^^^^^^^^^^\n", "  File \"/opt/render/project/src/.venv/lib/python3.11/site-packages/django/template/base.py\", line 1016, in render\n    return SafeString(\"\".join([node.render_annotated(context) for node in self]))\n                              ^^^^^^^^^^^^^^^^^^^^^^^^^^^^^^^^^^^^^^^^^^^^^^^^^\n", "  File \"/opt/render/project/src/.venv/lib/python3.11/site-packages/django/template/base.py\", line 1016, in <listcomp>\n    return SafeString(\"\".join([node.render_annotated(context) for node in self]))\n                               ^^^^^^^^^^^^^^^^^^^^^^^^^^^^^^\n", "  File \"/opt/render/project/src/.venv/lib/python3.11/site-packages/django/template/base.py\", line 977, in render_annotated\n    return self.render(context)\n           ^^^^^^^^^^^^^^^^^^^^\n", "  File \"/opt/render/project/src/.venv/lib/python3.11/site-packages/django/template/loader_tags.py\", line 159, in render\n    return compiled_parent._render(context)\n           ^^^^^^^^^^^^^^^^^^^^^^^^^^^^^^^^\n", "  File \"/opt/render/project/src/.venv/lib/python3.11/site-packages/django/template/base.py\", line 163, in _render\n    return self.nodelist.render(context)\n           ^^^^^^^^^^^^^^^^^^^^^^^^^^^^^\n", "  File \"/opt/render/project/src/.venv/lib/python3.11/site-packages/django/template/base.py\", line 1016, in render\n    return SafeString(\"\".join([node.render_annotated(context) for node in self]))\n                              ^^^^^^^^^^^^^^^^^^^^^^^^^^^^^^^^^^^^^^^^^^^^^^^^^\n", "  File \"/opt/render/project/src/.venv/lib/python3.11/site-packages/django/template/base.py\", line 1016, in <listcomp>\n    return SafeString(\"\".join([node.render_annotated(context) for node in self]))\n                               ^^^^^^^^^^^^^^^^^^^^^^^^^^^^^^\n", "  File \"/opt/render/project/src/.venv/lib/python3.11/site-packages/django/template/base.py\", line 977, in render_annotated\n    return self.render(context)\n           ^^^^^^^^^^^^^^^^^^^^\n", "  File \"/opt/render/project/src/.venv/lib/python3.11/site-packages/django/template/loader_tags.py\", line 65, in render\n    result = block.nodelist.render(context)\n             ^^^^^^^^^^^^^^^^^^^^^^^^^^^^^^\n", "  File \"/opt/render/project/src/.venv/lib/python3.11/site-packages/django/template/base.py\", line 1016, in render\n    return SafeString(\"\".join([node.render_annotated(context) for node in self]))\n                              ^^^^^^^^^^^^^^^^^^^^^^^^^^^^^^^^^^^^^^^^^^^^^^^^^\n", "  File \"/opt/render/project/src/.venv/lib/python3.11/site-packages/django/template/base.py\", line 1016, in <listcomp>\n    return SafeString(\"\".join([node.render_annotated(context) for node in self]))\n                               ^^^^^^^^^^^^^^^^^^^^^^^^^^^^^^\n", "  File \"/opt/render/project/src/.venv/lib/python3.11/site-packages/django/template/base.py\", line 977, in render_annotated\n    return self.render(context)\n           ^^^^^^^^^^^^^^^^^^^^\n", "  File \"/opt/render/project/src/.venv/lib/python3.11/site-packages/django/template/defaulttags.py\", line 480, in render\n    url = reverse(view_name, args=args, kwargs=kwargs, current_app=current_app)\n          ^^^^^^^^^^^^^^^^^^^^^^^^^^^^^^^^^^^^^^^^^^^^^^^^^^^^^^^^^^^^^^^^^^^^^\n", "  File \"/opt/render/project/src/.venv/lib/python3.11/site-packages/django/urls/base.py\", line 98, in reverse\n    resolved_url = resolver._reverse_with_prefix(view, prefix, *args, **kwargs)\n                   ^^^^^^^^^^^^^^^^^^^^^^^^^^^^^^^^^^^^^^^^^^^^^^^^^^^^^^^^^^^^\n", "  File \"/opt/render/project/src/.venv/lib/python3.11/site-packages/django/urls/resolvers.py\", line 831, in _reverse_with_prefix\n    raise NoReverseMatch(msg)\n", "django.urls.exceptions.NoReverseMatch: Reverse for 'newsletter_subscribe' not found. 'newsletter_subscribe' is not a valid view function or pattern name.\n", "\nDuring handling of the above exception, another exception occurred:\n\n", "Traceback (most recent call last):\n", "  File \"/opt/render/project/src/.venv/lib/python3.11/site-packages/django/core/handlers/exception.py\", line 55, in inner\n    response = get_response(request)\n               ^^^^^^^^^^^^^^^^^^^^^\n", "  File \"/opt/render/project/src/.venv/lib/python3.11/site-packages/django/utils/deprecation.py\", line 120, in __call__\n    response = response or self.get_response(request)\n                           ^^^^^^^^^^^^^^^^^^^^^^^^^^\n", "  File \"/opt/render/project/src/.venv/lib/python3.11/site-packages/django/core/handlers/exception.py\", line 57, in inner\n    response = response_for_exception(request, exc)\n               ^^^^^^^^^^^^^^^^^^^^^^^^^^^^^^^^^^^^\n", "  File \"/opt/render/project/src/.venv/lib/python3.11/site-packages/django/core/handlers/exception.py\", line 141, in response_for_exception\n    response = handle_uncaught_exception(\n               ^^^^^^^^^^^^^^^^^^^^^^^^^^\n", "  File \"/opt/render/project/src/.venv/lib/python3.11/site-packages/django/core/handlers/exception.py\", line 186, in handle_uncaught_exception\n    return callback(request)\n           ^^^^^^^^^^^^^^^^^\n", "  File \"/opt/render/project/src/invoices/views.py\", line 1090, in custom_500\n    return render(request, \"errors/500.html\", status=500)\n           ^^^^^^^^^^^^^^^^^^^^^^^^^^^^^^^^^^^^^^^^^^^^^^\n", "  File \"/opt/render/project/src/.venv/lib/python3.11/site-packages/django/shortcuts.py\", line 25, in render\n    content = loader.render_to_string(template_name, context, request, using=using)\n              ^^^^^^^^^^^^^^^^^^^^^^^^^^^^^^^^^^^^^^^^^^^^^^^^^^^^^^^^^^^^^^^^^^^^^\n", "  File \"/opt/render/project/src/.venv/lib/python3.11/site-packages/django/template/loader.py\", line 62, in render_to_string\n    return template.render(context, request)\n           ^^^^^^^^^^^^^^^^^^^^^^^^^^^^^^^^^\n", "  File \"/opt/render/project/src/.venv/lib/python3.11/site-packages/django/template/backends/django.py\", line 107, in render\n    return self.template.render(context)\n           ^^^^^^^^^^^^^^^^^^^^^^^^^^^^^\n", "  File \"/opt/render/project/src/.venv/lib/python3.11/site-packages/django/template/base.py\", line 171, in render\n    return self._render(context)\n           ^^^^^^^^^^^^^^^^^^^^^\n", "  File \"/opt/render/project/src/.venv/lib/python3.11/site-packages/django/template/base.py\", line 163, in _render\n    return self.nodelist.render(context)\n           ^^^^^^^^^^^^^^^^^^^^^^^^^^^^^\n", "  File \"/opt/render/project/src/.venv/lib/python3.11/site-packages/django/template/base.py\", line 1016, in render\n    return SafeString(\"\".join([node.render_annotated(context) for node in self]))\n                              ^^^^^^^^^^^^^^^^^^^^^^^^^^^^^^^^^^^^^^^^^^^^^^^^^\n", "  File \"/opt/render/project/src/.venv/lib/python3.11/site-packages/django/template/base.py\", line 1016, in <listcomp>\n    return SafeString(\"\".join([node.render_annotated(context) for node in self]))\n                               ^^^^^^^^^^^^^^^^^^^^^^^^^^^^^^\n", "  File \"/opt/render/project/src/.venv/lib/python3.11/site-packages/django/template/base.py\", line 977, in render_annotated\n    return self.render(context)\n           ^^^^^^^^^^^^^^^^^^^^\n", "  File \"/opt/render/project/src/.venv/lib/python3.11/site-packages/django/template/loader_tags.py\", line 159, in render\n    return compiled_parent._render(context)\n           ^^^^^^^^^^^^^^^^^^^^^^^^^^^^^^^^\n", "  File \"/opt/render/project/src/.venv/lib/python3.11/site-packages/django/template/base.py\", line 163, in _render\n    return self.nodelist.render(context)\n           ^^^^^^^^^^^^^^^^^^^^^^^^^^^^^\n", "  File \"/opt/render/project/src/.venv/lib/python3.11/site-packages/django/template/base.py\", line 1016, in render\n    return SafeString(\"\".join([node.render_annotated(context) for node in self]))\n                              ^^^^^^^^^^^^^^^^^^^^^^^^^^^^^^^^^^^^^^^^^^^^^^^^^\n", "  File \"/opt/render/project/src/.venv/lib/python3.11/site-packages/django/template/base.py\", line 1016, in <listcomp>\n    return SafeString(\"\".join([node.render_annotated(context) for node in self]))\n                               ^^^^^^^^^^^^^^^^^^^^^^^^^^^^^^\n", "  File \"/opt/render/project/src/.venv/lib/python3.11/site-packages/django/template/base.py\", line 977, in render_annotated\n    return self.render(context)\n           ^^^^^^^^^^^^^^^^^^^^\n", "  File \"/opt/render/project/src/.venv/lib/python3.11/site-packages/django/template/loader_tags.py\", line 65, in render\n    result = block.nodelist.render(context)\n             ^^^^^^^^^^^^^^^^^^^^^^^^^^^^^^\n", "  File \"/opt/render/project/src/.venv/lib/python3.11/site-packages/django/template/base.py\", line 1016, in render\n    return SafeString(\"\".join([node.render_annotated(context) for node in self]))\n                              ^^^^^^^^^^^^^^^^^^^^^^^^^^^^^^^^^^^^^^^^^^^^^^^^^\n", "  File \"/opt/render/project/src/.venv/lib/python3.11/site-packages/django/template/base.py\", line 1016, in <listcomp>\n    return SafeString(\"\".join([node.render_annotated(context) for node in self]))\n                               ^^^^^^^^^^^^^^^^^^^^^^^^^^^^^^\n", "  File \"/opt/render/project/src/.venv/lib/python3.11/site-packages/django/template/base.py\", line 977, in render_annotated\n    return self.render(context)\n           ^^^^^^^^^^^^^^^^^^^^\n", "  File \"/opt/render/project/src/.venv/lib/python3.11/site-packages/django/template/defaulttags.py\", line 480, in render\n    url = reverse(view_name, args=args, kwargs=kwargs, current_app=current_app)\n          ^^^^^^^^^^^^^^^^^^^^^^^^^^^^^^^^^^^^^^^^^^^^^^^^^^^^^^^^^^^^^^^^^^^^^\n", "  File \"/opt/render/project/src/.venv/lib/python3.11/site-packages/django/urls/base.py\", line 98, in reverse\n    resolved_url = resolver._reverse_with_prefix(view, prefix, *args, **kwargs)\n                   ^^^^^^^^^^^^^^^^^^^^^^^^^^^^^^^^^^^^^^^^^^^^^^^^^^^^^^^^^^^^\n", "  File \"/opt/render/project/src/.venv/lib/python3.11/site-packages/django/urls/resolvers.py\", line 831, in _reverse_with_prefix\n    raise NoReverseMatch(msg)\n", "django.urls.exceptions.NoReverseMatch: Reverse for 'newsletter_subscribe' not found. 'newsletter_subscribe' is not a valid view function or pattern name.\n", "\nDuring handling of the above exception, another exception occurred:\n\n", "Traceback (most recent call last):\n", "  File \"/opt/render/project/src/.venv/lib/python3.11/site-packages/django/core/handlers/exception.py\", line 55, in inner\n    response = get_response(request)\n               ^^^^^^^^^^^^^^^^^^^^^\n", "  File \"/opt/render/project/src/.venv/lib/python3.11/site-packages/django/utils/deprecation.py\", line 120, in __call__\n    response = response or self.get_response(request)\n                           ^^^^^^^^^^^^^^^^^^^^^^^^^^\n", "  File \"/opt/render/project/src/.venv/lib/python3.11/site-packages/django/core/handlers/exception.py\", line 57, in inner\n    response = response_for_exception(request, exc)\n               ^^^^^^^^^^^^^^^^^^^^^^^^^^^^^^^^^^^^\n", "  File \"/opt/render/project/src/.venv/lib/python3.11/site-packages/django/core/handlers/exception.py\", line 141, in response_for_exception\n    response = handle_uncaught_exception(\n               ^^^^^^^^^^^^^^^^^^^^^^^^^^\n", "  File \"/opt/render/project/src/.venv/lib/python3.11/site-packages/django/core/handlers/exception.py\", line 186, in handle_uncaught_exception\n    return callback(request)\n           ^^^^^^^^^^^^^^^^^\n", "  File \"/opt/render/project/src/invoices/views.py\", line 1090, in custom_500\n    return render(request, \"errors/500.html\", status=500)\n           ^^^^^^^^^^^^^^^^^^^^^^^^^^^^^^^^^^^^^^^^^^^^^^\n", "  File \"/opt/render/project/src/.venv/lib/python3.11/site-packages/django/shortcuts.py\", line 25, in render\n    content = loader.render_to_string(template_name, context, request, using=using)\n              ^^^^^^^^^^^^^^^^^^^^^^^^^^^^^^^^^^^^^^^^^^^^^^^^^^^^^^^^^^^^^^^^^^^^^\n", "  File \"/opt/render/project/src/.venv/lib/python3.11/site-packages/django/template/loader.py\", line 62, in render_to_string\n    return template.render(context, request)\n           ^^^^^^^^^^^^^^^^^^^^^^^^^^^^^^^^^\n", "  File \"/opt/render/project/src/.venv/lib/python3.11/site-packages/django/template/backends/django.py\", line 107, in render\n    return self.template.render(context)\n           ^^^^^^^^^^^^^^^^^^^^^^^^^^^^^\n", "  File \"/opt/render/project/src/.venv/lib/python3.11/site-packages/django/template/base.py\", line 171, in render\n    return self._render(context)\n           ^^^^^^^^^^^^^^^^^^^^^\n", "  File \"/opt/render/project/src/.venv/lib/python3.11/site-packages/django/template/base.py\", line 163, in _render\n    return self.nodelist.render(context)\n           ^^^^^^^^^^^^^^^^^^^^^^^^^^^^^\n", "  File \"/opt/render/project/src/.venv/lib/python3.11/site-packages/django/template/base.py\", line 1016, in render\n    return SafeString(\"\".join([node.render_annotated(context) for node in self]))\n                              ^^^^^^^^^^^^^^^^^^^^^^^^^^^^^^^^^^^^^^^^^^^^^^^^^\n", "  File \"/opt/render/project/src/.venv/lib/python3.11/site-packages/django/template/base.py\", line 1016, in <listcomp>\n    return SafeString(\"\".join([node.render_annotated(context) for node in self]))\n                               ^^^^^^^^^^^^^^^^^^^^^^^^^^^^^^\n", "  File \"/opt/render/project/src/.venv/lib/python3.11/site-packages/django/template/base.py\", line 977, in render_annotated\n    return self.render(context)\n           ^^^^^^^^^^^^^^^^^^^^\n", "  File \"/opt/render/project/src/.venv/lib/python3.11/site-packages/django/template/loader_tags.py\", line 159, in render\n    return compiled_parent._render(context)\n           ^^^^^^^^^^^^^^^^^^^^^^^^^^^^^^^^\n", "  File \"/opt/render/project/src/.venv/lib/python3.11/site-packages/django/template/base.py\", line 163, in _render\n    return self.nodelist.render(context)\n           ^^^^^^^^^^^^^^^^^^^^^^^^^^^^^\n", "  File \"/opt/render/project/src/.venv/lib/python3.11/site-packages/django/template/base.py\", line 1016, in render\n    return SafeString(\"\".join([node.render_annotated(context) for node in self]))\n                              ^^^^^^^^^^^^^^^^^^^^^^^^^^^^^^^^^^^^^^^^^^^^^^^^^\n", "  File \"/opt/render/project/src/.venv/lib/python3.11/site-packages/django/template/base.py\", line 1016, in <listcomp>\n    return SafeString(\"\".join([node.render_annotated(context) for node in self]))\n                               ^^^^^^^^^^^^^^^^^^^^^^^^^^^^^^\n", "  File \"/opt/render/project/src/.venv/lib/python3.11/site-packages/django/template/base.py\", line 977, in render_annotated\n    return self.render(context)\n           ^^^^^^^^^^^^^^^^^^^^\n", "  File \"/opt/render/project/src/.venv/lib/python3.11/site-packages/django/template/loader_tags.py\", line 65, in render\n    result = block.nodelist.render(context)\n             ^^^^^^^^^^^^^^^^^^^^^^^^^^^^^^\n", "  File \"/opt/render/project/src/.venv/lib/python3.11/site-packages/django/template/base.py\", line 1016, in render\n    return SafeString(\"\".join([node.render_annotated(context) for node in self]))\n                              ^^^^^^^^^^^^^^^^^^^^^^^^^^^^^^^^^^^^^^^^^^^^^^^^^\n", "  File \"/opt/render/project/src/.venv/lib/python3.11/site-packages/django/template/base.py\", line 1016, in <listcomp>\n    return SafeString(\"\".join([node.render_annotated(context) for node in self]))\n                               ^^^^^^^^^^^^^^^^^^^^^^^^^^^^^^\n", "  File \"/opt/render/project/src/.venv/lib/python3.11/site-packages/django/template/base.py\", line 977, in render_annotated\n    return self.render(context)\n           ^^^^^^^^^^^^^^^^^^^^\n", "  File \"/opt/render/project/src/.venv/lib/python3.11/site-packages/django/template/defaulttags.py\", line 480, in render\n    url = reverse(view_name, args=args, kwargs=kwargs, current_app=current_app)\n          ^^^^^^^^^^^^^^^^^^^^^^^^^^^^^^^^^^^^^^^^^^^^^^^^^^^^^^^^^^^^^^^^^^^^^\n", "  File \"/opt/render/project/src/.venv/lib/python3.11/site-packages/django/urls/base.py\", line 98, in reverse\n    resolved_url = resolver._reverse_with_prefix(view, prefix, *args, **kwargs)\n                   ^^^^^^^^^^^^^^^^^^^^^^^^^^^^^^^^^^^^^^^^^^^^^^^^^^^^^^^^^^^^\n", "  File \"/opt/render/project/src/.venv/lib/python3.11/site-packages/django/urls/resolvers.py\", line 831, in _reverse_with_prefix\n    raise NoReverseMatch(msg)\n", "django.urls.exceptions.NoReverseMatch: Reverse for 'newsletter_subscribe' not found. 'newsletter_subscribe' is not a valid view function or pattern name.\n", "\nDuring handling of the above exception, another exception occurred:\n\n", "Traceback (most recent call last):\n", "  File \"/opt/render/project/src/.venv/lib/python3.11/site-packages/django/core/handlers/exception.py\", line 55, in inner\n    response = get_response(request)\n               ^^^^^^^^^^^^^^^^^^^^^\n", "  File \"/opt/render/project/src/.venv/lib/python3.11/site-packages/django/utils/deprecation.py\", line 120, in __call__\n    response = response or self.get_response(request)\n                           ^^^^^^^^^^^^^^^^^^^^^^^^^^\n", "  File \"/opt/render/project/src/.venv/lib/python3.11/site-packages/django/core/handlers/exception.py\", line 57, in inner\n    response = response_for_exception(request, exc)\n               ^^^^^^^^^^^^^^^^^^^^^^^^^^^^^^^^^^^^\n", "  File \"/opt/render/project/src/.venv/lib/python3.11/site-packages/django/core/handlers/exception.py\", line 141, in response_for_exception\n    response = handle_uncaught_exception(\n               ^^^^^^^^^^^^^^^^^^^^^^^^^^\n", "  File \"/opt/render/project/src/.venv/lib/python3.11/site-packages/django/core/handlers/exception.py\", line 186, in handle_uncaught_exception\n    return callback(request)\n           ^^^^^^^^^^^^^^^^^\n", "  File \"/opt/render/project/src/invoices/views.py\", line 1090, in custom_500\n    return render(request, \"errors/500.html\", status=500)\n           ^^^^^^^^^^^^^^^^^^^^^^^^^^^^^^^^^^^^^^^^^^^^^^\n", "  File \"/opt/render/project/src/.venv/lib/python3.11/site-packages/django/shortcuts.py\", line 25, in render\n    content = loader.render_to_string(template_name, context, request, using=using)\n              ^^^^^^^^^^^^^^^^^^^^^^^^^^^^^^^^^^^^^^^^^^^^^^^^^^^^^^^^^^^^^^^^^^^^^\n", "  File \"/opt/render/project/src/.venv/lib/python3.11/site-packages/django/template/loader.py\", line 62, in render_to_string\n    return template.render(context, request)\n           ^^^^^^^^^^^^^^^^^^^^^^^^^^^^^^^^^\n", "  File \"/opt/render/project/src/.venv/lib/python3.11/site-packages/django/template/backends/django.py\", line 107, in render\n    return self.template.render(context)\n           ^^^^^^^^^^^^^^^^^^^^^^^^^^^^^\n", "  File \"/opt/render/project/src/.venv/lib/python3.11/site-packages/django/template/base.py\", line 171, in render\n    return self._render(context)\n           ^^^^^^^^^^^^^^^^^^^^^\n", "  File \"/opt/render/project/src/.venv/lib/python3.11/site-packages/django/template/base.py\", line 163, in _render\n    return self.nodelist.render(context)\n           ^^^^^^^^^^^^^^^^^^^^^^^^^^^^^\n", "  File \"/opt/render/project/src/.venv/lib/python3.11/site-packages/django/template/base.py\", line 1016, in render\n    return SafeString(\"\".join([node.render_annotated(context) for node in self]))\n                              ^^^^^^^^^^^^^^^^^^^^^^^^^^^^^^^^^^^^^^^^^^^^^^^^^\n", "  File \"/opt/render/project/src/.venv/lib/python3.11/site-packages/django/template/base.py\", line 1016, in <listcomp>\n    return SafeString(\"\".join([node.render_annotated(context) for node in self]))\n                               ^^^^^^^^^^^^^^^^^^^^^^^^^^^^^^\n", "  File \"/opt/render/project/src/.venv/lib/python3.11/site-packages/django/template/base.py\", line 977, in render_annotated\n    return self.render(context)\n           ^^^^^^^^^^^^^^^^^^^^\n", "  File \"/opt/render/project/src/.venv/lib/python3.11/site-packages/django/template/loader_tags.py\", line 159, in render\n    return compiled_parent._render(context)\n           ^^^^^^^^^^^^^^^^^^^^^^^^^^^^^^^^\n", "  File \"/opt/render/project/src/.venv/lib/python3.11/site-packages/django/template/base.py\", line 163, in _render\n    return self.nodelist.render(context)\n           ^^^^^^^^^^^^^^^^^^^^^^^^^^^^^\n", "  File \"/opt/render/project/src/.venv/lib/python3.11/site-packages/django/template/base.py\", line 1016, in render\n    return SafeString(\"\".join([node.render_annotated(context) for node in self]))\n                              ^^^^^^^^^^^^^^^^^^^^^^^^^^^^^^^^^^^^^^^^^^^^^^^^^\n", "  File \"/opt/render/project/src/.venv/lib/python3.11/site-packages/django/template/base.py\", line 1016, in <listcomp>\n    return SafeString(\"\".join([node.render_annotated(context) for node in self]))\n                               ^^^^^^^^^^^^^^^^^^^^^^^^^^^^^^\n", "  File \"/opt/render/project/src/.venv/lib/python3.11/site-packages/django/template/base.py\", line 977, in render_annotated\n    return self.render(context)\n           ^^^^^^^^^^^^^^^^^^^^\n", "  File \"/opt/render/project/src/.venv/lib/python3.11/site-packages/django/template/loader_tags.py\", line 65, in render\n    result = block.nodelist.render(context)\n             ^^^^^^^^^^^^^^^^^^^^^^^^^^^^^^\n", "  File \"/opt/render/project/src/.venv/lib/python3.11/site-packages/django/template/base.py\", line 1016, in render\n    return SafeString(\"\".join([node.render_annotated(context) for node in self]))\n                              ^^^^^^^^^^^^^^^^^^^^^^^^^^^^^^^^^^^^^^^^^^^^^^^^^\n", "  File \"/opt/render/project/src/.venv/lib/python3.11/site-packages/django/template/base.py\", line 1016, in <listcomp>\n    return SafeString(\"\".join([node.render_annotated(context) for node in self]))\n                               ^^^^^^^^^^^^^^^^^^^^^^^^^^^^^^\n", "  File \"/opt/render/project/src/.venv/lib/python3.11/site-packages/django/template/base.py\", line 977, in render_annotated\n    return self.render(context)\n           ^^^^^^^^^^^^^^^^^^^^\n", "  File \"/opt/render/project/src/.venv/lib/python3.11/site-packages/django/template/defaulttags.py\", line 480, in render\n    url = reverse(view_name, args=args, kwargs=kwargs, current_app=current_app)\n          ^^^^^^^^^^^^^^^^^^^^^^^^^^^^^^^^^^^^^^^^^^^^^^^^^^^^^^^^^^^^^^^^^^^^^\n", "  File \"/opt/render/project/src/.venv/lib/python3.11/site-packages/django/urls/base.py\", line 98, in reverse\n    resolved_url = resolver._reverse_with_prefix(view, prefix, *args, **kwargs)\n                   ^^^^^^^^^^^^^^^^^^^^^^^^^^^^^^^^^^^^^^^^^^^^^^^^^^^^^^^^^^^^\n", "  File \"/opt/render/project/src/.venv/lib/python3.11/site-packages/django/urls/resolvers.py\", line 831, in _reverse_with_prefix\n    raise NoReverseMatch(msg)\n", "django.urls.exceptions.NoReverseMatch: Reverse for 'newsletter_subscribe' not found. 'newsletter_subscribe' is not a valid view function or pattern name.\n", "\nDuring handling of the above exception, another exception occurred:\n\n", "Traceback (most recent call last):\n", "  File \"/opt/render/project/src/.venv/lib/python3.11/site-packages/django/core/handlers/exception.py\", line 55, in inner\n    response = get_response(request)\n               ^^^^^^^^^^^^^^^^^^^^^\n", "  File \"/opt/render/project/src/invoiceflow/unified_middleware.py\", line 184, in __call__\n    return self.get_response(request)\n           ^^^^^^^^^^^^^^^^^^^^^^^^^^\n", "  File \"/opt/render/project/src/.venv/lib/python3.11/site-packages/django/core/handlers/exception.py\", line 57, in inner\n    response = response_for_exception(request, exc)\n               ^^^^^^^^^^^^^^^^^^^^^^^^^^^^^^^^^^^^\n", "  File \"/opt/render/project/src/.venv/lib/python3.11/site-packages/django/core/handlers/exception.py\", line 141, in response_for_exception\n    response = handle_uncaught_exception(\n               ^^^^^^^^^^^^^^^^^^^^^^^^^^\n", "  File \"/opt/render/project/src/.venv/lib/python3.11/site-packages/django/core/handlers/exception.py\", line 186, in handle_uncaught_exception\n    return callback(request)\n           ^^^^^^^^^^^^^^^^^\n", "  File \"/opt/render/project/src/invoices/views.py\", line 1090, in custom_500\n    return render(request, \"errors/500.html\", status=500)\n           ^^^^^^^^^^^^^^^^^^^^^^^^^^^^^^^^^^^^^^^^^^^^^^\n", "  File \"/opt/render/project/src/.venv/lib/python3.11/site-packages/django/shortcuts.py\", line 25, in render\n    content = loader.render_to_string(template_name, context, request, using=using)\n              ^^^^^^^^^^^^^^^^^^^^^^^^^^^^^^^^^^^^^^^^^^^^^^^^^^^^^^^^^^^^^^^^^^^^^\n", "  File \"/opt/render/project/src/.venv/lib/python3.11/site-packages/django/template/loader.py\", line 62, in render_to_string\n    return template.render(context, request)\n           ^^^^^^^^^^^^^^^^^^^^^^^^^^^^^^^^^\n", "  File \"/opt/render/project/src/.venv/lib/python3.11/site-packages/django/template/backends/django.py\", line 107, in render\n    return self.template.render(context)\n           ^^^^^^^^^^^^^^^^^^^^^^^^^^^^^\n", "  File \"/opt/render/project/src/.venv/lib/python3.11/site-packages/django/template/base.py\", line 171, in render\n    return self._render(context)\n           ^^^^^^^^^^^^^^^^^^^^^\n", "  File \"/opt/render/project/src/.venv/lib/python3.11/site-packages/django/template/base.py\", line 163, in _render\n    return self.nodelist.render(context)\n           ^^^^^^^^^^^^^^^^^^^^^^^^^^^^^\n", "  File \"/opt/render/project/src/.venv/lib/python3.11/site-packages/django/template/base.py\", line 1016, in render\n    return SafeString(\"\".join([node.render_annotated(context) for node in self]))\n                              ^^^^^^^^^^^^^^^^^^^^^^^^^^^^^^^^^^^^^^^^^^^^^^^^^\n", "  File \"/opt/render/project/src/.venv/lib/python3.11/site-packages/django/template/base.py\", line 1016, in <listcomp>\n    return SafeString(\"\".join([node.render_annotated(context) for node in self]))\n                               ^^^^^^^^^^^^^^^^^^^^^^^^^^^^^^\n", "  File \"/opt/render/project/src/.venv/lib/python3.11/site-packages/django/template/base.py\", line 977, in render_annotated\n    return self.render(context)\n           ^^^^^^^^^^^^^^^^^^^^\n", "  File \"/opt/render/project/src/.venv/lib/python3.11/site-packages/django/template/loader_tags.py\", line 159, in render\n    return compiled_parent._render(context)\n           ^^^^^^^^^^^^^^^^^^^^^^^^^^^^^^^^\n", "  File \"/opt/render/project/src/.venv/lib/python3.11/site-packages/django/template/base.py\", line 163, in _render\n    return self.nodelist.render(context)\n           ^^^^^^^^^^^^^^^^^^^^^^^^^^^^^\n", "  File \"/opt/render/project/src/.venv/lib/python3.11/site-packages/django/template/base.py\", line 1016, in render\n    return SafeString(\"\".join([node.render_annotated(context) for node in self]))\n                              ^^^^^^^^^^^^^^^^^^^^^^^^^^^^^^^^^^^^^^^^^^^^^^^^^\n", "  File \"/opt/render/project/src/.venv/lib/python3.11/site-packages/django/template/base.py\", line 1016, in <listcomp>\n    return SafeString(\"\".join([node.render_annotated(context) for node in self]))\n                               ^^^^^^^^^^^^^^^^^^^^^^^^^^^^^^\n", "  File \"/opt/render/project/src/.venv/lib/python3.11/site-packages/django/template/base.py\", line 977, in render_annotated\n    return self.render(context)\n           ^^^^^^^^^^^^^^^^^^^^\n", "  File \"/opt/render/project/src/.venv/lib/python3.11/site-packages/django/template/loader_tags.py\", line 65, in render\n    result = block.nodelist.render(context)\n             ^^^^^^^^^^^^^^^^^^^^^^^^^^^^^^\n", "  File \"/opt/render/project/src/.venv/lib/python3.11/site-packages/django/template/base.py\", line 1016, in render\n    return SafeString(\"\".join([node.render_annotated(context) for node in self]))\n                              ^^^^^^^^^^^^^^^^^^^^^^^^^^^^^^^^^^^^^^^^^^^^^^^^^\n", "  File \"/opt/render/project/src/.venv/lib/python3.11/site-packages/django/template/base.py\", line 1016, in <listcomp>\n    return SafeString(\"\".join([node.render_annotated(context) for node in self]))\n                               ^^^^^^^^^^^^^^^^^^^^^^^^^^^^^^\n", "  File \"/opt/render/project/src/.venv/lib/python3.11/site-packages/django/template/base.py\", line 977, in render_annotated\n    return self.render(context)\n           ^^^^^^^^^^^^^^^^^^^^\n", "  File \"/opt/render/project/src/.venv/lib/python3.11/site-packages/django/template/defaulttags.py\", line 480, in render\n    url = reverse(view_name, args=args, kwargs=kwargs, current_app=current_app)\n          ^^^^^^^^^^^^^^^^^^^^^^^^^^^^^^^^^^^^^^^^^^^^^^^^^^^^^^^^^^^^^^^^^^^^^\n", "  File \"/opt/render/project/src/.venv/lib/python3.11/site-packages/django/urls/base.py\", line 98, in reverse\n    resolved_url = resolver._reverse_with_prefix(view, prefix, *args, **kwargs)\n                   ^^^^^^^^^^^^^^^^^^^^^^^^^^^^^^^^^^^^^^^^^^^^^^^^^^^^^^^^^^^^\n", "  File \"/opt/render/project/src/.venv/lib/python3.11/site-packages/django/urls/resolvers.py\", line 831, in _reverse_with_prefix\n    raise NoReverseMatch(msg)\n", "django.urls.exceptions.NoReverseMatch: Reverse for 'newsletter_subscribe' not found. 'newsletter_subscribe' is not a valid view function or pattern name.\n", "\nDuring handling of the above exception, another exception occurred:\n\n", "Traceback (most recent call last):\n", "  File \"/opt/render/project/src/.venv/lib/python3.11/site-packages/django/core/handlers/exception.py\", line 55, in inner\n    response = get_response(request)\n               ^^^^^^^^^^^^^^^^^^^^^\n", "  File \"/opt/render/project/src/invoiceflow/unified_middleware.py\", line 55, in __call__\n    response = self.get_response(request)\n               ^^^^^^^^^^^^^^^^^^^^^^^^^^\n", "  File \"/opt/render/project/src/.venv/lib/python3.11/site-packages/django/core/handlers/exception.py\", line 57, in inner\n    response = response_for_exception(request, exc)\n               ^^^^^^^^^^^^^^^^^^^^^^^^^^^^^^^^^^^^\n", "  File \"/opt/render/project/src/.venv/lib/python3.11/site-packages/django/core/handlers/exception.py\", line 141, in response_for_exception\n    response = handle_uncaught_exception(\n               ^^^^^^^^^^^^^^^^^^^^^^^^^^\n", "  File \"/opt/render/project/src/.venv/lib/python3.11/site-packages/django/core/handlers/exception.py\", line 186, in handle_uncaught_exception\n    return callback(request)\n           ^^^^^^^^^^^^^^^^^\n", "  File \"/opt/render/project/src/invoices/views.py\", line 1090, in custom_500\n    return render(request, \"errors/500.html\", status=500)\n           ^^^^^^^^^^^^^^^^^^^^^^^^^^^^^^^^^^^^^^^^^^^^^^\n", "  File \"/opt/render/project/src/.venv/lib/python3.11/site-packages/django/shortcuts.py\", line 25, in render\n    content = loader.render_to_string(template_name, context, request, using=using)\n              ^^^^^^^^^^^^^^^^^^^^^^^^^^^^^^^^^^^^^^^^^^^^^^^^^^^^^^^^^^^^^^^^^^^^^\n", "  File \"/opt/render/project/src/.venv/lib/python3.11/site-packages/django/template/loader.py\", line 62, in render_to_string\n    return template.render(context, request)\n           ^^^^^^^^^^^^^^^^^^^^^^^^^^^^^^^^^\n", "  File \"/opt/render/project/src/.venv/lib/python3.11/site-packages/django/template/backends/django.py\", line 107, in render\n    return self.template.render(context)\n           ^^^^^^^^^^^^^^^^^^^^^^^^^^^^^\n", "  File \"/opt/render/project/src/.venv/lib/python3.11/site-packages/django/template/base.py\", line 171, in render\n    return self._render(context)\n           ^^^^^^^^^^^^^^^^^^^^^\n", "  File \"/opt/render/project/src/.venv/lib/python3.11/site-packages/django/template/base.py\", line 163, in _render\n    return self.nodelist.render(context)\n           ^^^^^^^^^^^^^^^^^^^^^^^^^^^^^\n", "  File \"/opt/render/project/src/.venv/lib/python3.11/site-packages/django/template/base.py\", line 1016, in render\n    return SafeString(\"\".join([node.render_annotated(context) for node in self]))\n                              ^^^^^^^^^^^^^^^^^^^^^^^^^^^^^^^^^^^^^^^^^^^^^^^^^\n", "  File \"/opt/render/project/src/.venv/lib/python3.11/site-packages/django/template/base.py\", line 1016, in <listcomp>\n    return SafeString(\"\".join([node.render_annotated(context) for node in self]))\n                               ^^^^^^^^^^^^^^^^^^^^^^^^^^^^^^\n", "  File \"/opt/render/project/src/.venv/lib/python3.11/site-packages/django/template/base.py\", line 977, in render_annotated\n    return self.render(context)\n           ^^^^^^^^^^^^^^^^^^^^\n", "  File \"/opt/render/project/src/.venv/lib/python3.11/site-packages/django/template/loader_tags.py\", line 159, in render\n    return compiled_parent._render(context)\n           ^^^^^^^^^^^^^^^^^^^^^^^^^^^^^^^^\n", "  File \"/opt/render/project/src/.venv/lib/python3.11/site-packages/django/template/base.py\", line 163, in _render\n    return self.nodelist.render(context)\n           ^^^^^^^^^^^^^^^^^^^^^^^^^^^^^\n", "  File \"/opt/render/project/src/.venv/lib/python3.11/site-packages/django/template/base.py\", line 1016, in render\n    return SafeString(\"\".join([node.render_annotated(context) for node in self]))\n                              ^^^^^^^^^^^^^^^^^^^^^^^^^^^^^^^^^^^^^^^^^^^^^^^^^\n", "  File \"/opt/render/project/src/.venv/lib/python3.11/site-packages/django/template/base.py\", line 1016, in <listcomp>\n    return SafeString(\"\".join([node.render_annotated(context) for node in self]))\n                               ^^^^^^^^^^^^^^^^^^^^^^^^^^^^^^\n", "  File \"/opt/render/project/src/.venv/lib/python3.11/site-packages/django/template/base.py\", line 977, in render_annotated\n    return self.render(context)\n           ^^^^^^^^^^^^^^^^^^^^\n", "  File \"/opt/render/project/src/.venv/lib/python3.11/site-packages/django/template/loader_tags.py\", line 65, in render\n    result = block.nodelist.render(context)\n             ^^^^^^^^^^^^^^^^^^^^^^^^^^^^^^\n", "  File \"/opt/render/project/src/.venv/lib/python3.11/site-packages/django/template/base.py\", line 1016, in render\n    return SafeString(\"\".join([node.render_annotated(context) for node in self]))\n                              ^^^^^^^^^^^^^^^^^^^^^^^^^^^^^^^^^^^^^^^^^^^^^^^^^\n", "  File \"/opt/render/project/src/.venv/lib/python3.11/site-packages/django/template/base.py\", line 1016, in <listcomp>\n    return SafeString(\"\".join([node.render_annotated(context) for node in self]))\n                               ^^^^^^^^^^^^^^^^^^^^^^^^^^^^^^\n", "  File \"/opt/render/project/src/.venv/lib/python3.11/site-packages/django/template/base.py\", line 977, in render_annotated\n    return self.render(context)\n           ^^^^^^^^^^^^^^^^^^^^\n", "  File \"/opt/render/project/src/.venv/lib/python3.11/site-packages/django/template/defaulttags.py\", line 480, in render\n    url = reverse(view_name, args=args, kwargs=kwargs, current_app=current_app)\n          ^^^^^^^^^^^^^^^^^^^^^^^^^^^^^^^^^^^^^^^^^^^^^^^^^^^^^^^^^^^^^^^^^^^^^\n", "  File \"/opt/render/project/src/.venv/lib/python3.11/site-packages/django/urls/base.py\", line 98, in reverse\n    resolved_url = resolver._reverse_with_prefix(view, prefix, *args, **kwargs)\n                   ^^^^^^^^^^^^^^^^^^^^^^^^^^^^^^^^^^^^^^^^^^^^^^^^^^^^^^^^^^^^\n", "  File \"/opt/render/project/src/.venv/lib/python3.11/site-packages/django/urls/resolvers.py\", line 831, in _reverse_with_prefix\n    raise NoReverseMatch(msg)\n", "django.urls.exceptions.NoReverseMatch: Reverse for 'newsletter_subscribe' not found. 'newsletter_subscribe' is not a valid view function or pattern name.\n", "\nDuring handling of the above exception, another exception occurred:\n\n", "Traceback (most recent call last):\n", "  File \"/opt/render/project/src/.venv/lib/python3.11/site-packages/django/core/handlers/exception.py\", line 55, in inner\n    response = get_response(request)\n               ^^^^^^^^^^^^^^^^^^^^^\n", "  File \"/opt/render/project/src/.venv/lib/python3.11/site-packages/whitenoise/middleware.py\", line 123, in __call__\n    return self.get_response(request)\n           ^^^^^^^^^^^^^^^^^^^^^^^^^^\n", "  File \"/opt/render/project/src/.venv/lib/python3.11/site-packages/django/core/handlers/exception.py\", line 57, in inner\n    response = response_for_exception(request, exc)\n               ^^^^^^^^^^^^^^^^^^^^^^^^^^^^^^^^^^^^\n", "  File \"/opt/render/project/src/.venv/lib/python3.11/site-packages/django/core/handlers/exception.py\", line 141, in response_for_exception\n    response = handle_uncaught_exception(\n               ^^^^^^^^^^^^^^^^^^^^^^^^^^\n", "  File \"/opt/render/project/src/.venv/lib/python3.11/site-packages/django/core/handlers/exception.py\", line 186, in handle_uncaught_exception\n    return callback(request)\n           ^^^^^^^^^^^^^^^^^\n", "  File \"/opt/render/project/src/invoices/views.py\", line 1090, in custom_500\n    return render(request, \"errors/500.html\", status=500)\n           ^^^^^^^^^^^^^^^^^^^^^^^^^^^^^^^^^^^^^^^^^^^^^^\n", "  File \"/opt/render/project/src/.venv/lib/python3.11/site-packages/django/shortcuts.py\", line 25, in render\n    content = loader.render_to_string(template_name, context, request, using=using)\n              ^^^^^^^^^^^^^^^^^^^^^^^^^^^^^^^^^^^^^^^^^^^^^^^^^^^^^^^^^^^^^^^^^^^^^\n", "  File \"/opt/render/project/src/.venv/lib/python3.11/site-packages/django/template/loader.py\", line 62, in render_to_string\n    return template.render(context, request)\n           ^^^^^^^^^^^^^^^^^^^^^^^^^^^^^^^^^\n", "  File \"/opt/render/project/src/.venv/lib/python3.11/site-packages/django/template/backends/django.py\", line 107, in render\n    return self.template.render(context)\n           ^^^^^^^^^^^^^^^^^^^^^^^^^^^^^\n", "  File \"/opt/render/project/src/.venv/lib/python3.11/site-packages/django/template/base.py\", line 171, in render\n    return self._render(context)\n           ^^^^^^^^^^^^^^^^^^^^^\n", "  File \"/opt/render/project/src/.venv/lib/python3.11/site-packages/django/template/base.py\", line 163, in _render\n    return self.nodelist.render(context)\n           ^^^^^^^^^^^^^^^^^^^^^^^^^^^^^\n", "  File \"/opt/render/project/src/.venv/lib/python3.11/site-packages/django/template/base.py\", line 1016, in render\n    return SafeString(\"\".join([node.render_annotated(context) for node in self]))\n                              ^^^^^^^^^^^^^^^^^^^^^^^^^^^^^^^^^^^^^^^^^^^^^^^^^\n", "  File \"/opt/render/project/src/.venv/lib/python3.11/site-packages/django/template/base.py\", line 1016, in <listcomp>\n    return SafeString(\"\".join([node.render_annotated(context) for node in self]))\n                               ^^^^^^^^^^^^^^^^^^^^^^^^^^^^^^\n", "  File \"/opt/render/project/src/.venv/lib/python3.11/site-packages/django/template/base.py\", line 977, in render_annotated\n    return self.render(context)\n           ^^^^^^^^^^^^^^^^^^^^\n", "  File \"/opt/render/project/src/.venv/lib/python3.11/site-packages/django/template/loader_tags.py\", line 159, in render\n    return compiled_parent._render(context)\n           ^^^^^^^^^^^^^^^^^^^^^^^^^^^^^^^^\n", "  File \"/opt/render/project/src/.venv/lib/python3.11/site-packages/django/template/base.py\", line 163, in _render\n    return self.nodelist.render(context)\n           ^^^^^^^^^^^^^^^^^^^^^^^^^^^^^\n", "  File \"/opt/render/project/src/.venv/lib/python3.11/site-packages/django/template/base.py\", line 1016, in render\n    return SafeString(\"\".join([node.render_annotated(context) for node in self]))\n                              ^^^^^^^^^^^^^^^^^^^^^^^^^^^^^^^^^^^^^^^^^^^^^^^^^\n", "  File \"/opt/render/project/src/.venv/lib/python3.11/site-packages/django/template/base.py\", line 1016, in <listcomp>\n    return SafeString(\"\".join([node.render_annotated(context) for node in self]))\n                               ^^^^^^^^^^^^^^^^^^^^^^^^^^^^^^\n", "  File \"/opt/render/project/src/.venv/lib/python3.11/site-packages/django/template/base.py\", line 977, in render_annotated\n    return self.render(context)\n           ^^^^^^^^^^^^^^^^^^^^\n", "  File \"/opt/render/project/src/.venv/lib/python3.11/site-packages/django/template/loader_tags.py\", line 65, in render\n    result = block.nodelist.render(context)\n             ^^^^^^^^^^^^^^^^^^^^^^^^^^^^^^\n", "  File \"/opt/render/project/src/.venv/lib/python3.11/site-packages/django/template/base.py\", line 1016, in render\n    return SafeString(\"\".join([node.render_annotated(context) for node in self]))\n                              ^^^^^^^^^^^^^^^^^^^^^^^^^^^^^^^^^^^^^^^^^^^^^^^^^\n", "  File \"/opt/render/project/src/.venv/lib/python3.11/site-packages/django/template/base.py\", line 1016, in <listcomp>\n    return SafeString(\"\".join([node.render_annotated(context) for node in self]))\n                               ^^^^^^^^^^^^^^^^^^^^^^^^^^^^^^\n", "  File \"/opt/render/project/src/.venv/lib/python3.11/site-packages/django/template/base.py\", line 977, in render_annotated\n    return self.render(context)\n           ^^^^^^^^^^^^^^^^^^^^\n", "  File \"/opt/render/project/src/.venv/lib/python3.11/site-packages/django/template/defaulttags.py\", line 480, in render\n    url = reverse(view_name, args=args, kwargs=kwargs, current_app=current_app)\n          ^^^^^^^^^^^^^^^^^^^^^^^^^^^^^^^^^^^^^^^^^^^^^^^^^^^^^^^^^^^^^^^^^^^^^\n", "  File \"/opt/render/project/src/.venv/lib/python3.11/site-packages/django/urls/base.py\", line 98, in reverse\n    resolved_url = resolver._reverse_with_prefix(view, prefix, *args, **kwargs)\n                   ^^^^^^^^^^^^^^^^^^^^^^^^^^^^^^^^^^^^^^^^^^^^^^^^^^^^^^^^^^^^\n", "  File \"/opt/render/project/src/.venv/lib/python3.11/site-packages/django/urls/resolvers.py\", line 831, in _reverse_with_prefix\n    raise NoReverseMatch(msg)\n", "django.urls.exceptions.NoReverseMatch: Reverse for 'newsletter_subscribe' not found. 'newsletter_subscribe' is not a valid view function or pattern name.\n", "\nDuring handling of the above exception, another exception occurred:\n\n", "Traceback (most recent call last):\n", "  File \"/opt/render/project/src/.venv/lib/python3.11/site-packages/django/core/handlers/exception.py\", line 55, in inner\n    response = get_response(request)\n               ^^^^^^^^^^^^^^^^^^^^^\n", "  File \"/opt/render/project/src/.venv/lib/python3.11/site-packages/django/utils/deprecation.py\", line 120, in __call__\n    response = response or self.get_response(request)\n                           ^^^^^^^^^^^^^^^^^^^^^^^^^^\n", "  File \"/opt/render/project/src/.venv/lib/python3.11/site-packages/django/core/handlers/exception.py\", line 57, in inner\n    response = response_for_exception(request, exc)\n               ^^^^^^^^^^^^^^^^^^^^^^^^^^^^^^^^^^^^\n", "  File \"/opt/render/project/src/.venv/lib/python3.11/site-packages/django/core/handlers/exception.py\", line 141, in response_for_exception\n    response = handle_uncaught_exception(\n               ^^^^^^^^^^^^^^^^^^^^^^^^^^\n", "  File \"/opt/render/project/src/.venv/lib/python3.11/site-packages/django/core/handlers/exception.py\", line 186, in handle_uncaught_exception\n    return callback(request)\n           ^^^^^^^^^^^^^^^^^\n", "  File \"/opt/render/project/src/invoices/views.py\", line 1090, in custom_500\n    return render(request, \"errors/500.html\", status=500)\n           ^^^^^^^^^^^^^^^^^^^^^^^^^^^^^^^^^^^^^^^^^^^^^^\n", "  File \"/opt/render/project/src/.venv/lib/python3.11/site-packages/django/shortcuts.py\", line 25, in render\n    content = loader.render_to_string(template_name, context, request, using=using)\n              ^^^^^^^^^^^^^^^^^^^^^^^^^^^^^^^^^^^^^^^^^^^^^^^^^^^^^^^^^^^^^^^^^^^^^\n", "  File \"/opt/render/project/src/.venv/lib/python3.11/site-packages/django/template/loader.py\", line 62, in render_to_string\n    return template.render(context, request)\n           ^^^^^^^^^^^^^^^^^^^^^^^^^^^^^^^^^\n", "  File \"/opt/render/project/src/.venv/lib/python3.11/site-packages/django/template/backends/django.py\", line 107, in render\n    return self.template.render(context)\n           ^^^^^^^^^^^^^^^^^^^^^^^^^^^^^\n", "  File \"/opt/render/project/src/.venv/lib/python3.11/site-packages/django/template/base.py\", line 171, in render\n    return self._render(context)\n           ^^^^^^^^^^^^^^^^^^^^^\n", "  File \"/opt/render/project/src/.venv/lib/python3.11/site-packages/django/template/base.py\", line 163, in _render\n    return self.nodelist.render(context)\n           ^^^^^^^^^^^^^^^^^^^^^^^^^^^^^\n", "  File \"/opt/render/project/src/.venv/lib/python3.11/site-packages/django/template/base.py\", line 1016, in render\n    return SafeString(\"\".join([node.render_annotated(context) for node in self]))\n                              ^^^^^^^^^^^^^^^^^^^^^^^^^^^^^^^^^^^^^^^^^^^^^^^^^\n", "  File \"/opt/render/project/src/.venv/lib/python3.11/site-packages/django/template/base.py\", line 1016, in <listcomp>\n    return SafeString(\"\".join([node.render_annotated(context) for node in self]))\n                               ^^^^^^^^^^^^^^^^^^^^^^^^^^^^^^\n", "  File \"/opt/render/project/src/.venv/lib/python3.11/site-packages/django/template/base.py\", line 977, in render_annotated\n    return self.render(context)\n           ^^^^^^^^^^^^^^^^^^^^\n", "  File \"/opt/render/project/src/.venv/lib/python3.11/site-packages/django/template/loader_tags.py\", line 159, in render\n    return compiled_parent._render(context)\n           ^^^^^^^^^^^^^^^^^^^^^^^^^^^^^^^^\n", "  File \"/opt/render/project/src/.venv/lib/python3.11/site-packages/django/template/base.py\", line 163, in _render\n    return self.nodelist.render(context)\n           ^^^^^^^^^^^^^^^^^^^^^^^^^^^^^\n", "  File \"/opt/render/project/src/.venv/lib/python3.11/site-packages/django/template/base.py\", line 1016, in render\n    return SafeString(\"\".join([node.render_annotated(context) for node in self]))\n                              ^^^^^^^^^^^^^^^^^^^^^^^^^^^^^^^^^^^^^^^^^^^^^^^^^\n", "  File \"/opt/render/project/src/.venv/lib/python3.11/site-packages/django/template/base.py\", line 1016, in <listcomp>\n    return SafeString(\"\".join([node.render_annotated(context) for node in self]))\n                               ^^^^^^^^^^^^^^^^^^^^^^^^^^^^^^\n", "  File \"/opt/render/project/src/.venv/lib/python3.11/site-packages/django/template/base.py\", line 977, in render_annotated\n    return self.render(context)\n           ^^^^^^^^^^^^^^^^^^^^\n", "  File \"/opt/render/project/src/.venv/lib/python3.11/site-packages/django/template/loader_tags.py\", line 65, in render\n    result = block.nodelist.render(context)\n             ^^^^^^^^^^^^^^^^^^^^^^^^^^^^^^\n", "  File \"/opt/render/project/src/.venv/lib/python3.11/site-packages/django/template/base.py\", line 1016, in render\n    return SafeString(\"\".join([node.render_annotated(context) for node in self]))\n                              ^^^^^^^^^^^^^^^^^^^^^^^^^^^^^^^^^^^^^^^^^^^^^^^^^\n", "  File \"/opt/render/project/src/.venv/lib/python3.11/site-packages/django/template/base.py\", line 1016, in <listcomp>\n    return SafeString(\"\".join([node.render_annotated(context) for node in self]))\n                               ^^^^^^^^^^^^^^^^^^^^^^^^^^^^^^\n", "  File \"/opt/render/project/src/.venv/lib/python3.11/site-packages/django/template/base.py\", line 977, in render_annotated\n    return self.render(context)\n           ^^^^^^^^^^^^^^^^^^^^\n", "  File \"/opt/render/project/src/.venv/lib/python3.11/site-packages/django/template/defaulttags.py\", line 480, in render\n    url = reverse(view_name, args=args, kwargs=kwargs, current_app=current_app)\n          ^^^^^^^^^^^^^^^^^^^^^^^^^^^^^^^^^^^^^^^^^^^^^^^^^^^^^^^^^^^^^^^^^^^^^\n", "  File \"/opt/render/project/src/.venv/lib/python3.11/site-packages/django/urls/base.py\", line 98, in reverse\n    resolved_url = resolver._reverse_with_prefix(view, prefix, *args, **kwargs)\n                   ^^^^^^^^^^^^^^^^^^^^^^^^^^^^^^^^^^^^^^^^^^^^^^^^^^^^^^^^^^^^\n", "  File \"/opt/render/project/src/.venv/lib/python3.11/site-packages/django/urls/resolvers.py\", line 831, in _reverse_with_prefix\n    raise NoReverseMatch(msg)\n", "django.urls.exceptions.NoReverseMatch: Reverse for 'newsletter_subscribe' not found. 'newsletter_subscribe' is not a valid view function or pattern name.\n", "\nDuring handling of the above exception, another exception occurred:\n\n", "Traceback (most recent call last):\n", "  File \"/opt/render/project/src/.venv/lib/python3.11/site-packages/gunicorn/workers/gthread.py\", line 281, in handle\n    keepalive = self.handle_request(req, conn)\n                ^^^^^^^^^^^^^^^^^^^^^^^^^^^^^^\n", "  File \"/opt/render/project/src/.venv/lib/python3.11/site-packages/gunicorn/workers/gthread.py\", line 333, in handle_request\n    respiter = self.wsgi(environ, resp.start_response)\n               ^^^^^^^^^^^^^^^^^^^^^^^^^^^^^^^^^^^^^^^\n", "  File \"/opt/render/project/src/.venv/lib/python3.11/site-packages/django/core/handlers/wsgi.py\", line 124, in __call__\n    response = self.get_response(request)\n               ^^^^^^^^^^^^^^^^^^^^^^^^^^\n", "  File \"/opt/render/project/src/.venv/lib/python3.11/site-packages/django/core/handlers/base.py\", line 140, in get_response\n    response = self._middleware_chain(request)\n               ^^^^^^^^^^^^^^^^^^^^^^^^^^^^^^^\n", "  File \"/opt/render/project/src/.venv/lib/python3.11/site-packages/django/core/handlers/exception.py\", line 57, in inner\n    response = response_for_exception(request, exc)\n               ^^^^^^^^^^^^^^^^^^^^^^^^^^^^^^^^^^^^\n", "  File \"/opt/render/project/src/.venv/lib/python3.11/site-packages/django/core/handlers/exception.py\", line 141, in response_for_exception\n    response = handle_uncaught_exception(\n               ^^^^^^^^^^^^^^^^^^^^^^^^^^\n", "  File \"/opt/render/project/src/.venv/lib/python3.11/site-packages/django/core/handlers/exception.py\", line 186, in handle_uncaught_exception\n    return callback(request)\n           ^^^^^^^^^^^^^^^^^\n", "  File \"/opt/render/project/src/invoices/views.py\", line 1090, in custom_500\n    return render(request, \"errors/500.html\", status=500)\n           ^^^^^^^^^^^^^^^^^^^^^^^^^^^^^^^^^^^^^^^^^^^^^^\n", "  File \"/opt/render/project/src/.venv/lib/python3.11/site-packages/django/shortcuts.py\", line 25, in render\n    content = loader.render_to_string(template_name, context, request, using=using)\n              ^^^^^^^^^^^^^^^^^^^^^^^^^^^^^^^^^^^^^^^^^^^^^^^^^^^^^^^^^^^^^^^^^^^^^\n", "  File \"/opt/render/project/src/.venv/lib/python3.11/site-packages/django/template/loader.py\", line 62, in render_to_string\n    return template.render(context, request)\n           ^^^^^^^^^^^^^^^^^^^^^^^^^^^^^^^^^\n", "  File \"/opt/render/project/src/.venv/lib/python3.11/site-packages/django/template/backends/django.py\", line 107, in render\n    return self.template.render(context)\n           ^^^^^^^^^^^^^^^^^^^^^^^^^^^^^\n", "  File \"/opt/render/project/src/.venv/lib/python3.11/site-packages/django/template/base.py\", line 171, in render\n    return self._render(context)\n           ^^^^^^^^^^^^^^^^^^^^^\n", "  File \"/opt/render/project/src/.venv/lib/python3.11/site-packages/django/template/base.py\", line 163, in _render\n    return self.nodelist.render(context)\n           ^^^^^^^^^^^^^^^^^^^^^^^^^^^^^\n", "  File \"/opt/render/project/src/.venv/lib/python3.11/site-packages/django/template/base.py\", line 1016, in render\n    return SafeString(\"\".join([node.render_annotated(context) for node in self]))\n                              ^^^^^^^^^^^^^^^^^^^^^^^^^^^^^^^^^^^^^^^^^^^^^^^^^\n", "  File \"/opt/render/project/src/.venv/lib/python3.11/site-packages/django/template/base.py\", line 1016, in <listcomp>\n    return SafeString(\"\".join([node.render_annotated(context) for node in self]))\n                               ^^^^^^^^^^^^^^^^^^^^^^^^^^^^^^\n", "  File \"/opt/render/project/src/.venv/lib/python3.11/site-packages/django/template/base.py\", line 977, in render_annotated\n    return self.render(context)\n           ^^^^^^^^^^^^^^^^^^^^\n", "  File \"/opt/render/project/src/.venv/lib/python3.11/site-packages/django/template/loader_tags.py\", line 159, in render\n    return compiled_parent._render(context)\n           ^^^^^^^^^^^^^^^^^^^^^^^^^^^^^^^^\n", "  File \"/opt/render/project/src/.venv/lib/python3.11/site-packages/django/template/base.py\", line 163, in _render\n    return self.nodelist.render(context)\n           ^^^^^^^^^^^^^^^^^^^^^^^^^^^^^\n", "  File \"/opt/render/project/src/.venv/lib/python3.11/site-packages/django/template/base.py\", line 1016, in render\n    return SafeString(\"\".join([node.render_annotated(context) for node in self]))\n                              ^^^^^^^^^^^^^^^^^^^^^^^^^^^^^^^^^^^^^^^^^^^^^^^^^\n", "  File \"/opt/render/project/src/.venv/lib/python3.11/site-packages/django/template/base.py\", line 1016, in <listcomp>\n    return SafeString(\"\".join([node.render_annotated(context) for node in self]))\n                               ^^^^^^^^^^^^^^^^^^^^^^^^^^^^^^\n", "  File \"/opt/render/project/src/.venv/lib/python3.11/site-packages/django/template/base.py\", line 977, in render_annotated\n    return self.render(context)\n           ^^^^^^^^^^^^^^^^^^^^\n", "  File \"/opt/render/project/src/.venv/lib/python3.11/site-packages/django/template/loader_tags.py\", line 65, in render\n    result = block.nodelist.render(context)\n             ^^^^^^^^^^^^^^^^^^^^^^^^^^^^^^\n", "  File \"/opt/render/project/src/.venv/lib/python3.11/site-packages/django/template/base.py\", line 1016, in render\n    return SafeString(\"\".join([node.render_annotated(context) for node in self]))\n                              ^^^^^^^^^^^^^^^^^^^^^^^^^^^^^^^^^^^^^^^^^^^^^^^^^\n", "  File \"/opt/render/project/src/.venv/lib/python3.11/site-packages/django/template/base.py\", line 1016, in <listcomp>\n    return SafeString(\"\".join([node.render_annotated(context) for node in self]))\n                               ^^^^^^^^^^^^^^^^^^^^^^^^^^^^^^\n", "  File \"/opt/render/project/src/.venv/lib/python3.11/site-packages/django/template/base.py\", line 977, in render_annotated\n    return self.render(context)\n           ^^^^^^^^^^^^^^^^^^^^\n", "  File \"/opt/render/project/src/.venv/lib/python3.11/site-packages/django/template/defaulttags.py\", line 480, in render\n    url = reverse(view_name, args=args, kwargs=kwargs, current_app=current_app)\n          ^^^^^^^^^^^^^^^^^^^^^^^^^^^^^^^^^^^^^^^^^^^^^^^^^^^^^^^^^^^^^^^^^^^^^\n", "  File \"/opt/render/project/src/.venv/lib/python3.11/site-packages/django/urls/base.py\", line 98, in reverse\n    resolved_url = resolver._reverse_with_prefix(view, prefix, *args, **kwargs)\n                   ^^^^^^^^^^^^^^^^^^^^^^^^^^^^^^^^^^^^^^^^^^^^^^^^^^^^^^^^^^^^\n", "  File \"/opt/render/project/src/.venv/lib/python3.11/site-packages/django/urls/resolvers.py\", line 831, in _reverse_with_prefix\n    raise NoReverseMatch(msg)\n", "django.urls.exceptions.NoReverseMatch: Reverse for 'newsletter_subscribe' not found. 'newsletter_subscribe' is not a valid view function or pattern name.\n"]}}