{"timestamp": "2025-12-08T03:47:47.566468+00:00", "level": "ERROR", "logger": "django.request", "message": "Internal Server Error: /contact/", "module": "log", "function": "log_response", "line": 253, "process_id": 117, "thread_id": 128355313641152, "exception": {"type": "ProgrammingError", "message": "relation \"django_cache\" does not exist\nLINE 1: SELECT \"cache_key\", \"value\", \"expires\" FROM \"django_cache\" W...\n                                                    ^\n", "traceback": ["Traceback (most recent call last):\n", "  File \"/opt/render/project/src/.venv/lib/python3.13/site-packages/django/db/backends/utils.py\", line 105, in _execute\n    return self.cursor.execute(sql, params)\n           ~~~~~~~~~~~~~~~~~~~^^^^^^^^^^^^^\n", "psycopg2.errors.UndefinedTable: relation \"django_cache\" does not exist\nLINE 1: SELECT \"cache_key\", \"value\", \"expires\" FROM \"django_cache\" W...\n                                                    ^\n\n", "\nThe above exception was the direct cause of the following exception:\n\n", "Traceback (most recent call last):\n", "  File \"/opt/render/project/src/.venv/lib/python3.13/site-packages/django/core/handlers/exception.py\", line 55, in inner\n    response = get_response(request)\n", "  File \"/opt/render/project/src/.venv/lib/python3.13/site-packages/django/core/handlers/base.py\", line 197, in _get_response\n    response = wrapped_callback(request, *callback_args, **callback_kwargs)\n", "  File \"/opt/render/project/src/invoices/views.py\", line 627, in contact\n    submission_count = cache.get(rate_limit_key, 0)\n", "  File \"/opt/render/project/src/.venv/lib/python3.13/site-packages/django/core/cache/backends/db.py\", line 53, in get\n    return self.get_many([key], version).get(key, default)\n           ~~~~~~~~~~~~~^^^^^^^^^^^^^^^^\n", "  File \"/opt/render/project/src/.venv/lib/python3.13/site-packages/django/core/cache/backends/db.py\", line 69, in get_many\n    cursor.execute(\n    ~~~~~~~~~~~~~~^\n        \"SELECT %s, %s, %s FROM %s WHERE %s IN (%s)\"\n        ^^^^^^^^^^^^^^^^^^^^^^^^^^^^^^^^^^^^^^^^^^^^\n    ...<8 lines>...\n        list(key_map),\n        ^^^^^^^^^^^^^^\n    )\n    ^\n", "  File \"/opt/render/project/src/.venv/lib/python3.13/site-packages/django/db/backends/utils.py\", line 79, in execute\n    return self._execute_with_wrappers(\n           ~~~~~~~~~~~~~~~~~~~~~~~~~~~^\n        sql, params, many=False, executor=self._execute\n        ^^^^^^^^^^^^^^^^^^^^^^^^^^^^^^^^^^^^^^^^^^^^^^^\n    )\n    ^\n", "  File \"/opt/render/project/src/.venv/lib/python3.13/site-packages/django/db/backends/utils.py\", line 92, in _execute_with_wrappers\n    return executor(sql, params, many, context)\n", "  File \"/opt/render/project/src/.venv/lib/python3.13/site-packages/django/db/backends/utils.py\", line 100, in _execute\n    with self.db.wrap_database_errors:\n         ^^^^^^^^^^^^^^^^^^^^^^^^^^^^\n", "  File \"/opt/render/project/src/.venv/lib/python3.13/site-packages/django/db/utils.py\", line 91, in __exit__\n    raise dj_exc_value.with_traceback(traceback) from exc_value\n", "  File \"/opt/render/project/src/.venv/lib/python3.13/site-packages/django/db/backends/utils.py\", line 105, in _execute\n    return self.cursor.execute(sql, params)\n           ~~~~~~~~~~~~~~~~~~~^^^^^^^^^^^^^\n", "django.db.utils.ProgrammingError: relation \"django_cache\" does not exist\nLINE 1: SELECT \"cache_key\", \"value\", \"expires\" FROM \"django_cache\" W...\n                                                    ^\n\n"]}, "extra": {"taskName": null, "status_code": 500, "request": "<WSGIRequest: GET '/contact/'>"}}