Fix the found errors on render logs 
/opt/render/project/src/.venv/lib/python3.11/site-packages/django/db/backends/utils.py:98: RuntimeWarning: Accessing the database during app initialization is discouraged. To fix this warning, avoid executing queries in AppConfig.ready() or when your app modules are imported.
  warnings.warn(self.APPS_NOT_READY_WARNING_MSG, category=RuntimeWarning)
{"timestamp": "2025-12-06T20:56:51.898511+00:00", "level": "ERROR", "logger": "django.request", "message": "Internal Server Error: /", "module": "log", "function": "log_response", "line": 253, "process_id": 116, "thread_id": 129292884416192, "exception": {"type": "AttributeError", "message": "'WSGIRequest' object has no attribute 'user'", "traceback": ["Traceback (most recent call last):\n", "  File \"/opt/render/project/src/.venv/lib/python3.11/site-packages/django/core/handlers/exception.py\", line 55, in inner\n    response = get_response(request)\n               ^^^^^^^^^^^^^^^^^^^^^\n", "  File \"/opt/render/project/src/invoiceflow/unified_middleware.py\", line 65, in __call__\n    self._log_request(request, response, duration_ms)\n", "  File \"/opt/render/project/src/invoiceflow/unified_middleware.py\", line 109, in _log_request\n    \"user\": request.user.username if request.user.is_authenticated else \"anonymous\",\n                                     ^^^^^^^^^^^^\n", "AttributeError: 'WSGIRequest' object has no attribute 'user'\n"]}, "extra": {"status_code": 500, "request": "<WSGIRequest: GET '/'>"}}
{"timestamp": "2025-12-06T20:56:51.894852+00:00", "level": "ERROR", "logger": "django.request", "message": "Internal Server Error: /", "module": "log", "function": "log_response", "line": 253, "process_id": 116, "thread_id": 129292884416192, "exception": {"type": "ProgrammingError", "message": "relation \"django_cache\" does not exist\nLINE 1: SELECT \"cache_key\", \"value\", \"expires\" FROM \"django_cache\" W...\n                                                    ^\n", "traceback": ["Traceback (most recent call last):\n", "  File \"/opt/render/project/src/.venv/lib/python3.11/site-packages/django/db/backends/utils.py\", line 105, in _execute\n    return self.cursor.execute(sql, params)\n           ^^^^^^^^^^^^^^^^^^^^^^^^^^^^^^^^\n", "psycopg2.errors.UndefinedTable: relation \"django_cache\" does not exist\nLINE 1: SELECT \"cache_key\", \"value\", \"expires\" FROM \"django_cache\" W...\n                                                    ^\n\n", "\nThe above exception was the direct cause of the following exception:\n\n", "Traceback (most recent call last):\n", "  File \"/opt/render/project/src/.venv/lib/python3.11/site-packages/django/core/handlers/exception.py\", line 55, in inner\n    response = get_response(request)\n               ^^^^^^^^^^^^^^^^^^^^^\n", "  File \"/opt/render/project/src/invoiceflow/unified_middleware.py\", line 193, in __call__\n    is_limited, limit_info = self._check_rate_limit(\n                             ^^^^^^^^^^^^^^^^^^^^^^^\n", "  File \"/opt/render/project/src/invoiceflow/unified_middleware.py\", line 288, in _check_rate_limit\n    global_minute_count = cache.get(global_minute_key, 0)\n                          ^^^^^^^^^^^^^^^^^^^^^^^^^^^^^^^\n", "  File \"/opt/render/project/src/.venv/lib/python3.11/site-packages/django/core/cache/backends/db.py\", line 53, in get\n    return self.get_many([key], version).get(key, default)\n           ^^^^^^^^^^^^^^^^^^^^^^^^^^^^^\n", "  File \"/opt/render/project/src/.venv/lib/python3.11/site-packages/django/core/cache/backends/db.py\", line 69, in get_many\n    cursor.execute(\n", "  File \"/opt/render/project/src/.venv/lib/python3.11/site-packages/django/db/backends/utils.py\", line 79, in execute\n    return self._execute_with_wrappers(\n           ^^^^^^^^^^^^^^^^^^^^^^^^^^^^\n", "  File \"/opt/render/project/src/.venv/lib/python3.11/site-packages/django/db/backends/utils.py\", line 92, in _execute_with_wrappers\n    return executor(sql, params, many, context)\n           ^^^^^^^^^^^^^^^^^^^^^^^^^^^^^^^^^^^^\n", "  File \"/opt/render/project/src/.venv/lib/python3.11/site-packages/django/db/backends/utils.py\", line 100, in _execute\n    with self.db.wrap_database_errors:\n", "  File \"/opt/render/project/src/.venv/lib/python3.11/site-packages/django/db/utils.py\", line 91, in __exit__\n    raise dj_exc_value.with_traceback(traceback) from exc_value\n", "  File \"/opt/render/project/src/.venv/lib/python3.11/site-packages/django/db/backends/utils.py\", line 105, in _execute\n    return self.cursor.execute(sql, params)\n           ^^^^^^^^^^^^^^^^^^^^^^^^^^^^^^^^\n", "django.db.utils.ProgrammingError: relation \"django_cache\" does not exist\nLINE 1: SELECT \"cache_key\", \"value\", \"expires\" FROM \"django_cache\" W...\n                                                    ^\n\n"]}, "extra": {"status_code": 500, "request": "<WSGIRequest: GET '/'>"}}